[0.085s] Invoking command in '/home/akshaj/Desktop/ros-lab/ros-lab/build/tutorial_interfaces': CMAKE_PREFIX_PATH=/opt/ros/humble /usr/bin/cmake /home/akshaj/Desktop/ros-lab/ros-lab/src/tutorial_interfaces -DCMAKE_INSTALL_PREFIX=/home/akshaj/Desktop/ros-lab/ros-lab/install/tutorial_interfaces
[1.325s] -- The C compiler identification is GNU 11.4.0
[1.325s] -- The CXX compiler identification is GNU 11.4.0
[1.325s] -- Detecting C compiler ABI info
[1.325s] -- Detecting C compiler ABI info - done
[1.326s] -- Check for working C compiler: /usr/bin/cc - skipped
[1.326s] -- Detecting C compile features
[1.326s] -- Detecting C compile features - done
[1.326s] -- Detecting CXX compiler ABI info
[1.326s] -- Detecting CXX compiler ABI info - done
[1.327s] -- Check for working CXX compiler: /usr/bin/c++ - skipped
[1.329s] -- Detecting CXX compile features
[1.329s] -- Detecting CXX compile features - done
[1.329s] -- Found ament_cmake: 1.3.11 (/opt/ros/humble/share/ament_cmake/cmake)
[1.329s] -- Found Python3: /usr/bin/python3 (found version "3.10.12") found components: Interpreter 
[1.330s] -- Found geometry_msgs: 4.8.0 (/opt/ros/humble/share/geometry_msgs/cmake)
[1.330s] -- Found rosidl_generator_c: 3.1.6 (/opt/ros/humble/share/rosidl_generator_c/cmake)
[1.332s] -- Found rosidl_adapter: 3.1.6 (/opt/ros/humble/share/rosidl_adapter/cmake)
[1.333s] -- Found rosidl_generator_cpp: 3.1.6 (/opt/ros/humble/share/rosidl_generator_cpp/cmake)
[1.334s] -- Using all available rosidl_typesupport_c: rosidl_typesupport_fastrtps_c;rosidl_typesupport_introspection_c
[1.335s] -- Using all available rosidl_typesupport_cpp: rosidl_typesupport_fastrtps_cpp;rosidl_typesupport_introspection_cpp
[1.342s] -- Found rosidl_default_generators: 1.2.0 (/opt/ros/humble/share/rosidl_default_generators/cmake)
[1.863s] -- Found ament_cmake_ros: 0.10.0 (/opt/ros/humble/share/ament_cmake_ros/cmake)
[2.911s] -- Using all available rosidl_typesupport_c: rosidl_typesupport_fastrtps_c;rosidl_typesupport_introspection_c
[3.215s] -- Using all available rosidl_typesupport_cpp: rosidl_typesupport_fastrtps_cpp;rosidl_typesupport_introspection_cpp
[3.256s] -- Found PythonInterp: /usr/bin/python3 (found suitable version "3.10.12", minimum required is "3.6") 
[3.260s] -- Found python_cmake_module: 0.10.0 (/opt/ros/humble/share/python_cmake_module/cmake)
[3.306s] -- Found PythonLibs: /usr/lib/x86_64-linux-gnu/libpython3.10.so (found suitable version "3.10.12", minimum required is "3.5") 
[3.307s] -- Using PYTHON_EXECUTABLE: /usr/bin/python3
[3.307s] -- Using PYTHON_INCLUDE_DIRS: /usr/include/python3.10
[3.307s] -- Using PYTHON_LIBRARIES: /usr/lib/x86_64-linux-gnu/libpython3.10.so
[3.357s] -- Found PythonExtra: .so  
[3.482s] -- Found ament_lint_auto: 0.12.12 (/opt/ros/humble/share/ament_lint_auto/cmake)
[3.523s] -- Added test 'copyright' to check source files copyright and LICENSE
[3.527s] -- Added test 'lint_cmake' to check CMake code style
[3.530s] -- Added test 'xmllint' to check XML markup files
[3.534s] -- Configuring done
[3.614s] -- Generating done
[3.637s] -- Build files have been written to: /home/akshaj/Desktop/ros-lab/ros-lab/build/tutorial_interfaces
[3.674s] Invoked command in '/home/akshaj/Desktop/ros-lab/ros-lab/build/tutorial_interfaces' returned '0': CMAKE_PREFIX_PATH=/opt/ros/humble /usr/bin/cmake /home/akshaj/Desktop/ros-lab/ros-lab/src/tutorial_interfaces -DCMAKE_INSTALL_PREFIX=/home/akshaj/Desktop/ros-lab/ros-lab/install/tutorial_interfaces
[3.675s] Invoking command in '/home/akshaj/Desktop/ros-lab/ros-lab/build/tutorial_interfaces': CMAKE_PREFIX_PATH=/opt/ros/humble /usr/bin/cmake --build /home/akshaj/Desktop/ros-lab/ros-lab/build/tutorial_interfaces -- -j12 -l12
[3.892s] [  1%] [34m[1mGenerating C code for ROS interfaces[0m
[3.893s] [  3%] [34m[1mGenerating C++ code for ROS interfaces[0m
[3.913s] [  3%] Built target ament_cmake_python_copy_tutorial_interfaces
[4.378s] running egg_info
[4.407s] creating tutorial_interfaces.egg-info
[4.411s] writing tutorial_interfaces.egg-info/PKG-INFO
[4.411s] writing dependency_links to tutorial_interfaces.egg-info/dependency_links.txt
[4.412s] writing top-level names to tutorial_interfaces.egg-info/top_level.txt
[4.413s] writing manifest file 'tutorial_interfaces.egg-info/SOURCES.txt'
[4.500s] reading manifest file 'tutorial_interfaces.egg-info/SOURCES.txt'
[4.502s] writing manifest file 'tutorial_interfaces.egg-info/SOURCES.txt'
[4.582s] [  3%] Built target ament_cmake_python_build_tutorial_interfaces_egg
[4.867s] [  3%] Built target tutorial_interfaces__cpp
[4.892s] [  5%] [34m[1mGenerating C++ type support dispatch for ROS interfaces[0m
[4.912s] [  7%] [34m[1mGenerating C++ introspection for ROS interfaces[0m
[4.914s] [  9%] [34m[1mGenerating C++ type support for eProsima Fast-RTPS[0m
[5.074s] [ 10%] [32mBuilding C object CMakeFiles/tutorial_interfaces__rosidl_generator_c.dir/rosidl_generator_c/tutorial_interfaces/msg/detail/sphere__functions.c.o[0m
[5.087s] [ 12%] [32mBuilding C object CMakeFiles/tutorial_interfaces__rosidl_generator_c.dir/rosidl_generator_c/tutorial_interfaces/msg/detail/num__functions.c.o[0m
[5.087s] [ 14%] [32mBuilding C object CMakeFiles/tutorial_interfaces__rosidl_generator_c.dir/rosidl_generator_c/tutorial_interfaces/srv/detail/add_three_ints__functions.c.o[0m
[5.087s] [ 16%] [32mBuilding C object CMakeFiles/tutorial_interfaces__rosidl_generator_c.dir/rosidl_generator_c/tutorial_interfaces/srv/detail/set_velocity_turtle__functions.c.o[0m
[5.335s] [ 18%] [32m[1mLinking C shared library libtutorial_interfaces__rosidl_generator_c.so[0m
[5.486s] [ 18%] Built target tutorial_interfaces__rosidl_generator_c
[5.537s] [ 20%] [34m[1mGenerating C introspection for ROS interfaces[0m
[5.548s] [ 21%] [34m[1mGenerating C type support for eProsima Fast-RTPS[0m
[5.558s] [ 23%] [34m[1mGenerating C type support dispatch for ROS interfaces[0m
[5.877s] [ 25%] [32mBuilding CXX object CMakeFiles/tutorial_interfaces__rosidl_typesupport_cpp.dir/rosidl_typesupport_cpp/tutorial_interfaces/msg/num__type_support.cpp.o[0m
[5.892s] [ 27%] [32mBuilding CXX object CMakeFiles/tutorial_interfaces__rosidl_typesupport_cpp.dir/rosidl_typesupport_cpp/tutorial_interfaces/msg/sphere__type_support.cpp.o[0m
[5.903s] [ 29%] [32mBuilding CXX object CMakeFiles/tutorial_interfaces__rosidl_typesupport_cpp.dir/rosidl_typesupport_cpp/tutorial_interfaces/srv/add_three_ints__type_support.cpp.o[0m
[5.913s] [ 30%] [32mBuilding CXX object CMakeFiles/tutorial_interfaces__rosidl_typesupport_cpp.dir/rosidl_typesupport_cpp/tutorial_interfaces/srv/set_velocity_turtle__type_support.cpp.o[0m
[6.601s] [ 32%] [32mBuilding CXX object CMakeFiles/tutorial_interfaces__rosidl_typesupport_fastrtps_cpp.dir/rosidl_typesupport_fastrtps_cpp/tutorial_interfaces/msg/detail/dds_fastrtps/num__type_support.cpp.o[0m
[6.614s] [ 34%] [32mBuilding CXX object CMakeFiles/tutorial_interfaces__rosidl_typesupport_fastrtps_cpp.dir/rosidl_typesupport_fastrtps_cpp/tutorial_interfaces/msg/detail/dds_fastrtps/sphere__type_support.cpp.o[0m
[6.626s] [ 36%] [32mBuilding CXX object CMakeFiles/tutorial_interfaces__rosidl_typesupport_fastrtps_cpp.dir/rosidl_typesupport_fastrtps_cpp/tutorial_interfaces/srv/detail/dds_fastrtps/add_three_ints__type_support.cpp.o[0m
[6.642s] [ 38%] [32mBuilding CXX object CMakeFiles/tutorial_interfaces__rosidl_typesupport_fastrtps_cpp.dir/rosidl_typesupport_fastrtps_cpp/tutorial_interfaces/srv/detail/dds_fastrtps/set_velocity_turtle__type_support.cpp.o[0m
[6.827s] [ 40%] [32mBuilding CXX object CMakeFiles/tutorial_interfaces__rosidl_typesupport_introspection_cpp.dir/rosidl_typesupport_introspection_cpp/tutorial_interfaces/msg/detail/num__type_support.cpp.o[0m
[7.134s] [ 41%] [32mBuilding CXX object CMakeFiles/tutorial_interfaces__rosidl_typesupport_introspection_cpp.dir/rosidl_typesupport_introspection_cpp/tutorial_interfaces/msg/detail/sphere__type_support.cpp.o[0m
[7.184s] [ 43%] [32mBuilding CXX object CMakeFiles/tutorial_interfaces__rosidl_typesupport_c.dir/rosidl_typesupport_c/tutorial_interfaces/msg/num__type_support.cpp.o[0m
[7.373s] [ 45%] [32mBuilding CXX object CMakeFiles/tutorial_interfaces__rosidl_typesupport_c.dir/rosidl_typesupport_c/tutorial_interfaces/msg/sphere__type_support.cpp.o[0m
[7.374s] [ 47%] [32mBuilding CXX object CMakeFiles/tutorial_interfaces__rosidl_typesupport_introspection_cpp.dir/rosidl_typesupport_introspection_cpp/tutorial_interfaces/srv/detail/add_three_ints__type_support.cpp.o[0m
[7.477s] [ 49%] [32mBuilding CXX object CMakeFiles/tutorial_interfaces__rosidl_typesupport_c.dir/rosidl_typesupport_c/tutorial_interfaces/srv/add_three_ints__type_support.cpp.o[0m
[7.543s] [ 50%] [32mBuilding CXX object CMakeFiles/tutorial_interfaces__rosidl_typesupport_introspection_cpp.dir/rosidl_typesupport_introspection_cpp/tutorial_interfaces/srv/detail/set_velocity_turtle__type_support.cpp.o[0m
[7.639s] [ 52%] [32mBuilding CXX object CMakeFiles/tutorial_interfaces__rosidl_typesupport_c.dir/rosidl_typesupport_c/tutorial_interfaces/srv/set_velocity_turtle__type_support.cpp.o[0m
[7.683s] [ 54%] [32m[1mLinking CXX shared library libtutorial_interfaces__rosidl_typesupport_cpp.so[0m
[7.835s] [ 56%] [32m[1mLinking CXX shared library libtutorial_interfaces__rosidl_typesupport_c.so[0m
[7.945s] [ 56%] Built target tutorial_interfaces__rosidl_typesupport_cpp
[8.003s] [ 58%] [32mBuilding CXX object CMakeFiles/tutorial_interfaces__rosidl_typesupport_fastrtps_c.dir/rosidl_typesupport_fastrtps_c/tutorial_interfaces/msg/detail/num__type_support_c.cpp.o[0m
[8.029s] [ 60%] [32mBuilding CXX object CMakeFiles/tutorial_interfaces__rosidl_typesupport_fastrtps_c.dir/rosidl_typesupport_fastrtps_c/tutorial_interfaces/msg/detail/sphere__type_support_c.cpp.o[0m
[8.170s] [ 60%] Built target tutorial_interfaces__rosidl_typesupport_c
[8.182s] [ 61%] [32mBuilding C object CMakeFiles/tutorial_interfaces__rosidl_typesupport_introspection_c.dir/rosidl_typesupport_introspection_c/tutorial_interfaces/msg/detail/num__type_support.c.o[0m
[8.255s] [ 63%] [32mBuilding CXX object CMakeFiles/tutorial_interfaces__rosidl_typesupport_fastrtps_c.dir/rosidl_typesupport_fastrtps_c/tutorial_interfaces/srv/detail/add_three_ints__type_support_c.cpp.o[0m
[8.345s] [ 65%] [32mBuilding C object CMakeFiles/tutorial_interfaces__rosidl_typesupport_introspection_c.dir/rosidl_typesupport_introspection_c/tutorial_interfaces/msg/detail/sphere__type_support.c.o[0m
[8.414s] [ 67%] [32mBuilding CXX object CMakeFiles/tutorial_interfaces__rosidl_typesupport_fastrtps_c.dir/rosidl_typesupport_fastrtps_c/tutorial_interfaces/srv/detail/set_velocity_turtle__type_support_c.cpp.o[0m
[8.508s] [ 69%] [32mBuilding C object CMakeFiles/tutorial_interfaces__rosidl_typesupport_introspection_c.dir/rosidl_typesupport_introspection_c/tutorial_interfaces/srv/detail/add_three_ints__type_support.c.o[0m
[8.672s] [ 70%] [32mBuilding C object CMakeFiles/tutorial_interfaces__rosidl_typesupport_introspection_c.dir/rosidl_typesupport_introspection_c/tutorial_interfaces/srv/detail/set_velocity_turtle__type_support.c.o[0m
[8.831s] [ 72%] [32m[1mLinking C shared library libtutorial_interfaces__rosidl_typesupport_introspection_c.so[0m
[8.997s] [ 72%] Built target tutorial_interfaces__rosidl_typesupport_introspection_c
[9.203s] [ 74%] [32m[1mLinking CXX shared library libtutorial_interfaces__rosidl_typesupport_fastrtps_cpp.so[0m
[9.760s] [ 74%] Built target tutorial_interfaces__rosidl_typesupport_fastrtps_cpp
[9.760s] [ 76%] [32m[1mLinking CXX shared library libtutorial_interfaces__rosidl_typesupport_introspection_cpp.so[0m
[9.915s] [ 78%] [32m[1mLinking CXX shared library libtutorial_interfaces__rosidl_typesupport_fastrtps_c.so[0m
[10.143s] [ 78%] Built target tutorial_interfaces__rosidl_typesupport_introspection_cpp
[10.231s] [ 78%] Built target tutorial_interfaces__rosidl_typesupport_fastrtps_c
[10.263s] [ 78%] Built target tutorial_interfaces
[10.294s] [ 80%] [34m[1mGenerating Python code for ROS interfaces[0m
[10.935s] [ 80%] Built target tutorial_interfaces__py
[10.961s] [ 81%] [32mBuilding C object CMakeFiles/tutorial_interfaces__rosidl_generator_py.dir/rosidl_generator_py/tutorial_interfaces/srv/_set_velocity_turtle_s.c.o[0m
[10.961s] [ 83%] [32mBuilding C object CMakeFiles/tutorial_interfaces__rosidl_generator_py.dir/rosidl_generator_py/tutorial_interfaces/msg/_sphere_s.c.o[0m
[10.961s] [ 87%] [32mBuilding C object CMakeFiles/tutorial_interfaces__rosidl_generator_py.dir/rosidl_generator_py/tutorial_interfaces/msg/_num_s.c.o[0m
[10.961s] [ 87%] [32mBuilding C object CMakeFiles/tutorial_interfaces__rosidl_generator_py.dir/rosidl_generator_py/tutorial_interfaces/srv/_add_three_ints_s.c.o[0m
[11.108s] [ 89%] [32m[1mLinking C shared library rosidl_generator_py/tutorial_interfaces/libtutorial_interfaces__rosidl_generator_py.so[0m
[11.157s] [ 89%] Built target tutorial_interfaces__rosidl_generator_py
[11.182s] [ 90%] [32mBuilding C object CMakeFiles/tutorial_interfaces__rosidl_typesupport_fastrtps_c__pyext.dir/rosidl_generator_py/tutorial_interfaces/_tutorial_interfaces_s.ep.rosidl_typesupport_fastrtps_c.c.o[0m
[11.182s] [ 92%] [32mBuilding C object CMakeFiles/tutorial_interfaces__rosidl_typesupport_c__pyext.dir/rosidl_generator_py/tutorial_interfaces/_tutorial_interfaces_s.ep.rosidl_typesupport_c.c.o[0m
[11.182s] [ 94%] [32mBuilding C object CMakeFiles/tutorial_interfaces__rosidl_typesupport_introspection_c__pyext.dir/rosidl_generator_py/tutorial_interfaces/_tutorial_interfaces_s.ep.rosidl_typesupport_introspection_c.c.o[0m
[11.302s] [ 96%] [32m[1mLinking C shared library rosidl_generator_py/tutorial_interfaces/tutorial_interfaces_s__rosidl_typesupport_c.cpython-310-x86_64-linux-gnu.so[0m
[11.310s] [ 98%] [32m[1mLinking C shared library rosidl_generator_py/tutorial_interfaces/tutorial_interfaces_s__rosidl_typesupport_fastrtps_c.cpython-310-x86_64-linux-gnu.so[0m
[11.314s] [100%] [32m[1mLinking C shared library rosidl_generator_py/tutorial_interfaces/tutorial_interfaces_s__rosidl_typesupport_introspection_c.cpython-310-x86_64-linux-gnu.so[0m
[11.358s] [100%] Built target tutorial_interfaces__rosidl_typesupport_c__pyext
[11.367s] [100%] Built target tutorial_interfaces__rosidl_typesupport_fastrtps_c__pyext
[11.372s] [100%] Built target tutorial_interfaces__rosidl_typesupport_introspection_c__pyext
[11.393s] Invoked command in '/home/akshaj/Desktop/ros-lab/ros-lab/build/tutorial_interfaces' returned '0': CMAKE_PREFIX_PATH=/opt/ros/humble /usr/bin/cmake --build /home/akshaj/Desktop/ros-lab/ros-lab/build/tutorial_interfaces -- -j12 -l12
[11.395s] Invoking command in '/home/akshaj/Desktop/ros-lab/ros-lab/build/tutorial_interfaces': CMAKE_PREFIX_PATH=/opt/ros/humble /usr/bin/cmake --install /home/akshaj/Desktop/ros-lab/ros-lab/build/tutorial_interfaces
[11.406s] -- Install configuration: ""
[11.407s] -- Installing: /home/akshaj/Desktop/ros-lab/ros-lab/install/tutorial_interfaces/share/ament_index/resource_index/rosidl_interfaces/tutorial_interfaces
[11.407s] -- Installing: /home/akshaj/Desktop/ros-lab/ros-lab/install/tutorial_interfaces/include/tutorial_interfaces/tutorial_interfaces
[11.407s] -- Installing: /home/akshaj/Desktop/ros-lab/ros-lab/install/tutorial_interfaces/include/tutorial_interfaces/tutorial_interfaces/msg
[11.407s] -- Installing: /home/akshaj/Desktop/ros-lab/ros-lab/install/tutorial_interfaces/include/tutorial_interfaces/tutorial_interfaces/msg/detail
[11.407s] -- Installing: /home/akshaj/Desktop/ros-lab/ros-lab/install/tutorial_interfaces/include/tutorial_interfaces/tutorial_interfaces/msg/detail/sphere__functions.c
[11.407s] -- Installing: /home/akshaj/Desktop/ros-lab/ros-lab/install/tutorial_interfaces/include/tutorial_interfaces/tutorial_interfaces/msg/detail/num__struct.h
[11.408s] -- Installing: /home/akshaj/Desktop/ros-lab/ros-lab/install/tutorial_interfaces/include/tutorial_interfaces/tutorial_interfaces/msg/detail/num__functions.c
[11.408s] -- Installing: /home/akshaj/Desktop/ros-lab/ros-lab/install/tutorial_interfaces/include/tutorial_interfaces/tutorial_interfaces/msg/detail/sphere__struct.h
[11.408s] -- Installing: /home/akshaj/Desktop/ros-lab/ros-lab/install/tutorial_interfaces/include/tutorial_interfaces/tutorial_interfaces/msg/detail/sphere__functions.h
[11.408s] -- Installing: /home/akshaj/Desktop/ros-lab/ros-lab/install/tutorial_interfaces/include/tutorial_interfaces/tutorial_interfaces/msg/detail/sphere__type_support.h
[11.408s] -- Installing: /home/akshaj/Desktop/ros-lab/ros-lab/install/tutorial_interfaces/include/tutorial_interfaces/tutorial_interfaces/msg/detail/num__type_support.h
[11.409s] -- Installing: /home/akshaj/Desktop/ros-lab/ros-lab/install/tutorial_interfaces/include/tutorial_interfaces/tutorial_interfaces/msg/detail/num__functions.h
[11.409s] -- Installing: /home/akshaj/Desktop/ros-lab/ros-lab/install/tutorial_interfaces/include/tutorial_interfaces/tutorial_interfaces/msg/num.h
[11.409s] -- Installing: /home/akshaj/Desktop/ros-lab/ros-lab/install/tutorial_interfaces/include/tutorial_interfaces/tutorial_interfaces/msg/sphere.h
[11.409s] -- Installing: /home/akshaj/Desktop/ros-lab/ros-lab/install/tutorial_interfaces/include/tutorial_interfaces/tutorial_interfaces/msg/rosidl_generator_c__visibility_control.h
[11.409s] -- Installing: /home/akshaj/Desktop/ros-lab/ros-lab/install/tutorial_interfaces/include/tutorial_interfaces/tutorial_interfaces/srv
[11.410s] -- Installing: /home/akshaj/Desktop/ros-lab/ros-lab/install/tutorial_interfaces/include/tutorial_interfaces/tutorial_interfaces/srv/detail
[11.410s] -- Installing: /home/akshaj/Desktop/ros-lab/ros-lab/install/tutorial_interfaces/include/tutorial_interfaces/tutorial_interfaces/srv/detail/add_three_ints__type_support.h
[11.410s] -- Installing: /home/akshaj/Desktop/ros-lab/ros-lab/install/tutorial_interfaces/include/tutorial_interfaces/tutorial_interfaces/srv/detail/set_velocity_turtle__struct.h
[11.410s] -- Installing: /home/akshaj/Desktop/ros-lab/ros-lab/install/tutorial_interfaces/include/tutorial_interfaces/tutorial_interfaces/srv/detail/add_three_ints__functions.h
[11.410s] -- Installing: /home/akshaj/Desktop/ros-lab/ros-lab/install/tutorial_interfaces/include/tutorial_interfaces/tutorial_interfaces/srv/detail/set_velocity_turtle__functions.c
[11.411s] -- Installing: /home/akshaj/Desktop/ros-lab/ros-lab/install/tutorial_interfaces/include/tutorial_interfaces/tutorial_interfaces/srv/detail/add_three_ints__struct.h
[11.411s] -- Installing: /home/akshaj/Desktop/ros-lab/ros-lab/install/tutorial_interfaces/include/tutorial_interfaces/tutorial_interfaces/srv/detail/set_velocity_turtle__functions.h
[11.411s] -- Installing: /home/akshaj/Desktop/ros-lab/ros-lab/install/tutorial_interfaces/include/tutorial_interfaces/tutorial_interfaces/srv/detail/add_three_ints__functions.c
[11.412s] -- Installing: /home/akshaj/Desktop/ros-lab/ros-lab/install/tutorial_interfaces/include/tutorial_interfaces/tutorial_interfaces/srv/detail/set_velocity_turtle__type_support.h
[11.412s] -- Installing: /home/akshaj/Desktop/ros-lab/ros-lab/install/tutorial_interfaces/include/tutorial_interfaces/tutorial_interfaces/srv/set_velocity_turtle.h
[11.412s] -- Installing: /home/akshaj/Desktop/ros-lab/ros-lab/install/tutorial_interfaces/include/tutorial_interfaces/tutorial_interfaces/srv/add_three_ints.h
[11.412s] -- Installing: /home/akshaj/Desktop/ros-lab/ros-lab/install/tutorial_interfaces/share/tutorial_interfaces/environment/library_path.sh
[11.412s] -- Installing: /home/akshaj/Desktop/ros-lab/ros-lab/install/tutorial_interfaces/share/tutorial_interfaces/environment/library_path.dsv
[11.413s] -- Installing: /home/akshaj/Desktop/ros-lab/ros-lab/install/tutorial_interfaces/lib/libtutorial_interfaces__rosidl_generator_c.so
[11.413s] -- Set runtime path of "/home/akshaj/Desktop/ros-lab/ros-lab/install/tutorial_interfaces/lib/libtutorial_interfaces__rosidl_generator_c.so" to ""
[11.414s] -- Up-to-date: /home/akshaj/Desktop/ros-lab/ros-lab/install/tutorial_interfaces/include/tutorial_interfaces/tutorial_interfaces
[11.414s] -- Up-to-date: /home/akshaj/Desktop/ros-lab/ros-lab/install/tutorial_interfaces/include/tutorial_interfaces/tutorial_interfaces/msg
[11.414s] -- Up-to-date: /home/akshaj/Desktop/ros-lab/ros-lab/install/tutorial_interfaces/include/tutorial_interfaces/tutorial_interfaces/msg/detail
[11.414s] -- Installing: /home/akshaj/Desktop/ros-lab/ros-lab/install/tutorial_interfaces/include/tutorial_interfaces/tutorial_interfaces/msg/detail/num__rosidl_typesupport_fastrtps_c.h
[11.414s] -- Installing: /home/akshaj/Desktop/ros-lab/ros-lab/install/tutorial_interfaces/include/tutorial_interfaces/tutorial_interfaces/msg/detail/sphere__rosidl_typesupport_fastrtps_c.h
[11.414s] -- Installing: /home/akshaj/Desktop/ros-lab/ros-lab/install/tutorial_interfaces/include/tutorial_interfaces/tutorial_interfaces/msg/rosidl_typesupport_fastrtps_c__visibility_control.h
[11.414s] -- Up-to-date: /home/akshaj/Desktop/ros-lab/ros-lab/install/tutorial_interfaces/include/tutorial_interfaces/tutorial_interfaces/srv
[11.415s] -- Up-to-date: /home/akshaj/Desktop/ros-lab/ros-lab/install/tutorial_interfaces/include/tutorial_interfaces/tutorial_interfaces/srv/detail
[11.415s] -- Installing: /home/akshaj/Desktop/ros-lab/ros-lab/install/tutorial_interfaces/include/tutorial_interfaces/tutorial_interfaces/srv/detail/add_three_ints__rosidl_typesupport_fastrtps_c.h
[11.415s] -- Installing: /home/akshaj/Desktop/ros-lab/ros-lab/install/tutorial_interfaces/include/tutorial_interfaces/tutorial_interfaces/srv/detail/set_velocity_turtle__rosidl_typesupport_fastrtps_c.h
[11.415s] -- Installing: /home/akshaj/Desktop/ros-lab/ros-lab/install/tutorial_interfaces/lib/libtutorial_interfaces__rosidl_typesupport_fastrtps_c.so
[11.416s] -- Set runtime path of "/home/akshaj/Desktop/ros-lab/ros-lab/install/tutorial_interfaces/lib/libtutorial_interfaces__rosidl_typesupport_fastrtps_c.so" to ""
[11.416s] -- Up-to-date: /home/akshaj/Desktop/ros-lab/ros-lab/install/tutorial_interfaces/include/tutorial_interfaces/tutorial_interfaces
[11.416s] -- Up-to-date: /home/akshaj/Desktop/ros-lab/ros-lab/install/tutorial_interfaces/include/tutorial_interfaces/tutorial_interfaces/msg
[11.416s] -- Up-to-date: /home/akshaj/Desktop/ros-lab/ros-lab/install/tutorial_interfaces/include/tutorial_interfaces/tutorial_interfaces/msg/detail
[11.416s] -- Installing: /home/akshaj/Desktop/ros-lab/ros-lab/install/tutorial_interfaces/include/tutorial_interfaces/tutorial_interfaces/msg/detail/sphere__traits.hpp
[11.416s] -- Installing: /home/akshaj/Desktop/ros-lab/ros-lab/install/tutorial_interfaces/include/tutorial_interfaces/tutorial_interfaces/msg/detail/num__builder.hpp
[11.417s] -- Installing: /home/akshaj/Desktop/ros-lab/ros-lab/install/tutorial_interfaces/include/tutorial_interfaces/tutorial_interfaces/msg/detail/num__type_support.hpp
[11.417s] -- Installing: /home/akshaj/Desktop/ros-lab/ros-lab/install/tutorial_interfaces/include/tutorial_interfaces/tutorial_interfaces/msg/detail/sphere__builder.hpp
[11.417s] -- Installing: /home/akshaj/Desktop/ros-lab/ros-lab/install/tutorial_interfaces/include/tutorial_interfaces/tutorial_interfaces/msg/detail/num__traits.hpp
[11.417s] -- Installing: /home/akshaj/Desktop/ros-lab/ros-lab/install/tutorial_interfaces/include/tutorial_interfaces/tutorial_interfaces/msg/detail/sphere__type_support.hpp
[11.417s] -- Installing: /home/akshaj/Desktop/ros-lab/ros-lab/install/tutorial_interfaces/include/tutorial_interfaces/tutorial_interfaces/msg/detail/sphere__struct.hpp
[11.418s] -- Installing: /home/akshaj/Desktop/ros-lab/ros-lab/install/tutorial_interfaces/include/tutorial_interfaces/tutorial_interfaces/msg/detail/num__struct.hpp
[11.418s] -- Installing: /home/akshaj/Desktop/ros-lab/ros-lab/install/tutorial_interfaces/include/tutorial_interfaces/tutorial_interfaces/msg/num.hpp
[11.418s] -- Installing: /home/akshaj/Desktop/ros-lab/ros-lab/install/tutorial_interfaces/include/tutorial_interfaces/tutorial_interfaces/msg/sphere.hpp
[11.418s] -- Installing: /home/akshaj/Desktop/ros-lab/ros-lab/install/tutorial_interfaces/include/tutorial_interfaces/tutorial_interfaces/msg/rosidl_generator_cpp__visibility_control.hpp
[11.418s] -- Up-to-date: /home/akshaj/Desktop/ros-lab/ros-lab/install/tutorial_interfaces/include/tutorial_interfaces/tutorial_interfaces/srv
[11.419s] -- Up-to-date: /home/akshaj/Desktop/ros-lab/ros-lab/install/tutorial_interfaces/include/tutorial_interfaces/tutorial_interfaces/srv/detail
[11.419s] -- Installing: /home/akshaj/Desktop/ros-lab/ros-lab/install/tutorial_interfaces/include/tutorial_interfaces/tutorial_interfaces/srv/detail/set_velocity_turtle__builder.hpp
[11.419s] -- Installing: /home/akshaj/Desktop/ros-lab/ros-lab/install/tutorial_interfaces/include/tutorial_interfaces/tutorial_interfaces/srv/detail/add_three_ints__traits.hpp
[11.419s] -- Installing: /home/akshaj/Desktop/ros-lab/ros-lab/install/tutorial_interfaces/include/tutorial_interfaces/tutorial_interfaces/srv/detail/set_velocity_turtle__type_support.hpp
[11.419s] -- Installing: /home/akshaj/Desktop/ros-lab/ros-lab/install/tutorial_interfaces/include/tutorial_interfaces/tutorial_interfaces/srv/detail/add_three_ints__type_support.hpp
[11.419s] -- Installing: /home/akshaj/Desktop/ros-lab/ros-lab/install/tutorial_interfaces/include/tutorial_interfaces/tutorial_interfaces/srv/detail/set_velocity_turtle__struct.hpp
[11.420s] -- Installing: /home/akshaj/Desktop/ros-lab/ros-lab/install/tutorial_interfaces/include/tutorial_interfaces/tutorial_interfaces/srv/detail/set_velocity_turtle__traits.hpp
[11.420s] -- Installing: /home/akshaj/Desktop/ros-lab/ros-lab/install/tutorial_interfaces/include/tutorial_interfaces/tutorial_interfaces/srv/detail/add_three_ints__struct.hpp
[11.420s] -- Installing: /home/akshaj/Desktop/ros-lab/ros-lab/install/tutorial_interfaces/include/tutorial_interfaces/tutorial_interfaces/srv/detail/add_three_ints__builder.hpp
[11.420s] -- Installing: /home/akshaj/Desktop/ros-lab/ros-lab/install/tutorial_interfaces/include/tutorial_interfaces/tutorial_interfaces/srv/set_velocity_turtle.hpp
[11.420s] -- Installing: /home/akshaj/Desktop/ros-lab/ros-lab/install/tutorial_interfaces/include/tutorial_interfaces/tutorial_interfaces/srv/add_three_ints.hpp
[11.421s] -- Up-to-date: /home/akshaj/Desktop/ros-lab/ros-lab/install/tutorial_interfaces/include/tutorial_interfaces/tutorial_interfaces
[11.421s] -- Up-to-date: /home/akshaj/Desktop/ros-lab/ros-lab/install/tutorial_interfaces/include/tutorial_interfaces/tutorial_interfaces/msg
[11.421s] -- Installing: /home/akshaj/Desktop/ros-lab/ros-lab/install/tutorial_interfaces/include/tutorial_interfaces/tutorial_interfaces/msg/rosidl_typesupport_fastrtps_cpp__visibility_control.h
[11.421s] -- Up-to-date: /home/akshaj/Desktop/ros-lab/ros-lab/install/tutorial_interfaces/include/tutorial_interfaces/tutorial_interfaces/msg/detail
[11.421s] -- Installing: /home/akshaj/Desktop/ros-lab/ros-lab/install/tutorial_interfaces/include/tutorial_interfaces/tutorial_interfaces/msg/detail/dds_fastrtps
[11.421s] -- Installing: /home/akshaj/Desktop/ros-lab/ros-lab/install/tutorial_interfaces/include/tutorial_interfaces/tutorial_interfaces/msg/detail/num__rosidl_typesupport_fastrtps_cpp.hpp
[11.422s] -- Installing: /home/akshaj/Desktop/ros-lab/ros-lab/install/tutorial_interfaces/include/tutorial_interfaces/tutorial_interfaces/msg/detail/sphere__rosidl_typesupport_fastrtps_cpp.hpp
[11.422s] -- Up-to-date: /home/akshaj/Desktop/ros-lab/ros-lab/install/tutorial_interfaces/include/tutorial_interfaces/tutorial_interfaces/srv
[11.422s] -- Up-to-date: /home/akshaj/Desktop/ros-lab/ros-lab/install/tutorial_interfaces/include/tutorial_interfaces/tutorial_interfaces/srv/detail
[11.422s] -- Installing: /home/akshaj/Desktop/ros-lab/ros-lab/install/tutorial_interfaces/include/tutorial_interfaces/tutorial_interfaces/srv/detail/dds_fastrtps
[11.422s] -- Installing: /home/akshaj/Desktop/ros-lab/ros-lab/install/tutorial_interfaces/include/tutorial_interfaces/tutorial_interfaces/srv/detail/add_three_ints__rosidl_typesupport_fastrtps_cpp.hpp
[11.422s] -- Installing: /home/akshaj/Desktop/ros-lab/ros-lab/install/tutorial_interfaces/include/tutorial_interfaces/tutorial_interfaces/srv/detail/set_velocity_turtle__rosidl_typesupport_fastrtps_cpp.hpp
[11.422s] -- Installing: /home/akshaj/Desktop/ros-lab/ros-lab/install/tutorial_interfaces/lib/libtutorial_interfaces__rosidl_typesupport_fastrtps_cpp.so
[11.423s] -- Set runtime path of "/home/akshaj/Desktop/ros-lab/ros-lab/install/tutorial_interfaces/lib/libtutorial_interfaces__rosidl_typesupport_fastrtps_cpp.so" to ""
[11.423s] -- Up-to-date: /home/akshaj/Desktop/ros-lab/ros-lab/install/tutorial_interfaces/include/tutorial_interfaces/tutorial_interfaces
[11.423s] -- Up-to-date: /home/akshaj/Desktop/ros-lab/ros-lab/install/tutorial_interfaces/include/tutorial_interfaces/tutorial_interfaces/msg
[11.424s] -- Installing: /home/akshaj/Desktop/ros-lab/ros-lab/install/tutorial_interfaces/include/tutorial_interfaces/tutorial_interfaces/msg/rosidl_typesupport_introspection_c__visibility_control.h
[11.424s] -- Up-to-date: /home/akshaj/Desktop/ros-lab/ros-lab/install/tutorial_interfaces/include/tutorial_interfaces/tutorial_interfaces/msg/detail
[11.424s] -- Installing: /home/akshaj/Desktop/ros-lab/ros-lab/install/tutorial_interfaces/include/tutorial_interfaces/tutorial_interfaces/msg/detail/num__type_support.c
[11.424s] -- Installing: /home/akshaj/Desktop/ros-lab/ros-lab/install/tutorial_interfaces/include/tutorial_interfaces/tutorial_interfaces/msg/detail/sphere__type_support.c
[11.424s] -- Installing: /home/akshaj/Desktop/ros-lab/ros-lab/install/tutorial_interfaces/include/tutorial_interfaces/tutorial_interfaces/msg/detail/sphere__rosidl_typesupport_introspection_c.h
[11.424s] -- Installing: /home/akshaj/Desktop/ros-lab/ros-lab/install/tutorial_interfaces/include/tutorial_interfaces/tutorial_interfaces/msg/detail/num__rosidl_typesupport_introspection_c.h
[11.424s] -- Up-to-date: /home/akshaj/Desktop/ros-lab/ros-lab/install/tutorial_interfaces/include/tutorial_interfaces/tutorial_interfaces/srv
[11.425s] -- Up-to-date: /home/akshaj/Desktop/ros-lab/ros-lab/install/tutorial_interfaces/include/tutorial_interfaces/tutorial_interfaces/srv/detail
[11.425s] -- Installing: /home/akshaj/Desktop/ros-lab/ros-lab/install/tutorial_interfaces/include/tutorial_interfaces/tutorial_interfaces/srv/detail/set_velocity_turtle__rosidl_typesupport_introspection_c.h
[11.425s] -- Installing: /home/akshaj/Desktop/ros-lab/ros-lab/install/tutorial_interfaces/include/tutorial_interfaces/tutorial_interfaces/srv/detail/set_velocity_turtle__type_support.c
[11.425s] -- Installing: /home/akshaj/Desktop/ros-lab/ros-lab/install/tutorial_interfaces/include/tutorial_interfaces/tutorial_interfaces/srv/detail/add_three_ints__rosidl_typesupport_introspection_c.h
[11.425s] -- Installing: /home/akshaj/Desktop/ros-lab/ros-lab/install/tutorial_interfaces/include/tutorial_interfaces/tutorial_interfaces/srv/detail/add_three_ints__type_support.c
[11.426s] -- Installing: /home/akshaj/Desktop/ros-lab/ros-lab/install/tutorial_interfaces/lib/libtutorial_interfaces__rosidl_typesupport_introspection_c.so
[11.426s] -- Set runtime path of "/home/akshaj/Desktop/ros-lab/ros-lab/install/tutorial_interfaces/lib/libtutorial_interfaces__rosidl_typesupport_introspection_c.so" to ""
[11.426s] -- Installing: /home/akshaj/Desktop/ros-lab/ros-lab/install/tutorial_interfaces/lib/libtutorial_interfaces__rosidl_typesupport_c.so
[11.427s] -- Set runtime path of "/home/akshaj/Desktop/ros-lab/ros-lab/install/tutorial_interfaces/lib/libtutorial_interfaces__rosidl_typesupport_c.so" to ""
[11.427s] -- Up-to-date: /home/akshaj/Desktop/ros-lab/ros-lab/install/tutorial_interfaces/include/tutorial_interfaces/tutorial_interfaces
[11.427s] -- Up-to-date: /home/akshaj/Desktop/ros-lab/ros-lab/install/tutorial_interfaces/include/tutorial_interfaces/tutorial_interfaces/msg
[11.427s] -- Up-to-date: /home/akshaj/Desktop/ros-lab/ros-lab/install/tutorial_interfaces/include/tutorial_interfaces/tutorial_interfaces/msg/detail
[11.427s] -- Installing: /home/akshaj/Desktop/ros-lab/ros-lab/install/tutorial_interfaces/include/tutorial_interfaces/tutorial_interfaces/msg/detail/sphere__rosidl_typesupport_introspection_cpp.hpp
[11.427s] -- Installing: /home/akshaj/Desktop/ros-lab/ros-lab/install/tutorial_interfaces/include/tutorial_interfaces/tutorial_interfaces/msg/detail/num__rosidl_typesupport_introspection_cpp.hpp
[11.428s] -- Installing: /home/akshaj/Desktop/ros-lab/ros-lab/install/tutorial_interfaces/include/tutorial_interfaces/tutorial_interfaces/msg/detail/sphere__type_support.cpp
[11.428s] -- Installing: /home/akshaj/Desktop/ros-lab/ros-lab/install/tutorial_interfaces/include/tutorial_interfaces/tutorial_interfaces/msg/detail/num__type_support.cpp
[11.428s] -- Up-to-date: /home/akshaj/Desktop/ros-lab/ros-lab/install/tutorial_interfaces/include/tutorial_interfaces/tutorial_interfaces/srv
[11.428s] -- Up-to-date: /home/akshaj/Desktop/ros-lab/ros-lab/install/tutorial_interfaces/include/tutorial_interfaces/tutorial_interfaces/srv/detail
[11.428s] -- Installing: /home/akshaj/Desktop/ros-lab/ros-lab/install/tutorial_interfaces/include/tutorial_interfaces/tutorial_interfaces/srv/detail/set_velocity_turtle__type_support.cpp
[11.428s] -- Installing: /home/akshaj/Desktop/ros-lab/ros-lab/install/tutorial_interfaces/include/tutorial_interfaces/tutorial_interfaces/srv/detail/add_three_ints__type_support.cpp
[11.428s] -- Installing: /home/akshaj/Desktop/ros-lab/ros-lab/install/tutorial_interfaces/include/tutorial_interfaces/tutorial_interfaces/srv/detail/set_velocity_turtle__rosidl_typesupport_introspection_cpp.hpp
[11.429s] -- Installing: /home/akshaj/Desktop/ros-lab/ros-lab/install/tutorial_interfaces/include/tutorial_interfaces/tutorial_interfaces/srv/detail/add_three_ints__rosidl_typesupport_introspection_cpp.hpp
[11.429s] -- Installing: /home/akshaj/Desktop/ros-lab/ros-lab/install/tutorial_interfaces/lib/libtutorial_interfaces__rosidl_typesupport_introspection_cpp.so
[11.430s] -- Set runtime path of "/home/akshaj/Desktop/ros-lab/ros-lab/install/tutorial_interfaces/lib/libtutorial_interfaces__rosidl_typesupport_introspection_cpp.so" to ""
[11.430s] -- Installing: /home/akshaj/Desktop/ros-lab/ros-lab/install/tutorial_interfaces/lib/libtutorial_interfaces__rosidl_typesupport_cpp.so
[11.430s] -- Set runtime path of "/home/akshaj/Desktop/ros-lab/ros-lab/install/tutorial_interfaces/lib/libtutorial_interfaces__rosidl_typesupport_cpp.so" to ""
[11.430s] -- Installing: /home/akshaj/Desktop/ros-lab/ros-lab/install/tutorial_interfaces/share/tutorial_interfaces/environment/pythonpath.sh
[11.431s] -- Installing: /home/akshaj/Desktop/ros-lab/ros-lab/install/tutorial_interfaces/share/tutorial_interfaces/environment/pythonpath.dsv
[11.431s] -- Installing: /home/akshaj/Desktop/ros-lab/ros-lab/install/tutorial_interfaces/local/lib/python3.10/dist-packages/tutorial_interfaces-0.0.0-py3.10.egg-info
[11.431s] -- Installing: /home/akshaj/Desktop/ros-lab/ros-lab/install/tutorial_interfaces/local/lib/python3.10/dist-packages/tutorial_interfaces-0.0.0-py3.10.egg-info/SOURCES.txt
[11.433s] -- Installing: /home/akshaj/Desktop/ros-lab/ros-lab/install/tutorial_interfaces/local/lib/python3.10/dist-packages/tutorial_interfaces-0.0.0-py3.10.egg-info/top_level.txt
[11.433s] -- Installing: /home/akshaj/Desktop/ros-lab/ros-lab/install/tutorial_interfaces/local/lib/python3.10/dist-packages/tutorial_interfaces-0.0.0-py3.10.egg-info/dependency_links.txt
[11.433s] -- Installing: /home/akshaj/Desktop/ros-lab/ros-lab/install/tutorial_interfaces/local/lib/python3.10/dist-packages/tutorial_interfaces-0.0.0-py3.10.egg-info/PKG-INFO
[11.434s] -- Installing: /home/akshaj/Desktop/ros-lab/ros-lab/install/tutorial_interfaces/local/lib/python3.10/dist-packages/tutorial_interfaces
[11.434s] -- Installing: /home/akshaj/Desktop/ros-lab/ros-lab/install/tutorial_interfaces/local/lib/python3.10/dist-packages/tutorial_interfaces/tutorial_interfaces_s__rosidl_typesupport_c.cpython-310-x86_64-linux-gnu.so
[11.434s] -- Installing: /home/akshaj/Desktop/ros-lab/ros-lab/install/tutorial_interfaces/local/lib/python3.10/dist-packages/tutorial_interfaces/msg
[11.434s] -- Installing: /home/akshaj/Desktop/ros-lab/ros-lab/install/tutorial_interfaces/local/lib/python3.10/dist-packages/tutorial_interfaces/msg/_sphere_s.c
[11.434s] -- Installing: /home/akshaj/Desktop/ros-lab/ros-lab/install/tutorial_interfaces/local/lib/python3.10/dist-packages/tutorial_interfaces/msg/_sphere.py
[11.435s] -- Installing: /home/akshaj/Desktop/ros-lab/ros-lab/install/tutorial_interfaces/local/lib/python3.10/dist-packages/tutorial_interfaces/msg/__init__.py
[11.435s] -- Installing: /home/akshaj/Desktop/ros-lab/ros-lab/install/tutorial_interfaces/local/lib/python3.10/dist-packages/tutorial_interfaces/msg/_num.py
[11.435s] -- Installing: /home/akshaj/Desktop/ros-lab/ros-lab/install/tutorial_interfaces/local/lib/python3.10/dist-packages/tutorial_interfaces/msg/_num_s.c
[11.435s] -- Installing: /home/akshaj/Desktop/ros-lab/ros-lab/install/tutorial_interfaces/local/lib/python3.10/dist-packages/tutorial_interfaces/_tutorial_interfaces_s.ep.rosidl_typesupport_fastrtps_c.c
[11.435s] -- Installing: /home/akshaj/Desktop/ros-lab/ros-lab/install/tutorial_interfaces/local/lib/python3.10/dist-packages/tutorial_interfaces/tutorial_interfaces_s__rosidl_typesupport_fastrtps_c.cpython-310-x86_64-linux-gnu.so
[11.436s] -- Installing: /home/akshaj/Desktop/ros-lab/ros-lab/install/tutorial_interfaces/local/lib/python3.10/dist-packages/tutorial_interfaces/tutorial_interfaces_s__rosidl_typesupport_introspection_c.cpython-310-x86_64-linux-gnu.so
[11.436s] -- Installing: /home/akshaj/Desktop/ros-lab/ros-lab/install/tutorial_interfaces/local/lib/python3.10/dist-packages/tutorial_interfaces/__init__.py
[11.436s] -- Installing: /home/akshaj/Desktop/ros-lab/ros-lab/install/tutorial_interfaces/local/lib/python3.10/dist-packages/tutorial_interfaces/_tutorial_interfaces_s.ep.rosidl_typesupport_introspection_c.c
[11.436s] -- Installing: /home/akshaj/Desktop/ros-lab/ros-lab/install/tutorial_interfaces/local/lib/python3.10/dist-packages/tutorial_interfaces/_tutorial_interfaces_s.ep.rosidl_typesupport_c.c
[11.437s] -- Installing: /home/akshaj/Desktop/ros-lab/ros-lab/install/tutorial_interfaces/local/lib/python3.10/dist-packages/tutorial_interfaces/srv
[11.437s] -- Installing: /home/akshaj/Desktop/ros-lab/ros-lab/install/tutorial_interfaces/local/lib/python3.10/dist-packages/tutorial_interfaces/srv/_set_velocity_turtle_s.c
[11.437s] -- Installing: /home/akshaj/Desktop/ros-lab/ros-lab/install/tutorial_interfaces/local/lib/python3.10/dist-packages/tutorial_interfaces/srv/_add_three_ints_s.c
[11.437s] -- Installing: /home/akshaj/Desktop/ros-lab/ros-lab/install/tutorial_interfaces/local/lib/python3.10/dist-packages/tutorial_interfaces/srv/__init__.py
[11.437s] -- Installing: /home/akshaj/Desktop/ros-lab/ros-lab/install/tutorial_interfaces/local/lib/python3.10/dist-packages/tutorial_interfaces/srv/_add_three_ints.py
[11.437s] -- Installing: /home/akshaj/Desktop/ros-lab/ros-lab/install/tutorial_interfaces/local/lib/python3.10/dist-packages/tutorial_interfaces/srv/_set_velocity_turtle.py
[11.438s] -- Installing: /home/akshaj/Desktop/ros-lab/ros-lab/install/tutorial_interfaces/local/lib/python3.10/dist-packages/tutorial_interfaces/libtutorial_interfaces__rosidl_generator_py.so
[11.491s] Listing '/home/akshaj/Desktop/ros-lab/ros-lab/install/tutorial_interfaces/local/lib/python3.10/dist-packages/tutorial_interfaces'...
[11.491s] Compiling '/home/akshaj/Desktop/ros-lab/ros-lab/install/tutorial_interfaces/local/lib/python3.10/dist-packages/tutorial_interfaces/__init__.py'...
[11.491s] Listing '/home/akshaj/Desktop/ros-lab/ros-lab/install/tutorial_interfaces/local/lib/python3.10/dist-packages/tutorial_interfaces/msg'...
[11.491s] Compiling '/home/akshaj/Desktop/ros-lab/ros-lab/install/tutorial_interfaces/local/lib/python3.10/dist-packages/tutorial_interfaces/msg/__init__.py'...
[11.492s] Compiling '/home/akshaj/Desktop/ros-lab/ros-lab/install/tutorial_interfaces/local/lib/python3.10/dist-packages/tutorial_interfaces/msg/_num.py'...
[11.492s] Compiling '/home/akshaj/Desktop/ros-lab/ros-lab/install/tutorial_interfaces/local/lib/python3.10/dist-packages/tutorial_interfaces/msg/_sphere.py'...
[11.492s] Listing '/home/akshaj/Desktop/ros-lab/ros-lab/install/tutorial_interfaces/local/lib/python3.10/dist-packages/tutorial_interfaces/srv'...
[11.492s] Compiling '/home/akshaj/Desktop/ros-lab/ros-lab/install/tutorial_interfaces/local/lib/python3.10/dist-packages/tutorial_interfaces/srv/__init__.py'...
[11.492s] Compiling '/home/akshaj/Desktop/ros-lab/ros-lab/install/tutorial_interfaces/local/lib/python3.10/dist-packages/tutorial_interfaces/srv/_add_three_ints.py'...
[11.492s] Compiling '/home/akshaj/Desktop/ros-lab/ros-lab/install/tutorial_interfaces/local/lib/python3.10/dist-packages/tutorial_interfaces/srv/_set_velocity_turtle.py'...
[11.498s] -- Installing: /home/akshaj/Desktop/ros-lab/ros-lab/install/tutorial_interfaces/local/lib/python3.10/dist-packages/tutorial_interfaces/tutorial_interfaces_s__rosidl_typesupport_fastrtps_c.cpython-310-x86_64-linux-gnu.so
[11.498s] -- Set runtime path of "/home/akshaj/Desktop/ros-lab/ros-lab/install/tutorial_interfaces/local/lib/python3.10/dist-packages/tutorial_interfaces/tutorial_interfaces_s__rosidl_typesupport_fastrtps_c.cpython-310-x86_64-linux-gnu.so" to ""
[11.498s] -- Installing: /home/akshaj/Desktop/ros-lab/ros-lab/install/tutorial_interfaces/local/lib/python3.10/dist-packages/tutorial_interfaces/tutorial_interfaces_s__rosidl_typesupport_introspection_c.cpython-310-x86_64-linux-gnu.so
[11.499s] -- Set runtime path of "/home/akshaj/Desktop/ros-lab/ros-lab/install/tutorial_interfaces/local/lib/python3.10/dist-packages/tutorial_interfaces/tutorial_interfaces_s__rosidl_typesupport_introspection_c.cpython-310-x86_64-linux-gnu.so" to ""
[11.499s] -- Installing: /home/akshaj/Desktop/ros-lab/ros-lab/install/tutorial_interfaces/local/lib/python3.10/dist-packages/tutorial_interfaces/tutorial_interfaces_s__rosidl_typesupport_c.cpython-310-x86_64-linux-gnu.so
[11.499s] -- Set runtime path of "/home/akshaj/Desktop/ros-lab/ros-lab/install/tutorial_interfaces/local/lib/python3.10/dist-packages/tutorial_interfaces/tutorial_interfaces_s__rosidl_typesupport_c.cpython-310-x86_64-linux-gnu.so" to ""
[11.499s] -- Installing: /home/akshaj/Desktop/ros-lab/ros-lab/install/tutorial_interfaces/lib/libtutorial_interfaces__rosidl_generator_py.so
[11.500s] -- Set runtime path of "/home/akshaj/Desktop/ros-lab/ros-lab/install/tutorial_interfaces/lib/libtutorial_interfaces__rosidl_generator_py.so" to ""
[11.500s] -- Installing: /home/akshaj/Desktop/ros-lab/ros-lab/install/tutorial_interfaces/share/tutorial_interfaces/msg/Num.idl
[11.501s] -- Installing: /home/akshaj/Desktop/ros-lab/ros-lab/install/tutorial_interfaces/share/tutorial_interfaces/msg/Sphere.idl
[11.501s] -- Installing: /home/akshaj/Desktop/ros-lab/ros-lab/install/tutorial_interfaces/share/tutorial_interfaces/srv/AddThreeInts.idl
[11.501s] -- Installing: /home/akshaj/Desktop/ros-lab/ros-lab/install/tutorial_interfaces/share/tutorial_interfaces/srv/SetVelocityTurtle.idl
[11.501s] -- Installing: /home/akshaj/Desktop/ros-lab/ros-lab/install/tutorial_interfaces/share/tutorial_interfaces/msg/Num.msg
[11.502s] -- Installing: /home/akshaj/Desktop/ros-lab/ros-lab/install/tutorial_interfaces/share/tutorial_interfaces/msg/Sphere.msg
[11.502s] -- Installing: /home/akshaj/Desktop/ros-lab/ros-lab/install/tutorial_interfaces/share/tutorial_interfaces/srv/AddThreeInts.srv
[11.502s] -- Installing: /home/akshaj/Desktop/ros-lab/ros-lab/install/tutorial_interfaces/share/tutorial_interfaces/srv/AddThreeInts_Request.msg
[11.502s] -- Installing: /home/akshaj/Desktop/ros-lab/ros-lab/install/tutorial_interfaces/share/tutorial_interfaces/srv/AddThreeInts_Response.msg
[11.503s] -- Installing: /home/akshaj/Desktop/ros-lab/ros-lab/install/tutorial_interfaces/share/tutorial_interfaces/srv/SetVelocityTurtle.srv
[11.503s] -- Installing: /home/akshaj/Desktop/ros-lab/ros-lab/install/tutorial_interfaces/share/tutorial_interfaces/srv/SetVelocityTurtle_Request.msg
[11.503s] -- Installing: /home/akshaj/Desktop/ros-lab/ros-lab/install/tutorial_interfaces/share/tutorial_interfaces/srv/SetVelocityTurtle_Response.msg
[11.503s] -- Installing: /home/akshaj/Desktop/ros-lab/ros-lab/install/tutorial_interfaces/share/ament_index/resource_index/package_run_dependencies/tutorial_interfaces
[11.504s] -- Installing: /home/akshaj/Desktop/ros-lab/ros-lab/install/tutorial_interfaces/share/ament_index/resource_index/parent_prefix_path/tutorial_interfaces
[11.504s] -- Installing: /home/akshaj/Desktop/ros-lab/ros-lab/install/tutorial_interfaces/share/tutorial_interfaces/environment/ament_prefix_path.sh
[11.504s] -- Installing: /home/akshaj/Desktop/ros-lab/ros-lab/install/tutorial_interfaces/share/tutorial_interfaces/environment/ament_prefix_path.dsv
[11.504s] -- Installing: /home/akshaj/Desktop/ros-lab/ros-lab/install/tutorial_interfaces/share/tutorial_interfaces/environment/path.sh
[11.505s] -- Installing: /home/akshaj/Desktop/ros-lab/ros-lab/install/tutorial_interfaces/share/tutorial_interfaces/environment/path.dsv
[11.505s] -- Installing: /home/akshaj/Desktop/ros-lab/ros-lab/install/tutorial_interfaces/share/tutorial_interfaces/local_setup.bash
[11.505s] -- Installing: /home/akshaj/Desktop/ros-lab/ros-lab/install/tutorial_interfaces/share/tutorial_interfaces/local_setup.sh
[11.505s] -- Installing: /home/akshaj/Desktop/ros-lab/ros-lab/install/tutorial_interfaces/share/tutorial_interfaces/local_setup.zsh
[11.505s] -- Installing: /home/akshaj/Desktop/ros-lab/ros-lab/install/tutorial_interfaces/share/tutorial_interfaces/local_setup.dsv
[11.506s] -- Installing: /home/akshaj/Desktop/ros-lab/ros-lab/install/tutorial_interfaces/share/tutorial_interfaces/package.dsv
[11.506s] -- Installing: /home/akshaj/Desktop/ros-lab/ros-lab/install/tutorial_interfaces/share/ament_index/resource_index/packages/tutorial_interfaces
[11.506s] -- Installing: /home/akshaj/Desktop/ros-lab/ros-lab/install/tutorial_interfaces/share/tutorial_interfaces/cmake/export_tutorial_interfaces__rosidl_generator_cExport.cmake
[11.507s] -- Installing: /home/akshaj/Desktop/ros-lab/ros-lab/install/tutorial_interfaces/share/tutorial_interfaces/cmake/export_tutorial_interfaces__rosidl_generator_cExport-noconfig.cmake
[11.507s] -- Installing: /home/akshaj/Desktop/ros-lab/ros-lab/install/tutorial_interfaces/share/tutorial_interfaces/cmake/export_tutorial_interfaces__rosidl_typesupport_fastrtps_cExport.cmake
[11.507s] -- Installing: /home/akshaj/Desktop/ros-lab/ros-lab/install/tutorial_interfaces/share/tutorial_interfaces/cmake/export_tutorial_interfaces__rosidl_typesupport_fastrtps_cExport-noconfig.cmake
[11.507s] -- Installing: /home/akshaj/Desktop/ros-lab/ros-lab/install/tutorial_interfaces/share/tutorial_interfaces/cmake/export_tutorial_interfaces__rosidl_generator_cppExport.cmake
[11.508s] -- Installing: /home/akshaj/Desktop/ros-lab/ros-lab/install/tutorial_interfaces/share/tutorial_interfaces/cmake/export_tutorial_interfaces__rosidl_typesupport_fastrtps_cppExport.cmake
[11.508s] -- Installing: /home/akshaj/Desktop/ros-lab/ros-lab/install/tutorial_interfaces/share/tutorial_interfaces/cmake/export_tutorial_interfaces__rosidl_typesupport_fastrtps_cppExport-noconfig.cmake
[11.508s] -- Installing: /home/akshaj/Desktop/ros-lab/ros-lab/install/tutorial_interfaces/share/tutorial_interfaces/cmake/tutorial_interfaces__rosidl_typesupport_introspection_cExport.cmake
[11.508s] -- Installing: /home/akshaj/Desktop/ros-lab/ros-lab/install/tutorial_interfaces/share/tutorial_interfaces/cmake/tutorial_interfaces__rosidl_typesupport_introspection_cExport-noconfig.cmake
[11.509s] -- Installing: /home/akshaj/Desktop/ros-lab/ros-lab/install/tutorial_interfaces/share/tutorial_interfaces/cmake/tutorial_interfaces__rosidl_typesupport_cExport.cmake
[11.509s] -- Installing: /home/akshaj/Desktop/ros-lab/ros-lab/install/tutorial_interfaces/share/tutorial_interfaces/cmake/tutorial_interfaces__rosidl_typesupport_cExport-noconfig.cmake
[11.509s] -- Installing: /home/akshaj/Desktop/ros-lab/ros-lab/install/tutorial_interfaces/share/tutorial_interfaces/cmake/tutorial_interfaces__rosidl_typesupport_introspection_cppExport.cmake
[11.509s] -- Installing: /home/akshaj/Desktop/ros-lab/ros-lab/install/tutorial_interfaces/share/tutorial_interfaces/cmake/tutorial_interfaces__rosidl_typesupport_introspection_cppExport-noconfig.cmake
[11.509s] -- Installing: /home/akshaj/Desktop/ros-lab/ros-lab/install/tutorial_interfaces/share/tutorial_interfaces/cmake/tutorial_interfaces__rosidl_typesupport_cppExport.cmake
[11.510s] -- Installing: /home/akshaj/Desktop/ros-lab/ros-lab/install/tutorial_interfaces/share/tutorial_interfaces/cmake/tutorial_interfaces__rosidl_typesupport_cppExport-noconfig.cmake
[11.510s] -- Installing: /home/akshaj/Desktop/ros-lab/ros-lab/install/tutorial_interfaces/share/tutorial_interfaces/cmake/export_tutorial_interfaces__rosidl_generator_pyExport.cmake
[11.510s] -- Installing: /home/akshaj/Desktop/ros-lab/ros-lab/install/tutorial_interfaces/share/tutorial_interfaces/cmake/export_tutorial_interfaces__rosidl_generator_pyExport-noconfig.cmake
[11.510s] -- Installing: /home/akshaj/Desktop/ros-lab/ros-lab/install/tutorial_interfaces/share/tutorial_interfaces/cmake/rosidl_cmake-extras.cmake
[11.510s] -- Installing: /home/akshaj/Desktop/ros-lab/ros-lab/install/tutorial_interfaces/share/tutorial_interfaces/cmake/ament_cmake_export_dependencies-extras.cmake
[11.511s] -- Installing: /home/akshaj/Desktop/ros-lab/ros-lab/install/tutorial_interfaces/share/tutorial_interfaces/cmake/ament_cmake_export_include_directories-extras.cmake
[11.511s] -- Installing: /home/akshaj/Desktop/ros-lab/ros-lab/install/tutorial_interfaces/share/tutorial_interfaces/cmake/ament_cmake_export_libraries-extras.cmake
[11.511s] -- Installing: /home/akshaj/Desktop/ros-lab/ros-lab/install/tutorial_interfaces/share/tutorial_interfaces/cmake/ament_cmake_export_targets-extras.cmake
[11.511s] -- Installing: /home/akshaj/Desktop/ros-lab/ros-lab/install/tutorial_interfaces/share/tutorial_interfaces/cmake/rosidl_cmake_export_typesupport_targets-extras.cmake
[11.511s] -- Installing: /home/akshaj/Desktop/ros-lab/ros-lab/install/tutorial_interfaces/share/tutorial_interfaces/cmake/rosidl_cmake_export_typesupport_libraries-extras.cmake
[11.512s] -- Installing: /home/akshaj/Desktop/ros-lab/ros-lab/install/tutorial_interfaces/share/tutorial_interfaces/cmake/tutorial_interfacesConfig.cmake
[11.512s] -- Installing: /home/akshaj/Desktop/ros-lab/ros-lab/install/tutorial_interfaces/share/tutorial_interfaces/cmake/tutorial_interfacesConfig-version.cmake
[11.512s] -- Installing: /home/akshaj/Desktop/ros-lab/ros-lab/install/tutorial_interfaces/share/tutorial_interfaces/package.xml
[11.515s] Invoked command in '/home/akshaj/Desktop/ros-lab/ros-lab/build/tutorial_interfaces' returned '0': CMAKE_PREFIX_PATH=/opt/ros/humble /usr/bin/cmake --install /home/akshaj/Desktop/ros-lab/ros-lab/build/tutorial_interfaces
