-- The C compiler identification is GNU 11.4.0
-- The CXX compiler identification is GNU 11.4.0
-- Detecting C compiler ABI info
-- Detecting C compiler ABI info - done
-- Check for working C compiler: /usr/bin/cc - skipped
-- Detecting C compile features
-- Detecting C compile features - done
-- Detecting CXX compiler ABI info
-- Detecting CXX compiler ABI info - done
-- Check for working CXX compiler: /usr/bin/c++ - skipped
-- Detecting CXX compile features
-- Detecting CXX compile features - done
-- Found ament_cmake: 1.3.11 (/opt/ros/humble/share/ament_cmake/cmake)
-- Found Python3: /usr/bin/python3 (found version "3.10.12") found components: Interpreter 
-- Override CMake install command with custom implementation using symlinks instead of copying resources
-- Found urdf: 2.6.1 (/opt/ros/humble/share/urdf/cmake)
-- Found xacro: 2.0.13 (/opt/ros/humble/share/xacro/cmake)
-- Found ament_lint_auto: 0.12.12 (/opt/ros/humble/share/ament_lint_auto/cmake)
-- Added test 'copyright' to check source files copyright and LICENSE
-- Added test 'cppcheck' to perform static code analysis on C / C++ code
-- Configured cppcheck include dirs: 
-- Configured cppcheck exclude dirs and/or files: 
-- Added test 'cpplint' to check C / C++ code against the Google style
-- Configured cpplint exclude dirs and/or files: 
-- Added test 'lint_cmake' to check CMake code style
-- Added test 'uncrustify' to check C / C++ code style
-- Configured uncrustify additional arguments: 
-- Added test 'xmllint' to check XML markup files
-- Configuring done
-- Generating done
-- Build files have been written to: /home/akshaj/Desktop/ros-lab-exp/ros-lab/ros2_ws_Akshaj/src/assingment7/build/assingment7
-- Install configuration: ""
-- Execute custom install script
-- Symlinking: /home/akshaj/Desktop/ros-lab-exp/ros-lab/ros2_ws_Akshaj/src/assingment7/install/assingment7/share/assingment7//urdf/four_dof.xacro
-- Symlinking: /home/akshaj/Desktop/ros-lab-exp/ros-lab/ros2_ws_Akshaj/src/assingment7/install/assingment7/share/assingment7//urdf/four_wheel.xacro
-- Symlinking: /home/akshaj/Desktop/ros-lab-exp/ros-lab/ros2_ws_Akshaj/src/assingment7/install/assingment7/share/assingment7//urdf/inertial_macros.xacro
-- Symlinking: /home/akshaj/Desktop/ros-lab-exp/ros-lab/ros2_ws_Akshaj/src/assingment7/install/assingment7/share/assingment7//urdf/robot.urdf.xacro
-- Symlinking: /home/akshaj/Desktop/ros-lab-exp/ros-lab/ros2_ws_Akshaj/src/assingment7/install/assingment7/share/assingment7//launch/ass7.launch.xml
-- Symlinking: /home/akshaj/Desktop/ros-lab-exp/ros-lab/ros2_ws_Akshaj/src/assingment7/install/assingment7/share/ament_index/resource_index/package_run_dependencies/assingment7
-- Symlinking: /home/akshaj/Desktop/ros-lab-exp/ros-lab/ros2_ws_Akshaj/src/assingment7/install/assingment7/share/ament_index/resource_index/parent_prefix_path/assingment7
-- Symlinking: /home/akshaj/Desktop/ros-lab-exp/ros-lab/ros2_ws_Akshaj/src/assingment7/install/assingment7/share/assingment7/environment/ament_prefix_path.sh
-- Symlinking: /home/akshaj/Desktop/ros-lab-exp/ros-lab/ros2_ws_Akshaj/src/assingment7/install/assingment7/share/assingment7/environment/ament_prefix_path.dsv
-- Symlinking: /home/akshaj/Desktop/ros-lab-exp/ros-lab/ros2_ws_Akshaj/src/assingment7/install/assingment7/share/assingment7/environment/path.sh
-- Symlinking: /home/akshaj/Desktop/ros-lab-exp/ros-lab/ros2_ws_Akshaj/src/assingment7/install/assingment7/share/assingment7/environment/path.dsv
-- Symlinking: /home/akshaj/Desktop/ros-lab-exp/ros-lab/ros2_ws_Akshaj/src/assingment7/install/assingment7/share/assingment7/local_setup.bash
-- Symlinking: /home/akshaj/Desktop/ros-lab-exp/ros-lab/ros2_ws_Akshaj/src/assingment7/install/assingment7/share/assingment7/local_setup.sh
-- Symlinking: /home/akshaj/Desktop/ros-lab-exp/ros-lab/ros2_ws_Akshaj/src/assingment7/install/assingment7/share/assingment7/local_setup.zsh
-- Symlinking: /home/akshaj/Desktop/ros-lab-exp/ros-lab/ros2_ws_Akshaj/src/assingment7/install/assingment7/share/assingment7/local_setup.dsv
-- Symlinking: /home/akshaj/Desktop/ros-lab-exp/ros-lab/ros2_ws_Akshaj/src/assingment7/install/assingment7/share/assingment7/package.dsv
-- Symlinking: /home/akshaj/Desktop/ros-lab-exp/ros-lab/ros2_ws_Akshaj/src/assingment7/install/assingment7/share/ament_index/resource_index/packages/assingment7
-- Symlinking: /home/akshaj/Desktop/ros-lab-exp/ros-lab/ros2_ws_Akshaj/src/assingment7/install/assingment7/share/assingment7/cmake/assingment7Config.cmake
-- Symlinking: /home/akshaj/Desktop/ros-lab-exp/ros-lab/ros2_ws_Akshaj/src/assingment7/install/assingment7/share/assingment7/cmake/assingment7Config-version.cmake
-- Symlinking: /home/akshaj/Desktop/ros-lab-exp/ros-lab/ros2_ws_Akshaj/src/assingment7/install/assingment7/share/assingment7/package.xml
