[0.013s] Invoking command in '/home/akshaj/Desktop/ros-lab-exp/ros-lab/ros2_ws_Akshaj/src/assingment7/build/assingment7': CMAKE_PREFIX_PATH=/opt/ros/humble /usr/bin/cmake /home/akshaj/Desktop/ros-lab-exp/ros-lab/ros2_ws_Akshaj/src/assingment7 -DAMENT_CMAKE_SYMLINK_INSTALL=1 -DCMAKE_INSTALL_PREFIX=/home/akshaj/Desktop/ros-lab-exp/ros-lab/ros2_ws_Akshaj/src/assingment7/install/assingment7
[0.082s] -- The C compiler identification is GNU 11.4.0
[0.150s] -- The CXX compiler identification is GNU 11.4.0
[0.159s] -- Detecting C compiler ABI info
[0.249s] -- Detecting C compiler ABI info - done
[0.257s] -- Check for working C compiler: /usr/bin/cc - skipped
[0.257s] -- Detecting C compile features
[0.258s] -- Detecting C compile features - done
[0.261s] -- Detecting CXX compiler ABI info
[0.366s] -- Detecting CXX compiler ABI info - done
[0.374s] -- Check for working CXX compiler: /usr/bin/c++ - skipped
[0.374s] -- Detecting CXX compile features
[0.375s] -- Detecting CXX compile features - done
[0.379s] -- Found ament_cmake: 1.3.11 (/opt/ros/humble/share/ament_cmake/cmake)
[0.834s] -- Found Python3: /usr/bin/python3 (found version "3.10.12") found components: Interpreter 
[0.905s] -- Override CMake install command with custom implementation using symlinks instead of copying resources
[0.945s] -- Found urdf: 2.6.1 (/opt/ros/humble/share/urdf/cmake)
[1.020s] -- Found xacro: 2.0.13 (/opt/ros/humble/share/xacro/cmake)
[1.022s] -- Found ament_lint_auto: 0.12.12 (/opt/ros/humble/share/ament_lint_auto/cmake)
[1.117s] -- Added test 'copyright' to check source files copyright and LICENSE
[1.126s] -- Added test 'cppcheck' to perform static code analysis on C / C++ code
[1.126s] -- Configured cppcheck include dirs: 
[1.127s] -- Configured cppcheck exclude dirs and/or files: 
[1.135s] -- Added test 'cpplint' to check C / C++ code against the Google style
[1.135s] -- Configured cpplint exclude dirs and/or files: 
[1.139s] -- Added test 'lint_cmake' to check CMake code style
[1.148s] -- Added test 'uncrustify' to check C / C++ code style
[1.148s] -- Configured uncrustify additional arguments: 
[1.150s] -- Added test 'xmllint' to check XML markup files
[1.151s] -- Configuring done
[1.156s] -- Generating done
[1.158s] -- Build files have been written to: /home/akshaj/Desktop/ros-lab-exp/ros-lab/ros2_ws_Akshaj/src/assingment7/build/assingment7
[1.170s] Invoked command in '/home/akshaj/Desktop/ros-lab-exp/ros-lab/ros2_ws_Akshaj/src/assingment7/build/assingment7' returned '0': CMAKE_PREFIX_PATH=/opt/ros/humble /usr/bin/cmake /home/akshaj/Desktop/ros-lab-exp/ros-lab/ros2_ws_Akshaj/src/assingment7 -DAMENT_CMAKE_SYMLINK_INSTALL=1 -DCMAKE_INSTALL_PREFIX=/home/akshaj/Desktop/ros-lab-exp/ros-lab/ros2_ws_Akshaj/src/assingment7/install/assingment7
[1.172s] Invoking command in '/home/akshaj/Desktop/ros-lab-exp/ros-lab/ros2_ws_Akshaj/src/assingment7/build/assingment7': CMAKE_PREFIX_PATH=/opt/ros/humble /usr/bin/cmake --build /home/akshaj/Desktop/ros-lab-exp/ros-lab/ros2_ws_Akshaj/src/assingment7/build/assingment7 -- -j12 -l12
[1.224s] Invoked command in '/home/akshaj/Desktop/ros-lab-exp/ros-lab/ros2_ws_Akshaj/src/assingment7/build/assingment7' returned '0': CMAKE_PREFIX_PATH=/opt/ros/humble /usr/bin/cmake --build /home/akshaj/Desktop/ros-lab-exp/ros-lab/ros2_ws_Akshaj/src/assingment7/build/assingment7 -- -j12 -l12
[1.239s] Invoking command in '/home/akshaj/Desktop/ros-lab-exp/ros-lab/ros2_ws_Akshaj/src/assingment7/build/assingment7': CMAKE_PREFIX_PATH=/opt/ros/humble /usr/bin/cmake --install /home/akshaj/Desktop/ros-lab-exp/ros-lab/ros2_ws_Akshaj/src/assingment7/build/assingment7
[1.248s] -- Install configuration: ""
[1.249s] -- Execute custom install script
[1.249s] -- Symlinking: /home/akshaj/Desktop/ros-lab-exp/ros-lab/ros2_ws_Akshaj/src/assingment7/install/assingment7/share/assingment7//urdf/four_dof.xacro
[1.260s] -- Symlinking: /home/akshaj/Desktop/ros-lab-exp/ros-lab/ros2_ws_Akshaj/src/assingment7/install/assingment7/share/assingment7//urdf/four_wheel.xacro
[1.271s] -- Symlinking: /home/akshaj/Desktop/ros-lab-exp/ros-lab/ros2_ws_Akshaj/src/assingment7/install/assingment7/share/assingment7//urdf/inertial_macros.xacro
[1.282s] -- Symlinking: /home/akshaj/Desktop/ros-lab-exp/ros-lab/ros2_ws_Akshaj/src/assingment7/install/assingment7/share/assingment7//urdf/robot.urdf.xacro
[1.294s] -- Symlinking: /home/akshaj/Desktop/ros-lab-exp/ros-lab/ros2_ws_Akshaj/src/assingment7/install/assingment7/share/assingment7//launch/ass7.launch.xml
[1.305s] -- Symlinking: /home/akshaj/Desktop/ros-lab-exp/ros-lab/ros2_ws_Akshaj/src/assingment7/install/assingment7/share/ament_index/resource_index/package_run_dependencies/assingment7
[1.316s] -- Symlinking: /home/akshaj/Desktop/ros-lab-exp/ros-lab/ros2_ws_Akshaj/src/assingment7/install/assingment7/share/ament_index/resource_index/parent_prefix_path/assingment7
[1.328s] -- Symlinking: /home/akshaj/Desktop/ros-lab-exp/ros-lab/ros2_ws_Akshaj/src/assingment7/install/assingment7/share/assingment7/environment/ament_prefix_path.sh
[1.340s] -- Symlinking: /home/akshaj/Desktop/ros-lab-exp/ros-lab/ros2_ws_Akshaj/src/assingment7/install/assingment7/share/assingment7/environment/ament_prefix_path.dsv
[1.351s] -- Symlinking: /home/akshaj/Desktop/ros-lab-exp/ros-lab/ros2_ws_Akshaj/src/assingment7/install/assingment7/share/assingment7/environment/path.sh
[1.362s] -- Symlinking: /home/akshaj/Desktop/ros-lab-exp/ros-lab/ros2_ws_Akshaj/src/assingment7/install/assingment7/share/assingment7/environment/path.dsv
[1.373s] -- Symlinking: /home/akshaj/Desktop/ros-lab-exp/ros-lab/ros2_ws_Akshaj/src/assingment7/install/assingment7/share/assingment7/local_setup.bash
[1.384s] -- Symlinking: /home/akshaj/Desktop/ros-lab-exp/ros-lab/ros2_ws_Akshaj/src/assingment7/install/assingment7/share/assingment7/local_setup.sh
[1.395s] -- Symlinking: /home/akshaj/Desktop/ros-lab-exp/ros-lab/ros2_ws_Akshaj/src/assingment7/install/assingment7/share/assingment7/local_setup.zsh
[1.407s] -- Symlinking: /home/akshaj/Desktop/ros-lab-exp/ros-lab/ros2_ws_Akshaj/src/assingment7/install/assingment7/share/assingment7/local_setup.dsv
[1.418s] -- Symlinking: /home/akshaj/Desktop/ros-lab-exp/ros-lab/ros2_ws_Akshaj/src/assingment7/install/assingment7/share/assingment7/package.dsv
[1.429s] -- Symlinking: /home/akshaj/Desktop/ros-lab-exp/ros-lab/ros2_ws_Akshaj/src/assingment7/install/assingment7/share/ament_index/resource_index/packages/assingment7
[1.441s] -- Symlinking: /home/akshaj/Desktop/ros-lab-exp/ros-lab/ros2_ws_Akshaj/src/assingment7/install/assingment7/share/assingment7/cmake/assingment7Config.cmake
[1.452s] -- Symlinking: /home/akshaj/Desktop/ros-lab-exp/ros-lab/ros2_ws_Akshaj/src/assingment7/install/assingment7/share/assingment7/cmake/assingment7Config-version.cmake
[1.464s] -- Symlinking: /home/akshaj/Desktop/ros-lab-exp/ros-lab/ros2_ws_Akshaj/src/assingment7/install/assingment7/share/assingment7/package.xml
[1.479s] Invoked command in '/home/akshaj/Desktop/ros-lab-exp/ros-lab/ros2_ws_Akshaj/src/assingment7/build/assingment7' returned '0': CMAKE_PREFIX_PATH=/opt/ros/humble /usr/bin/cmake --install /home/akshaj/Desktop/ros-lab-exp/ros-lab/ros2_ws_Akshaj/src/assingment7/build/assingment7
