[2.816s] Invoking command in '/home/akshaj/Desktop/ros-lab/ros-lab/src/action_client': PYTHONPATH=/home/akshaj/Desktop/ros-lab/ros-lab/build/action_client/prefix_override:/usr/lib/python3/dist-packages/colcon_core/task/python/colcon_distutils_commands:/home/akshaj/Desktop/ros-lab/ros-lab/install/action_client/lib/python3.10/site-packages:${PYTHONPATH} /usr/bin/python3 -W ignore:setup.py install is deprecated -W ignore:easy_install command is deprecated setup.py egg_info --egg-base ../../build/action_client build --build-base /home/akshaj/Desktop/ros-lab/ros-lab/build/action_client/build install --record /home/akshaj/Desktop/ros-lab/ros-lab/build/action_client/install.log --single-version-externally-managed install_data
[3.405s] running egg_info
[3.405s] creating ../../build/action_client/action_client.egg-info
[3.405s] writing ../../build/action_client/action_client.egg-info/PKG-INFO
[3.406s] writing dependency_links to ../../build/action_client/action_client.egg-info/dependency_links.txt
[3.406s] writing entry points to ../../build/action_client/action_client.egg-info/entry_points.txt
[3.406s] writing requirements to ../../build/action_client/action_client.egg-info/requires.txt
[3.406s] writing top-level names to ../../build/action_client/action_client.egg-info/top_level.txt
[3.406s] writing manifest file '../../build/action_client/action_client.egg-info/SOURCES.txt'
[3.406s] reading manifest file '../../build/action_client/action_client.egg-info/SOURCES.txt'
[3.406s] writing manifest file '../../build/action_client/action_client.egg-info/SOURCES.txt'
[3.407s] running build
[3.407s] running build_py
[3.407s] creating /home/akshaj/Desktop/ros-lab/ros-lab/build/action_client/build/lib/action_client
[3.407s] copying action_client/__init__.py -> /home/akshaj/Desktop/ros-lab/ros-lab/build/action_client/build/lib/action_client
[3.407s] copying action_client/action_client.py -> /home/akshaj/Desktop/ros-lab/ros-lab/build/action_client/build/lib/action_client
[3.407s] copying action_client/pime_client.py -> /home/akshaj/Desktop/ros-lab/ros-lab/build/action_client/build/lib/action_client
[3.407s] copying action_client/action_server.py -> /home/akshaj/Desktop/ros-lab/ros-lab/build/action_client/build/lib/action_client
[3.407s] copying action_client/prime_server.py -> /home/akshaj/Desktop/ros-lab/ros-lab/build/action_client/build/lib/action_client
[3.408s] running install
[3.408s] running install_lib
[3.408s] /home/akshaj/.local/lib/python3.10/site-packages/setuptools/_distutils/dist.py:289: UserWarning: Unknown distribution option: 'tests_require'
[3.408s]   warnings.warn(msg)
[3.438s] creating /home/akshaj/Desktop/ros-lab/ros-lab/install/action_client/lib/python3.10/site-packages/action_client
[3.438s] copying /home/akshaj/Desktop/ros-lab/ros-lab/build/action_client/build/lib/action_client/__init__.py -> /home/akshaj/Desktop/ros-lab/ros-lab/install/action_client/lib/python3.10/site-packages/action_client
[3.438s] copying /home/akshaj/Desktop/ros-lab/ros-lab/build/action_client/build/lib/action_client/action_client.py -> /home/akshaj/Desktop/ros-lab/ros-lab/install/action_client/lib/python3.10/site-packages/action_client
[3.439s] copying /home/akshaj/Desktop/ros-lab/ros-lab/build/action_client/build/lib/action_client/pime_client.py -> /home/akshaj/Desktop/ros-lab/ros-lab/install/action_client/lib/python3.10/site-packages/action_client
[3.439s] copying /home/akshaj/Desktop/ros-lab/ros-lab/build/action_client/build/lib/action_client/action_server.py -> /home/akshaj/Desktop/ros-lab/ros-lab/install/action_client/lib/python3.10/site-packages/action_client
[3.439s] copying /home/akshaj/Desktop/ros-lab/ros-lab/build/action_client/build/lib/action_client/prime_server.py -> /home/akshaj/Desktop/ros-lab/ros-lab/install/action_client/lib/python3.10/site-packages/action_client
[3.439s] byte-compiling /home/akshaj/Desktop/ros-lab/ros-lab/install/action_client/lib/python3.10/site-packages/action_client/__init__.py to __init__.cpython-310.pyc
[3.439s] byte-compiling /home/akshaj/Desktop/ros-lab/ros-lab/install/action_client/lib/python3.10/site-packages/action_client/action_client.py to action_client.cpython-310.pyc
[3.440s] byte-compiling /home/akshaj/Desktop/ros-lab/ros-lab/install/action_client/lib/python3.10/site-packages/action_client/pime_client.py to pime_client.cpython-310.pyc
[3.440s] byte-compiling /home/akshaj/Desktop/ros-lab/ros-lab/install/action_client/lib/python3.10/site-packages/action_client/action_server.py to action_server.cpython-310.pyc
[3.441s] byte-compiling /home/akshaj/Desktop/ros-lab/ros-lab/install/action_client/lib/python3.10/site-packages/action_client/prime_server.py to prime_server.cpython-310.pyc
[3.442s] running install_data
[3.442s] creating /home/akshaj/Desktop/ros-lab/ros-lab/install/action_client/share/ament_index/resource_index/packages
[3.444s] copying resource/action_client -> /home/akshaj/Desktop/ros-lab/ros-lab/install/action_client/share/ament_index/resource_index/packages
[3.444s] copying package.xml -> /home/akshaj/Desktop/ros-lab/ros-lab/install/action_client/share/action_client
[3.444s] running install_egg_info
[3.478s] Copying ../../build/action_client/action_client.egg-info to /home/akshaj/Desktop/ros-lab/ros-lab/install/action_client/lib/python3.10/site-packages/action_client-0.0.0-py3.10.egg-info
[3.480s] running install_scripts
[3.777s] Installing fibonacci_action_client script to /home/akshaj/Desktop/ros-lab/ros-lab/install/action_client/lib/action_client
[3.777s] Installing fibonacci_action_server script to /home/akshaj/Desktop/ros-lab/ros-lab/install/action_client/lib/action_client
[3.777s] Installing prime_action_client script to /home/akshaj/Desktop/ros-lab/ros-lab/install/action_client/lib/action_client
[3.777s] Installing prime_action_server script to /home/akshaj/Desktop/ros-lab/ros-lab/install/action_client/lib/action_client
[3.778s] writing list of installed files to '/home/akshaj/Desktop/ros-lab/ros-lab/build/action_client/install.log'
[3.892s] Invoked command in '/home/akshaj/Desktop/ros-lab/ros-lab/src/action_client' returned '0': PYTHONPATH=/home/akshaj/Desktop/ros-lab/ros-lab/build/action_client/prefix_override:/usr/lib/python3/dist-packages/colcon_core/task/python/colcon_distutils_commands:/home/akshaj/Desktop/ros-lab/ros-lab/install/action_client/lib/python3.10/site-packages:${PYTHONPATH} /usr/bin/python3 -W ignore:setup.py install is deprecated -W ignore:easy_install command is deprecated setup.py egg_info --egg-base ../../build/action_client build --build-base /home/akshaj/Desktop/ros-lab/ros-lab/build/action_client/build install --record /home/akshaj/Desktop/ros-lab/ros-lab/build/action_client/install.log --single-version-externally-managed install_data
