[0.329s] Invoking command in '/home/akshaj/Desktop/ros-lab/ros-lab/build/action_fibbo': CMAKE_PREFIX_PATH=/opt/ros/humble /usr/bin/cmake /home/akshaj/Desktop/ros-lab/ros-lab/src/action_fibbo -DCMAKE_INSTALL_PREFIX=/home/akshaj/Desktop/ros-lab/ros-lab/install/action_fibbo
[1.320s] -- The C compiler identification is GNU 11.4.0
[1.320s] -- The CXX compiler identification is GNU 11.4.0
[1.321s] -- Detecting C compiler ABI info
[1.321s] -- Detecting C compiler ABI info - done
[1.321s] -- Check for working C compiler: /usr/bin/cc - skipped
[1.321s] -- Detecting C compile features
[1.321s] -- Detecting C compile features - done
[1.321s] -- Detecting CXX compiler ABI info
[1.321s] -- Detecting CXX compiler ABI info - done
[1.321s] -- Check for working CXX compiler: /usr/bin/c++ - skipped
[1.322s] -- Detecting CXX compile features
[1.322s] -- Detecting CXX compile features - done
[1.322s] -- Found ament_cmake: 1.3.11 (/opt/ros/humble/share/ament_cmake/cmake)
[1.322s] -- Found Python3: /usr/bin/python3 (found version "3.10.12") found components: Interpreter 
[1.407s] -- Found rosidl_default_generators: 1.2.0 (/opt/ros/humble/share/rosidl_default_generators/cmake)
[1.412s] -- Using all available rosidl_typesupport_c: rosidl_typesupport_fastrtps_c;rosidl_typesupport_introspection_c
[1.424s] -- Found rosidl_adapter: 3.1.6 (/opt/ros/humble/share/rosidl_adapter/cmake)
[1.499s] -- Using all available rosidl_typesupport_cpp: rosidl_typesupport_fastrtps_cpp;rosidl_typesupport_introspection_cpp
[2.188s] -- Found ament_cmake_ros: 0.10.0 (/opt/ros/humble/share/ament_cmake_ros/cmake)
[2.686s] -- Using all available rosidl_typesupport_c: rosidl_typesupport_fastrtps_c;rosidl_typesupport_introspection_c
[3.166s] -- Using all available rosidl_typesupport_cpp: rosidl_typesupport_fastrtps_cpp;rosidl_typesupport_introspection_cpp
[3.207s] -- Found PythonInterp: /usr/bin/python3 (found suitable version "3.10.12", minimum required is "3.6") 
[3.213s] -- Found python_cmake_module: 0.10.0 (/opt/ros/humble/share/python_cmake_module/cmake)
[3.270s] -- Found PythonLibs: /usr/lib/x86_64-linux-gnu/libpython3.10.so (found suitable version "3.10.12", minimum required is "3.5") 
[3.270s] -- Using PYTHON_EXECUTABLE: /usr/bin/python3
[3.270s] -- Using PYTHON_INCLUDE_DIRS: /usr/include/python3.10
[3.270s] -- Using PYTHON_LIBRARIES: /usr/lib/x86_64-linux-gnu/libpython3.10.so
[3.309s] -- Found PythonExtra: .so  
[3.432s] -- Found ament_lint_auto: 0.12.12 (/opt/ros/humble/share/ament_lint_auto/cmake)
[3.474s] -- Added test 'copyright' to check source files copyright and LICENSE
[3.477s] -- Added test 'lint_cmake' to check CMake code style
[3.481s] -- Added test 'xmllint' to check XML markup files
[3.485s] -- Configuring done
[3.556s] -- Generating done
[3.581s] -- Build files have been written to: /home/akshaj/Desktop/ros-lab/ros-lab/build/action_fibbo
[3.604s] Invoked command in '/home/akshaj/Desktop/ros-lab/ros-lab/build/action_fibbo' returned '0': CMAKE_PREFIX_PATH=/opt/ros/humble /usr/bin/cmake /home/akshaj/Desktop/ros-lab/ros-lab/src/action_fibbo -DCMAKE_INSTALL_PREFIX=/home/akshaj/Desktop/ros-lab/ros-lab/install/action_fibbo
[3.620s] Invoking command in '/home/akshaj/Desktop/ros-lab/ros-lab/build/action_fibbo': CMAKE_PREFIX_PATH=/opt/ros/humble /usr/bin/cmake --build /home/akshaj/Desktop/ros-lab/ros-lab/build/action_fibbo -- -j12 -l12
[3.832s] [  3%] [34m[1mGenerating C code for ROS interfaces[0m
[3.832s] [  6%] [34m[1mGenerating C++ code for ROS interfaces[0m
[3.832s] [  6%] Built target ament_cmake_python_copy_action_fibbo
[4.381s] running egg_info
[4.443s] creating action_fibbo.egg-info
[4.443s] writing action_fibbo.egg-info/PKG-INFO
[4.443s] writing dependency_links to action_fibbo.egg-info/dependency_links.txt
[4.448s] writing top-level names to action_fibbo.egg-info/top_level.txt
[4.448s] writing manifest file 'action_fibbo.egg-info/SOURCES.txt'
[4.567s] reading manifest file 'action_fibbo.egg-info/SOURCES.txt'
[4.568s] writing manifest file 'action_fibbo.egg-info/SOURCES.txt'
[4.712s] [  6%] Built target ament_cmake_python_build_action_fibbo_egg
[4.774s] [  6%] Built target action_fibbo__cpp
[4.820s] [  9%] [34m[1mGenerating C++ introspection for ROS interfaces[0m
[4.824s] [ 12%] [34m[1mGenerating C++ type support for eProsima Fast-RTPS[0m
[4.828s] [ 16%] [34m[1mGenerating C++ type support dispatch for ROS interfaces[0m
[4.836s] [ 19%] [32mBuilding C object CMakeFiles/action_fibbo__rosidl_generator_c.dir/rosidl_generator_c/action_fibbo/action/detail/fibonacci__functions.c.o[0m
[5.337s] [ 22%] [32m[1mLinking C shared library libaction_fibbo__rosidl_generator_c.so[0m
[5.485s] [ 22%] Built target action_fibbo__rosidl_generator_c
[5.548s] [ 25%] [34m[1mGenerating C type support for eProsima Fast-RTPS[0m
[5.559s] [ 29%] [34m[1mGenerating C introspection for ROS interfaces[0m
[5.571s] [ 32%] [34m[1mGenerating C type support dispatch for ROS interfaces[0m
[6.102s] [ 35%] [32mBuilding CXX object CMakeFiles/action_fibbo__rosidl_typesupport_cpp.dir/rosidl_typesupport_cpp/action_fibbo/action/fibonacci__type_support.cpp.o[0m
[6.340s] [ 38%] [32mBuilding CXX object CMakeFiles/action_fibbo__rosidl_typesupport_introspection_cpp.dir/rosidl_typesupport_introspection_cpp/action_fibbo/action/detail/fibonacci__type_support.cpp.o[0m
[6.449s] [ 41%] [32mBuilding CXX object CMakeFiles/action_fibbo__rosidl_typesupport_fastrtps_cpp.dir/rosidl_typesupport_fastrtps_cpp/action_fibbo/action/detail/dds_fastrtps/fibonacci__type_support.cpp.o[0m
[7.621s] [ 45%] [32mBuilding CXX object CMakeFiles/action_fibbo__rosidl_typesupport_c.dir/rosidl_typesupport_c/action_fibbo/action/fibonacci__type_support.cpp.o[0m
[7.798s] [ 48%] [32m[1mLinking CXX shared library libaction_fibbo__rosidl_typesupport_c.so[0m
[7.821s] [ 51%] [32mBuilding C object CMakeFiles/action_fibbo__rosidl_typesupport_introspection_c.dir/rosidl_typesupport_introspection_c/action_fibbo/action/detail/fibonacci__type_support.c.o[0m
[7.931s] [ 54%] [32mBuilding CXX object CMakeFiles/action_fibbo__rosidl_typesupport_fastrtps_c.dir/rosidl_typesupport_fastrtps_c/action_fibbo/action/detail/fibonacci__type_support_c.cpp.o[0m
[8.039s] [ 54%] Built target action_fibbo__rosidl_typesupport_c
[8.123s] [ 58%] [32m[1mLinking C shared library libaction_fibbo__rosidl_typesupport_introspection_c.so[0m
[8.361s] [ 58%] Built target action_fibbo__rosidl_typesupport_introspection_c
[8.981s] [ 61%] [32m[1mLinking CXX shared library libaction_fibbo__rosidl_typesupport_cpp.so[0m
[9.165s] [ 61%] Built target action_fibbo__rosidl_typesupport_cpp
[9.711s] [ 64%] [32m[1mLinking CXX shared library libaction_fibbo__rosidl_typesupport_introspection_cpp.so[0m
[9.813s] [ 67%] [32m[1mLinking CXX shared library libaction_fibbo__rosidl_typesupport_fastrtps_cpp.so[0m
[9.917s] [ 70%] [32m[1mLinking CXX shared library libaction_fibbo__rosidl_typesupport_fastrtps_c.so[0m
[10.019s] [ 70%] Built target action_fibbo__rosidl_typesupport_introspection_cpp
[10.132s] [ 70%] Built target action_fibbo__rosidl_typesupport_fastrtps_cpp
[10.182s] [ 70%] Built target action_fibbo__rosidl_typesupport_fastrtps_c
[10.218s] [ 70%] Built target action_fibbo
[10.248s] [ 74%] [34m[1mGenerating Python code for ROS interfaces[0m
[11.089s] [ 74%] Built target action_fibbo__py
[11.112s] [ 77%] [32mBuilding C object CMakeFiles/action_fibbo__rosidl_generator_py.dir/rosidl_generator_py/action_fibbo/action/_fibonacci_s.c.o[0m
[11.281s] [ 80%] [32m[1mLinking C shared library rosidl_generator_py/action_fibbo/libaction_fibbo__rosidl_generator_py.so[0m
[11.329s] [ 80%] Built target action_fibbo__rosidl_generator_py
[11.356s] [ 87%] [32mBuilding C object CMakeFiles/action_fibbo__rosidl_typesupport_c__pyext.dir/rosidl_generator_py/action_fibbo/_action_fibbo_s.ep.rosidl_typesupport_c.c.o[0m
[11.357s] [ 87%] [32mBuilding C object CMakeFiles/action_fibbo__rosidl_typesupport_introspection_c__pyext.dir/rosidl_generator_py/action_fibbo/_action_fibbo_s.ep.rosidl_typesupport_introspection_c.c.o[0m
[11.357s] [ 90%] [32mBuilding C object CMakeFiles/action_fibbo__rosidl_typesupport_fastrtps_c__pyext.dir/rosidl_generator_py/action_fibbo/_action_fibbo_s.ep.rosidl_typesupport_fastrtps_c.c.o[0m
[11.492s] [ 93%] [32m[1mLinking C shared library rosidl_generator_py/action_fibbo/action_fibbo_s__rosidl_typesupport_c.cpython-310-x86_64-linux-gnu.so[0m
[11.492s] [ 96%] [32m[1mLinking C shared library rosidl_generator_py/action_fibbo/action_fibbo_s__rosidl_typesupport_fastrtps_c.cpython-310-x86_64-linux-gnu.so[0m
[11.506s] [100%] [32m[1mLinking C shared library rosidl_generator_py/action_fibbo/action_fibbo_s__rosidl_typesupport_introspection_c.cpython-310-x86_64-linux-gnu.so[0m
[11.534s] [100%] Built target action_fibbo__rosidl_typesupport_c__pyext
[11.534s] [100%] Built target action_fibbo__rosidl_typesupport_fastrtps_c__pyext
[11.548s] [100%] Built target action_fibbo__rosidl_typesupport_introspection_c__pyext
[11.687s] Invoked command in '/home/akshaj/Desktop/ros-lab/ros-lab/build/action_fibbo' returned '0': CMAKE_PREFIX_PATH=/opt/ros/humble /usr/bin/cmake --build /home/akshaj/Desktop/ros-lab/ros-lab/build/action_fibbo -- -j12 -l12
[11.689s] Invoking command in '/home/akshaj/Desktop/ros-lab/ros-lab/build/action_fibbo': CMAKE_PREFIX_PATH=/opt/ros/humble /usr/bin/cmake --install /home/akshaj/Desktop/ros-lab/ros-lab/build/action_fibbo
[11.696s] -- Install configuration: ""
[11.696s] -- Installing: /home/akshaj/Desktop/ros-lab/ros-lab/install/action_fibbo/share/ament_index/resource_index/rosidl_interfaces/action_fibbo
[11.696s] -- Installing: /home/akshaj/Desktop/ros-lab/ros-lab/install/action_fibbo/include/action_fibbo/action_fibbo
[11.696s] -- Installing: /home/akshaj/Desktop/ros-lab/ros-lab/install/action_fibbo/include/action_fibbo/action_fibbo/msg
[11.696s] -- Installing: /home/akshaj/Desktop/ros-lab/ros-lab/install/action_fibbo/include/action_fibbo/action_fibbo/msg/rosidl_generator_c__visibility_control.h
[11.697s] -- Installing: /home/akshaj/Desktop/ros-lab/ros-lab/install/action_fibbo/include/action_fibbo/action_fibbo/action
[11.697s] -- Installing: /home/akshaj/Desktop/ros-lab/ros-lab/install/action_fibbo/include/action_fibbo/action_fibbo/action/detail
[11.697s] -- Installing: /home/akshaj/Desktop/ros-lab/ros-lab/install/action_fibbo/include/action_fibbo/action_fibbo/action/detail/fibonacci__type_support.h
[11.697s] -- Installing: /home/akshaj/Desktop/ros-lab/ros-lab/install/action_fibbo/include/action_fibbo/action_fibbo/action/detail/fibonacci__functions.c
[11.697s] -- Installing: /home/akshaj/Desktop/ros-lab/ros-lab/install/action_fibbo/include/action_fibbo/action_fibbo/action/detail/fibonacci__functions.h
[11.698s] -- Installing: /home/akshaj/Desktop/ros-lab/ros-lab/install/action_fibbo/include/action_fibbo/action_fibbo/action/detail/fibonacci__struct.h
[11.698s] -- Installing: /home/akshaj/Desktop/ros-lab/ros-lab/install/action_fibbo/include/action_fibbo/action_fibbo/action/fibonacci.h
[11.698s] -- Installing: /home/akshaj/Desktop/ros-lab/ros-lab/install/action_fibbo/share/action_fibbo/environment/library_path.sh
[11.698s] -- Installing: /home/akshaj/Desktop/ros-lab/ros-lab/install/action_fibbo/share/action_fibbo/environment/library_path.dsv
[11.698s] -- Installing: /home/akshaj/Desktop/ros-lab/ros-lab/install/action_fibbo/lib/libaction_fibbo__rosidl_generator_c.so
[11.698s] -- Set runtime path of "/home/akshaj/Desktop/ros-lab/ros-lab/install/action_fibbo/lib/libaction_fibbo__rosidl_generator_c.so" to ""
[11.698s] -- Up-to-date: /home/akshaj/Desktop/ros-lab/ros-lab/install/action_fibbo/include/action_fibbo/action_fibbo
[11.698s] -- Up-to-date: /home/akshaj/Desktop/ros-lab/ros-lab/install/action_fibbo/include/action_fibbo/action_fibbo/msg
[11.698s] -- Installing: /home/akshaj/Desktop/ros-lab/ros-lab/install/action_fibbo/include/action_fibbo/action_fibbo/msg/rosidl_typesupport_fastrtps_c__visibility_control.h
[11.699s] -- Up-to-date: /home/akshaj/Desktop/ros-lab/ros-lab/install/action_fibbo/include/action_fibbo/action_fibbo/action
[11.699s] -- Up-to-date: /home/akshaj/Desktop/ros-lab/ros-lab/install/action_fibbo/include/action_fibbo/action_fibbo/action/detail
[11.699s] -- Installing: /home/akshaj/Desktop/ros-lab/ros-lab/install/action_fibbo/include/action_fibbo/action_fibbo/action/detail/fibonacci__rosidl_typesupport_fastrtps_c.h
[11.699s] -- Installing: /home/akshaj/Desktop/ros-lab/ros-lab/install/action_fibbo/lib/libaction_fibbo__rosidl_typesupport_fastrtps_c.so
[11.699s] -- Set runtime path of "/home/akshaj/Desktop/ros-lab/ros-lab/install/action_fibbo/lib/libaction_fibbo__rosidl_typesupport_fastrtps_c.so" to ""
[11.699s] -- Up-to-date: /home/akshaj/Desktop/ros-lab/ros-lab/install/action_fibbo/include/action_fibbo/action_fibbo
[11.699s] -- Up-to-date: /home/akshaj/Desktop/ros-lab/ros-lab/install/action_fibbo/include/action_fibbo/action_fibbo/msg
[11.699s] -- Installing: /home/akshaj/Desktop/ros-lab/ros-lab/install/action_fibbo/include/action_fibbo/action_fibbo/msg/rosidl_typesupport_introspection_c__visibility_control.h
[11.699s] -- Up-to-date: /home/akshaj/Desktop/ros-lab/ros-lab/install/action_fibbo/include/action_fibbo/action_fibbo/action
[11.699s] -- Up-to-date: /home/akshaj/Desktop/ros-lab/ros-lab/install/action_fibbo/include/action_fibbo/action_fibbo/action/detail
[11.700s] -- Installing: /home/akshaj/Desktop/ros-lab/ros-lab/install/action_fibbo/include/action_fibbo/action_fibbo/action/detail/fibonacci__rosidl_typesupport_introspection_c.h
[11.700s] -- Installing: /home/akshaj/Desktop/ros-lab/ros-lab/install/action_fibbo/include/action_fibbo/action_fibbo/action/detail/fibonacci__type_support.c
[11.700s] -- Installing: /home/akshaj/Desktop/ros-lab/ros-lab/install/action_fibbo/lib/libaction_fibbo__rosidl_typesupport_introspection_c.so
[11.700s] -- Set runtime path of "/home/akshaj/Desktop/ros-lab/ros-lab/install/action_fibbo/lib/libaction_fibbo__rosidl_typesupport_introspection_c.so" to ""
[11.700s] -- Installing: /home/akshaj/Desktop/ros-lab/ros-lab/install/action_fibbo/lib/libaction_fibbo__rosidl_typesupport_c.so
[11.700s] -- Set runtime path of "/home/akshaj/Desktop/ros-lab/ros-lab/install/action_fibbo/lib/libaction_fibbo__rosidl_typesupport_c.so" to ""
[11.700s] -- Up-to-date: /home/akshaj/Desktop/ros-lab/ros-lab/install/action_fibbo/include/action_fibbo/action_fibbo
[11.700s] -- Up-to-date: /home/akshaj/Desktop/ros-lab/ros-lab/install/action_fibbo/include/action_fibbo/action_fibbo/msg
[11.701s] -- Installing: /home/akshaj/Desktop/ros-lab/ros-lab/install/action_fibbo/include/action_fibbo/action_fibbo/msg/rosidl_generator_cpp__visibility_control.hpp
[11.701s] -- Up-to-date: /home/akshaj/Desktop/ros-lab/ros-lab/install/action_fibbo/include/action_fibbo/action_fibbo/action
[11.701s] -- Installing: /home/akshaj/Desktop/ros-lab/ros-lab/install/action_fibbo/include/action_fibbo/action_fibbo/action/fibonacci.hpp
[11.701s] -- Up-to-date: /home/akshaj/Desktop/ros-lab/ros-lab/install/action_fibbo/include/action_fibbo/action_fibbo/action/detail
[11.701s] -- Installing: /home/akshaj/Desktop/ros-lab/ros-lab/install/action_fibbo/include/action_fibbo/action_fibbo/action/detail/fibonacci__type_support.hpp
[11.701s] -- Installing: /home/akshaj/Desktop/ros-lab/ros-lab/install/action_fibbo/include/action_fibbo/action_fibbo/action/detail/fibonacci__traits.hpp
[11.701s] -- Installing: /home/akshaj/Desktop/ros-lab/ros-lab/install/action_fibbo/include/action_fibbo/action_fibbo/action/detail/fibonacci__builder.hpp
[11.702s] -- Installing: /home/akshaj/Desktop/ros-lab/ros-lab/install/action_fibbo/include/action_fibbo/action_fibbo/action/detail/fibonacci__struct.hpp
[11.702s] -- Up-to-date: /home/akshaj/Desktop/ros-lab/ros-lab/install/action_fibbo/include/action_fibbo/action_fibbo
[11.702s] -- Up-to-date: /home/akshaj/Desktop/ros-lab/ros-lab/install/action_fibbo/include/action_fibbo/action_fibbo/msg
[11.702s] -- Installing: /home/akshaj/Desktop/ros-lab/ros-lab/install/action_fibbo/include/action_fibbo/action_fibbo/msg/rosidl_typesupport_fastrtps_cpp__visibility_control.h
[11.702s] -- Up-to-date: /home/akshaj/Desktop/ros-lab/ros-lab/install/action_fibbo/include/action_fibbo/action_fibbo/action
[11.702s] -- Up-to-date: /home/akshaj/Desktop/ros-lab/ros-lab/install/action_fibbo/include/action_fibbo/action_fibbo/action/detail
[11.702s] -- Installing: /home/akshaj/Desktop/ros-lab/ros-lab/install/action_fibbo/include/action_fibbo/action_fibbo/action/detail/dds_fastrtps
[11.702s] -- Installing: /home/akshaj/Desktop/ros-lab/ros-lab/install/action_fibbo/include/action_fibbo/action_fibbo/action/detail/fibonacci__rosidl_typesupport_fastrtps_cpp.hpp
[11.702s] -- Installing: /home/akshaj/Desktop/ros-lab/ros-lab/install/action_fibbo/lib/libaction_fibbo__rosidl_typesupport_fastrtps_cpp.so
[11.702s] -- Set runtime path of "/home/akshaj/Desktop/ros-lab/ros-lab/install/action_fibbo/lib/libaction_fibbo__rosidl_typesupport_fastrtps_cpp.so" to ""
[11.703s] -- Up-to-date: /home/akshaj/Desktop/ros-lab/ros-lab/install/action_fibbo/include/action_fibbo/action_fibbo
[11.703s] -- Up-to-date: /home/akshaj/Desktop/ros-lab/ros-lab/install/action_fibbo/include/action_fibbo/action_fibbo/action
[11.703s] -- Up-to-date: /home/akshaj/Desktop/ros-lab/ros-lab/install/action_fibbo/include/action_fibbo/action_fibbo/action/detail
[11.703s] -- Installing: /home/akshaj/Desktop/ros-lab/ros-lab/install/action_fibbo/include/action_fibbo/action_fibbo/action/detail/fibonacci__rosidl_typesupport_introspection_cpp.hpp
[11.703s] -- Installing: /home/akshaj/Desktop/ros-lab/ros-lab/install/action_fibbo/include/action_fibbo/action_fibbo/action/detail/fibonacci__type_support.cpp
[11.704s] -- Installing: /home/akshaj/Desktop/ros-lab/ros-lab/install/action_fibbo/lib/libaction_fibbo__rosidl_typesupport_introspection_cpp.so
[11.704s] -- Set runtime path of "/home/akshaj/Desktop/ros-lab/ros-lab/install/action_fibbo/lib/libaction_fibbo__rosidl_typesupport_introspection_cpp.so" to ""
[11.704s] -- Installing: /home/akshaj/Desktop/ros-lab/ros-lab/install/action_fibbo/lib/libaction_fibbo__rosidl_typesupport_cpp.so
[11.704s] -- Set runtime path of "/home/akshaj/Desktop/ros-lab/ros-lab/install/action_fibbo/lib/libaction_fibbo__rosidl_typesupport_cpp.so" to ""
[11.704s] -- Installing: /home/akshaj/Desktop/ros-lab/ros-lab/install/action_fibbo/share/action_fibbo/environment/pythonpath.sh
[11.704s] -- Installing: /home/akshaj/Desktop/ros-lab/ros-lab/install/action_fibbo/share/action_fibbo/environment/pythonpath.dsv
[11.704s] -- Installing: /home/akshaj/Desktop/ros-lab/ros-lab/install/action_fibbo/local/lib/python3.10/dist-packages/action_fibbo-0.0.0-py3.10.egg-info
[11.704s] -- Installing: /home/akshaj/Desktop/ros-lab/ros-lab/install/action_fibbo/local/lib/python3.10/dist-packages/action_fibbo-0.0.0-py3.10.egg-info/SOURCES.txt
[11.704s] -- Installing: /home/akshaj/Desktop/ros-lab/ros-lab/install/action_fibbo/local/lib/python3.10/dist-packages/action_fibbo-0.0.0-py3.10.egg-info/top_level.txt
[11.705s] -- Installing: /home/akshaj/Desktop/ros-lab/ros-lab/install/action_fibbo/local/lib/python3.10/dist-packages/action_fibbo-0.0.0-py3.10.egg-info/dependency_links.txt
[11.705s] -- Installing: /home/akshaj/Desktop/ros-lab/ros-lab/install/action_fibbo/local/lib/python3.10/dist-packages/action_fibbo-0.0.0-py3.10.egg-info/PKG-INFO
[11.705s] -- Installing: /home/akshaj/Desktop/ros-lab/ros-lab/install/action_fibbo/local/lib/python3.10/dist-packages/action_fibbo
[11.705s] -- Installing: /home/akshaj/Desktop/ros-lab/ros-lab/install/action_fibbo/local/lib/python3.10/dist-packages/action_fibbo/_action_fibbo_s.ep.rosidl_typesupport_c.c
[11.705s] -- Installing: /home/akshaj/Desktop/ros-lab/ros-lab/install/action_fibbo/local/lib/python3.10/dist-packages/action_fibbo/action_fibbo_s__rosidl_typesupport_introspection_c.cpython-310-x86_64-linux-gnu.so
[11.705s] -- Installing: /home/akshaj/Desktop/ros-lab/ros-lab/install/action_fibbo/local/lib/python3.10/dist-packages/action_fibbo/action_fibbo_s__rosidl_typesupport_c.cpython-310-x86_64-linux-gnu.so
[11.706s] -- Installing: /home/akshaj/Desktop/ros-lab/ros-lab/install/action_fibbo/local/lib/python3.10/dist-packages/action_fibbo/__init__.py
[11.706s] -- Installing: /home/akshaj/Desktop/ros-lab/ros-lab/install/action_fibbo/local/lib/python3.10/dist-packages/action_fibbo/_action_fibbo_s.ep.rosidl_typesupport_fastrtps_c.c
[11.706s] -- Installing: /home/akshaj/Desktop/ros-lab/ros-lab/install/action_fibbo/local/lib/python3.10/dist-packages/action_fibbo/_action_fibbo_s.ep.rosidl_typesupport_introspection_c.c
[11.706s] -- Installing: /home/akshaj/Desktop/ros-lab/ros-lab/install/action_fibbo/local/lib/python3.10/dist-packages/action_fibbo/action
[11.706s] -- Installing: /home/akshaj/Desktop/ros-lab/ros-lab/install/action_fibbo/local/lib/python3.10/dist-packages/action_fibbo/action/__init__.py
[11.706s] -- Installing: /home/akshaj/Desktop/ros-lab/ros-lab/install/action_fibbo/local/lib/python3.10/dist-packages/action_fibbo/action/_fibonacci.py
[11.706s] -- Installing: /home/akshaj/Desktop/ros-lab/ros-lab/install/action_fibbo/local/lib/python3.10/dist-packages/action_fibbo/action/_fibonacci_s.c
[11.707s] -- Installing: /home/akshaj/Desktop/ros-lab/ros-lab/install/action_fibbo/local/lib/python3.10/dist-packages/action_fibbo/action_fibbo_s__rosidl_typesupport_fastrtps_c.cpython-310-x86_64-linux-gnu.so
[11.707s] -- Installing: /home/akshaj/Desktop/ros-lab/ros-lab/install/action_fibbo/local/lib/python3.10/dist-packages/action_fibbo/libaction_fibbo__rosidl_generator_py.so
[11.740s] Listing '/home/akshaj/Desktop/ros-lab/ros-lab/install/action_fibbo/local/lib/python3.10/dist-packages/action_fibbo'...
[11.740s] Compiling '/home/akshaj/Desktop/ros-lab/ros-lab/install/action_fibbo/local/lib/python3.10/dist-packages/action_fibbo/__init__.py'...
[11.740s] Listing '/home/akshaj/Desktop/ros-lab/ros-lab/install/action_fibbo/local/lib/python3.10/dist-packages/action_fibbo/action'...
[11.740s] Compiling '/home/akshaj/Desktop/ros-lab/ros-lab/install/action_fibbo/local/lib/python3.10/dist-packages/action_fibbo/action/__init__.py'...
[11.740s] Compiling '/home/akshaj/Desktop/ros-lab/ros-lab/install/action_fibbo/local/lib/python3.10/dist-packages/action_fibbo/action/_fibonacci.py'...
[11.744s] -- Installing: /home/akshaj/Desktop/ros-lab/ros-lab/install/action_fibbo/local/lib/python3.10/dist-packages/action_fibbo/action_fibbo_s__rosidl_typesupport_fastrtps_c.cpython-310-x86_64-linux-gnu.so
[11.744s] -- Set runtime path of "/home/akshaj/Desktop/ros-lab/ros-lab/install/action_fibbo/local/lib/python3.10/dist-packages/action_fibbo/action_fibbo_s__rosidl_typesupport_fastrtps_c.cpython-310-x86_64-linux-gnu.so" to ""
[11.745s] -- Installing: /home/akshaj/Desktop/ros-lab/ros-lab/install/action_fibbo/local/lib/python3.10/dist-packages/action_fibbo/action_fibbo_s__rosidl_typesupport_introspection_c.cpython-310-x86_64-linux-gnu.so
[11.745s] -- Set runtime path of "/home/akshaj/Desktop/ros-lab/ros-lab/install/action_fibbo/local/lib/python3.10/dist-packages/action_fibbo/action_fibbo_s__rosidl_typesupport_introspection_c.cpython-310-x86_64-linux-gnu.so" to ""
[11.746s] -- Installing: /home/akshaj/Desktop/ros-lab/ros-lab/install/action_fibbo/local/lib/python3.10/dist-packages/action_fibbo/action_fibbo_s__rosidl_typesupport_c.cpython-310-x86_64-linux-gnu.so
[11.746s] -- Set runtime path of "/home/akshaj/Desktop/ros-lab/ros-lab/install/action_fibbo/local/lib/python3.10/dist-packages/action_fibbo/action_fibbo_s__rosidl_typesupport_c.cpython-310-x86_64-linux-gnu.so" to ""
[11.746s] -- Installing: /home/akshaj/Desktop/ros-lab/ros-lab/install/action_fibbo/lib/libaction_fibbo__rosidl_generator_py.so
[11.747s] -- Set runtime path of "/home/akshaj/Desktop/ros-lab/ros-lab/install/action_fibbo/lib/libaction_fibbo__rosidl_generator_py.so" to ""
[11.747s] -- Installing: /home/akshaj/Desktop/ros-lab/ros-lab/install/action_fibbo/share/action_fibbo/action/Fibonacci.idl
[11.747s] -- Installing: /home/akshaj/Desktop/ros-lab/ros-lab/install/action_fibbo/share/action_fibbo/action/Fibonacci.action
[11.747s] -- Installing: /home/akshaj/Desktop/ros-lab/ros-lab/install/action_fibbo/share/ament_index/resource_index/package_run_dependencies/action_fibbo
[11.747s] -- Installing: /home/akshaj/Desktop/ros-lab/ros-lab/install/action_fibbo/share/ament_index/resource_index/parent_prefix_path/action_fibbo
[11.747s] -- Installing: /home/akshaj/Desktop/ros-lab/ros-lab/install/action_fibbo/share/action_fibbo/environment/ament_prefix_path.sh
[11.748s] -- Installing: /home/akshaj/Desktop/ros-lab/ros-lab/install/action_fibbo/share/action_fibbo/environment/ament_prefix_path.dsv
[11.748s] -- Installing: /home/akshaj/Desktop/ros-lab/ros-lab/install/action_fibbo/share/action_fibbo/environment/path.sh
[11.748s] -- Installing: /home/akshaj/Desktop/ros-lab/ros-lab/install/action_fibbo/share/action_fibbo/environment/path.dsv
[11.748s] -- Installing: /home/akshaj/Desktop/ros-lab/ros-lab/install/action_fibbo/share/action_fibbo/local_setup.bash
[11.748s] -- Installing: /home/akshaj/Desktop/ros-lab/ros-lab/install/action_fibbo/share/action_fibbo/local_setup.sh
[11.748s] -- Installing: /home/akshaj/Desktop/ros-lab/ros-lab/install/action_fibbo/share/action_fibbo/local_setup.zsh
[11.748s] -- Installing: /home/akshaj/Desktop/ros-lab/ros-lab/install/action_fibbo/share/action_fibbo/local_setup.dsv
[11.749s] -- Installing: /home/akshaj/Desktop/ros-lab/ros-lab/install/action_fibbo/share/action_fibbo/package.dsv
[11.749s] -- Installing: /home/akshaj/Desktop/ros-lab/ros-lab/install/action_fibbo/share/ament_index/resource_index/packages/action_fibbo
[11.749s] -- Installing: /home/akshaj/Desktop/ros-lab/ros-lab/install/action_fibbo/share/action_fibbo/cmake/export_action_fibbo__rosidl_generator_cExport.cmake
[11.749s] -- Installing: /home/akshaj/Desktop/ros-lab/ros-lab/install/action_fibbo/share/action_fibbo/cmake/export_action_fibbo__rosidl_generator_cExport-noconfig.cmake
[11.750s] -- Installing: /home/akshaj/Desktop/ros-lab/ros-lab/install/action_fibbo/share/action_fibbo/cmake/export_action_fibbo__rosidl_typesupport_fastrtps_cExport.cmake
[11.750s] -- Installing: /home/akshaj/Desktop/ros-lab/ros-lab/install/action_fibbo/share/action_fibbo/cmake/export_action_fibbo__rosidl_typesupport_fastrtps_cExport-noconfig.cmake
[11.750s] -- Installing: /home/akshaj/Desktop/ros-lab/ros-lab/install/action_fibbo/share/action_fibbo/cmake/action_fibbo__rosidl_typesupport_introspection_cExport.cmake
[11.750s] -- Installing: /home/akshaj/Desktop/ros-lab/ros-lab/install/action_fibbo/share/action_fibbo/cmake/action_fibbo__rosidl_typesupport_introspection_cExport-noconfig.cmake
[11.750s] -- Installing: /home/akshaj/Desktop/ros-lab/ros-lab/install/action_fibbo/share/action_fibbo/cmake/action_fibbo__rosidl_typesupport_cExport.cmake
[11.750s] -- Installing: /home/akshaj/Desktop/ros-lab/ros-lab/install/action_fibbo/share/action_fibbo/cmake/action_fibbo__rosidl_typesupport_cExport-noconfig.cmake
[11.751s] -- Installing: /home/akshaj/Desktop/ros-lab/ros-lab/install/action_fibbo/share/action_fibbo/cmake/export_action_fibbo__rosidl_generator_cppExport.cmake
[11.751s] -- Installing: /home/akshaj/Desktop/ros-lab/ros-lab/install/action_fibbo/share/action_fibbo/cmake/export_action_fibbo__rosidl_typesupport_fastrtps_cppExport.cmake
[11.751s] -- Installing: /home/akshaj/Desktop/ros-lab/ros-lab/install/action_fibbo/share/action_fibbo/cmake/export_action_fibbo__rosidl_typesupport_fastrtps_cppExport-noconfig.cmake
[11.751s] -- Installing: /home/akshaj/Desktop/ros-lab/ros-lab/install/action_fibbo/share/action_fibbo/cmake/action_fibbo__rosidl_typesupport_introspection_cppExport.cmake
[11.751s] -- Installing: /home/akshaj/Desktop/ros-lab/ros-lab/install/action_fibbo/share/action_fibbo/cmake/action_fibbo__rosidl_typesupport_introspection_cppExport-noconfig.cmake
[11.751s] -- Installing: /home/akshaj/Desktop/ros-lab/ros-lab/install/action_fibbo/share/action_fibbo/cmake/action_fibbo__rosidl_typesupport_cppExport.cmake
[11.752s] -- Installing: /home/akshaj/Desktop/ros-lab/ros-lab/install/action_fibbo/share/action_fibbo/cmake/action_fibbo__rosidl_typesupport_cppExport-noconfig.cmake
[11.752s] -- Installing: /home/akshaj/Desktop/ros-lab/ros-lab/install/action_fibbo/share/action_fibbo/cmake/export_action_fibbo__rosidl_generator_pyExport.cmake
[11.752s] -- Installing: /home/akshaj/Desktop/ros-lab/ros-lab/install/action_fibbo/share/action_fibbo/cmake/export_action_fibbo__rosidl_generator_pyExport-noconfig.cmake
[11.752s] -- Installing: /home/akshaj/Desktop/ros-lab/ros-lab/install/action_fibbo/share/action_fibbo/cmake/rosidl_cmake-extras.cmake
[11.752s] -- Installing: /home/akshaj/Desktop/ros-lab/ros-lab/install/action_fibbo/share/action_fibbo/cmake/ament_cmake_export_dependencies-extras.cmake
[11.753s] -- Installing: /home/akshaj/Desktop/ros-lab/ros-lab/install/action_fibbo/share/action_fibbo/cmake/ament_cmake_export_include_directories-extras.cmake
[11.753s] -- Installing: /home/akshaj/Desktop/ros-lab/ros-lab/install/action_fibbo/share/action_fibbo/cmake/ament_cmake_export_libraries-extras.cmake
[11.753s] -- Installing: /home/akshaj/Desktop/ros-lab/ros-lab/install/action_fibbo/share/action_fibbo/cmake/ament_cmake_export_targets-extras.cmake
[11.753s] -- Installing: /home/akshaj/Desktop/ros-lab/ros-lab/install/action_fibbo/share/action_fibbo/cmake/rosidl_cmake_export_typesupport_targets-extras.cmake
[11.753s] -- Installing: /home/akshaj/Desktop/ros-lab/ros-lab/install/action_fibbo/share/action_fibbo/cmake/rosidl_cmake_export_typesupport_libraries-extras.cmake
[11.754s] -- Installing: /home/akshaj/Desktop/ros-lab/ros-lab/install/action_fibbo/share/action_fibbo/cmake/action_fibboConfig.cmake
[11.754s] -- Installing: /home/akshaj/Desktop/ros-lab/ros-lab/install/action_fibbo/share/action_fibbo/cmake/action_fibboConfig-version.cmake
[11.754s] -- Installing: /home/akshaj/Desktop/ros-lab/ros-lab/install/action_fibbo/share/action_fibbo/package.xml
[11.767s] Invoked command in '/home/akshaj/Desktop/ros-lab/ros-lab/build/action_fibbo' returned '0': CMAKE_PREFIX_PATH=/opt/ros/humble /usr/bin/cmake --install /home/akshaj/Desktop/ros-lab/ros-lab/build/action_fibbo
