/home/akshaj/Desktop/ros-lab/ros-lab/install/action_client/lib/python3.10/site-packages/action_client/__init__.py
/home/akshaj/Desktop/ros-lab/ros-lab/install/action_client/lib/python3.10/site-packages/action_client/action_client.py
/home/akshaj/Desktop/ros-lab/ros-lab/install/action_client/lib/python3.10/site-packages/action_client/pime_client.py
/home/akshaj/Desktop/ros-lab/ros-lab/install/action_client/lib/python3.10/site-packages/action_client/action_server.py
/home/akshaj/Desktop/ros-lab/ros-lab/install/action_client/lib/python3.10/site-packages/action_client/prime_server.py
/home/akshaj/Desktop/ros-lab/ros-lab/install/action_client/lib/python3.10/site-packages/action_client/__pycache__/__init__.cpython-310.pyc
/home/akshaj/Desktop/ros-lab/ros-lab/install/action_client/lib/python3.10/site-packages/action_client/__pycache__/action_client.cpython-310.pyc
/home/akshaj/Desktop/ros-lab/ros-lab/install/action_client/lib/python3.10/site-packages/action_client/__pycache__/pime_client.cpython-310.pyc
/home/akshaj/Desktop/ros-lab/ros-lab/install/action_client/lib/python3.10/site-packages/action_client/__pycache__/action_server.cpython-310.pyc
/home/akshaj/Desktop/ros-lab/ros-lab/install/action_client/lib/python3.10/site-packages/action_client/__pycache__/prime_server.cpython-310.pyc
/home/akshaj/Desktop/ros-lab/ros-lab/install/action_client/share/ament_index/resource_index/packages/action_client
/home/akshaj/Desktop/ros-lab/ros-lab/install/action_client/share/action_client/package.xml
/home/akshaj/Desktop/ros-lab/ros-lab/install/action_client/lib/python3.10/site-packages/action_client-0.0.0-py3.10.egg-info/requires.txt
/home/akshaj/Desktop/ros-lab/ros-lab/install/action_client/lib/python3.10/site-packages/action_client-0.0.0-py3.10.egg-info/SOURCES.txt
/home/akshaj/Desktop/ros-lab/ros-lab/install/action_client/lib/python3.10/site-packages/action_client-0.0.0-py3.10.egg-info/top_level.txt
/home/akshaj/Desktop/ros-lab/ros-lab/install/action_client/lib/python3.10/site-packages/action_client-0.0.0-py3.10.egg-info/zip-safe
/home/akshaj/Desktop/ros-lab/ros-lab/install/action_client/lib/python3.10/site-packages/action_client-0.0.0-py3.10.egg-info/dependency_links.txt
/home/akshaj/Desktop/ros-lab/ros-lab/install/action_client/lib/python3.10/site-packages/action_client-0.0.0-py3.10.egg-info/PKG-INFO
/home/akshaj/Desktop/ros-lab/ros-lab/install/action_client/lib/python3.10/site-packages/action_client-0.0.0-py3.10.egg-info/entry_points.txt
/home/akshaj/Desktop/ros-lab/ros-lab/install/action_client/lib/action_client/fibonacci_action_client
/home/akshaj/Desktop/ros-lab/ros-lab/install/action_client/lib/action_client/fibonacci_action_server
/home/akshaj/Desktop/ros-lab/ros-lab/install/action_client/lib/action_client/prime_action_client
/home/akshaj/Desktop/ros-lab/ros-lab/install/action_client/lib/action_client/prime_action_server
