/home/akshaj/Desktop/ros-lab/ros-lab/install/custom_service_msg/lib/python3.10/site-packages/custom_service_msg/ass5_service.py
/home/akshaj/Desktop/ros-lab/ros-lab/install/custom_service_msg/lib/python3.10/site-packages/custom_service_msg/__init__.py
/home/akshaj/Desktop/ros-lab/ros-lab/install/custom_service_msg/lib/python3.10/site-packages/custom_service_msg/ass5_client.py
/home/akshaj/Desktop/ros-lab/ros-lab/install/custom_service_msg/lib/python3.10/site-packages/custom_service_msg/service.py
/home/akshaj/Desktop/ros-lab/ros-lab/install/custom_service_msg/lib/python3.10/site-packages/custom_service_msg/client.py
/home/akshaj/Desktop/ros-lab/ros-lab/install/custom_service_msg/lib/python3.10/site-packages/custom_service_msg/__pycache__/ass5_service.cpython-310.pyc
/home/akshaj/Desktop/ros-lab/ros-lab/install/custom_service_msg/lib/python3.10/site-packages/custom_service_msg/__pycache__/__init__.cpython-310.pyc
/home/akshaj/Desktop/ros-lab/ros-lab/install/custom_service_msg/lib/python3.10/site-packages/custom_service_msg/__pycache__/ass5_client.cpython-310.pyc
/home/akshaj/Desktop/ros-lab/ros-lab/install/custom_service_msg/lib/python3.10/site-packages/custom_service_msg/__pycache__/service.cpython-310.pyc
/home/akshaj/Desktop/ros-lab/ros-lab/install/custom_service_msg/lib/python3.10/site-packages/custom_service_msg/__pycache__/client.cpython-310.pyc
/home/akshaj/Desktop/ros-lab/ros-lab/install/custom_service_msg/share/ament_index/resource_index/packages/custom_service_msg
/home/akshaj/Desktop/ros-lab/ros-lab/install/custom_service_msg/share/custom_service_msg/package.xml
/home/akshaj/Desktop/ros-lab/ros-lab/install/custom_service_msg/lib/python3.10/site-packages/custom_service_msg-0.0.0-py3.10.egg-info/requires.txt
/home/akshaj/Desktop/ros-lab/ros-lab/install/custom_service_msg/lib/python3.10/site-packages/custom_service_msg-0.0.0-py3.10.egg-info/SOURCES.txt
/home/akshaj/Desktop/ros-lab/ros-lab/install/custom_service_msg/lib/python3.10/site-packages/custom_service_msg-0.0.0-py3.10.egg-info/top_level.txt
/home/akshaj/Desktop/ros-lab/ros-lab/install/custom_service_msg/lib/python3.10/site-packages/custom_service_msg-0.0.0-py3.10.egg-info/zip-safe
/home/akshaj/Desktop/ros-lab/ros-lab/install/custom_service_msg/lib/python3.10/site-packages/custom_service_msg-0.0.0-py3.10.egg-info/dependency_links.txt
/home/akshaj/Desktop/ros-lab/ros-lab/install/custom_service_msg/lib/python3.10/site-packages/custom_service_msg-0.0.0-py3.10.egg-info/PKG-INFO
/home/akshaj/Desktop/ros-lab/ros-lab/install/custom_service_msg/lib/python3.10/site-packages/custom_service_msg-0.0.0-py3.10.egg-info/entry_points.txt
/home/akshaj/Desktop/ros-lab/ros-lab/install/custom_service_msg/lib/custom_service_msg/ass5_c
/home/akshaj/Desktop/ros-lab/ros-lab/install/custom_service_msg/lib/custom_service_msg/ass5_s
/home/akshaj/Desktop/ros-lab/ros-lab/install/custom_service_msg/lib/custom_service_msg/client
/home/akshaj/Desktop/ros-lab/ros-lab/install/custom_service_msg/lib/custom_service_msg/service
