/home/akshaj/.local/lib/python3.10/site-packages/setuptools/_distutils/dist.py:289: UserWarning: Unknown distribution option: 'tests_require'
  warnings.warn(msg)
running egg_info
creating ../../build/custom_service_msg/custom_service_msg.egg-info
writing ../../build/custom_service_msg/custom_service_msg.egg-info/PKG-INFO
writing dependency_links to ../../build/custom_service_msg/custom_service_msg.egg-info/dependency_links.txt
writing entry points to ../../build/custom_service_msg/custom_service_msg.egg-info/entry_points.txt
writing requirements to ../../build/custom_service_msg/custom_service_msg.egg-info/requires.txt
writing top-level names to ../../build/custom_service_msg/custom_service_msg.egg-info/top_level.txt
writing manifest file '../../build/custom_service_msg/custom_service_msg.egg-info/SOURCES.txt'
reading manifest file '../../build/custom_service_msg/custom_service_msg.egg-info/SOURCES.txt'
writing manifest file '../../build/custom_service_msg/custom_service_msg.egg-info/SOURCES.txt'
running build
running build_py
creating /home/akshaj/Desktop/ros-lab/ros-lab/build/custom_service_msg/build/lib/custom_service_msg
copying custom_service_msg/ass5_service.py -> /home/akshaj/Desktop/ros-lab/ros-lab/build/custom_service_msg/build/lib/custom_service_msg
copying custom_service_msg/__init__.py -> /home/akshaj/Desktop/ros-lab/ros-lab/build/custom_service_msg/build/lib/custom_service_msg
copying custom_service_msg/ass5_client.py -> /home/akshaj/Desktop/ros-lab/ros-lab/build/custom_service_msg/build/lib/custom_service_msg
copying custom_service_msg/service.py -> /home/akshaj/Desktop/ros-lab/ros-lab/build/custom_service_msg/build/lib/custom_service_msg
copying custom_service_msg/client.py -> /home/akshaj/Desktop/ros-lab/ros-lab/build/custom_service_msg/build/lib/custom_service_msg
running install
running install_lib
creating /home/akshaj/Desktop/ros-lab/ros-lab/install/custom_service_msg/lib/python3.10/site-packages/custom_service_msg
copying /home/akshaj/Desktop/ros-lab/ros-lab/build/custom_service_msg/build/lib/custom_service_msg/ass5_service.py -> /home/akshaj/Desktop/ros-lab/ros-lab/install/custom_service_msg/lib/python3.10/site-packages/custom_service_msg
copying /home/akshaj/Desktop/ros-lab/ros-lab/build/custom_service_msg/build/lib/custom_service_msg/__init__.py -> /home/akshaj/Desktop/ros-lab/ros-lab/install/custom_service_msg/lib/python3.10/site-packages/custom_service_msg
copying /home/akshaj/Desktop/ros-lab/ros-lab/build/custom_service_msg/build/lib/custom_service_msg/ass5_client.py -> /home/akshaj/Desktop/ros-lab/ros-lab/install/custom_service_msg/lib/python3.10/site-packages/custom_service_msg
copying /home/akshaj/Desktop/ros-lab/ros-lab/build/custom_service_msg/build/lib/custom_service_msg/service.py -> /home/akshaj/Desktop/ros-lab/ros-lab/install/custom_service_msg/lib/python3.10/site-packages/custom_service_msg
copying /home/akshaj/Desktop/ros-lab/ros-lab/build/custom_service_msg/build/lib/custom_service_msg/client.py -> /home/akshaj/Desktop/ros-lab/ros-lab/install/custom_service_msg/lib/python3.10/site-packages/custom_service_msg
byte-compiling /home/akshaj/Desktop/ros-lab/ros-lab/install/custom_service_msg/lib/python3.10/site-packages/custom_service_msg/ass5_service.py to ass5_service.cpython-310.pyc
byte-compiling /home/akshaj/Desktop/ros-lab/ros-lab/install/custom_service_msg/lib/python3.10/site-packages/custom_service_msg/__init__.py to __init__.cpython-310.pyc
byte-compiling /home/akshaj/Desktop/ros-lab/ros-lab/install/custom_service_msg/lib/python3.10/site-packages/custom_service_msg/ass5_client.py to ass5_client.cpython-310.pyc
byte-compiling /home/akshaj/Desktop/ros-lab/ros-lab/install/custom_service_msg/lib/python3.10/site-packages/custom_service_msg/service.py to service.cpython-310.pyc
byte-compiling /home/akshaj/Desktop/ros-lab/ros-lab/install/custom_service_msg/lib/python3.10/site-packages/custom_service_msg/client.py to client.cpython-310.pyc
running install_data
creating /home/akshaj/Desktop/ros-lab/ros-lab/install/custom_service_msg/share/ament_index/resource_index/packages
copying resource/custom_service_msg -> /home/akshaj/Desktop/ros-lab/ros-lab/install/custom_service_msg/share/ament_index/resource_index/packages
copying package.xml -> /home/akshaj/Desktop/ros-lab/ros-lab/install/custom_service_msg/share/custom_service_msg
running install_egg_info
Copying ../../build/custom_service_msg/custom_service_msg.egg-info to /home/akshaj/Desktop/ros-lab/ros-lab/install/custom_service_msg/lib/python3.10/site-packages/custom_service_msg-0.0.0-py3.10.egg-info
running install_scripts
Installing ass5_c script to /home/akshaj/Desktop/ros-lab/ros-lab/install/custom_service_msg/lib/custom_service_msg
Installing ass5_s script to /home/akshaj/Desktop/ros-lab/ros-lab/install/custom_service_msg/lib/custom_service_msg
Installing client script to /home/akshaj/Desktop/ros-lab/ros-lab/install/custom_service_msg/lib/custom_service_msg
Installing service script to /home/akshaj/Desktop/ros-lab/ros-lab/install/custom_service_msg/lib/custom_service_msg
writing list of installed files to '/home/akshaj/Desktop/ros-lab/ros-lab/build/custom_service_msg/install.log'
