[0.594s] Invoking command in '/home/akshaj/Desktop/ros-lab/ros-lab/src/custom_service_msg': AMENT_PREFIX_PATH=/home/akshaj/Desktop/ros-lab/ros-lab/install/tutorial_interfaces:${AMENT_PREFIX_PATH} CMAKE_PREFIX_PATH=/home/akshaj/Desktop/ros-lab/ros-lab/install/tutorial_interfaces LD_LIBRARY_PATH=/home/akshaj/Desktop/ros-lab/ros-lab/install/tutorial_interfaces/lib:${LD_LIBRARY_PATH} PYTHONPATH=/home/akshaj/Desktop/ros-lab/ros-lab/build/custom_service_msg/prefix_override:/usr/lib/python3/dist-packages/colcon_core/task/python/colcon_distutils_commands:/home/akshaj/Desktop/ros-lab/ros-lab/install/custom_service_msg/lib/python3.10/site-packages:/home/akshaj/Desktop/ros-lab/ros-lab/install/tutorial_interfaces/local/lib/python3.10/dist-packages:${PYTHONPATH} /usr/bin/python3 -W ignore:setup.py install is deprecated -W ignore:easy_install command is deprecated setup.py egg_info --egg-base ../../build/custom_service_msg build --build-base /home/akshaj/Desktop/ros-lab/ros-lab/build/custom_service_msg/build install --record /home/akshaj/Desktop/ros-lab/ros-lab/build/custom_service_msg/install.log --single-version-externally-managed install_data
[0.706s] /home/akshaj/.local/lib/python3.10/site-packages/setuptools/_distutils/dist.py:289: UserWarning: Unknown distribution option: 'tests_require'
[0.706s]   warnings.warn(msg)
[0.778s] running egg_info
[0.790s] creating ../../build/custom_service_msg/custom_service_msg.egg-info
[0.790s] writing ../../build/custom_service_msg/custom_service_msg.egg-info/PKG-INFO
[0.790s] writing dependency_links to ../../build/custom_service_msg/custom_service_msg.egg-info/dependency_links.txt
[0.790s] writing entry points to ../../build/custom_service_msg/custom_service_msg.egg-info/entry_points.txt
[0.791s] writing requirements to ../../build/custom_service_msg/custom_service_msg.egg-info/requires.txt
[0.791s] writing top-level names to ../../build/custom_service_msg/custom_service_msg.egg-info/top_level.txt
[0.791s] writing manifest file '../../build/custom_service_msg/custom_service_msg.egg-info/SOURCES.txt'
[0.815s] reading manifest file '../../build/custom_service_msg/custom_service_msg.egg-info/SOURCES.txt'
[0.816s] writing manifest file '../../build/custom_service_msg/custom_service_msg.egg-info/SOURCES.txt'
[0.816s] running build
[0.816s] running build_py
[0.816s] creating /home/akshaj/Desktop/ros-lab/ros-lab/build/custom_service_msg/build/lib/custom_service_msg
[0.816s] copying custom_service_msg/ass5_service.py -> /home/akshaj/Desktop/ros-lab/ros-lab/build/custom_service_msg/build/lib/custom_service_msg
[0.825s] copying custom_service_msg/__init__.py -> /home/akshaj/Desktop/ros-lab/ros-lab/build/custom_service_msg/build/lib/custom_service_msg
[0.825s] copying custom_service_msg/ass5_client.py -> /home/akshaj/Desktop/ros-lab/ros-lab/build/custom_service_msg/build/lib/custom_service_msg
[0.825s] copying custom_service_msg/service.py -> /home/akshaj/Desktop/ros-lab/ros-lab/build/custom_service_msg/build/lib/custom_service_msg
[0.826s] copying custom_service_msg/client.py -> /home/akshaj/Desktop/ros-lab/ros-lab/build/custom_service_msg/build/lib/custom_service_msg
[0.826s] running install
[0.829s] running install_lib
[0.841s] creating /home/akshaj/Desktop/ros-lab/ros-lab/install/custom_service_msg/lib/python3.10/site-packages/custom_service_msg
[0.841s] copying /home/akshaj/Desktop/ros-lab/ros-lab/build/custom_service_msg/build/lib/custom_service_msg/ass5_service.py -> /home/akshaj/Desktop/ros-lab/ros-lab/install/custom_service_msg/lib/python3.10/site-packages/custom_service_msg
[0.841s] copying /home/akshaj/Desktop/ros-lab/ros-lab/build/custom_service_msg/build/lib/custom_service_msg/__init__.py -> /home/akshaj/Desktop/ros-lab/ros-lab/install/custom_service_msg/lib/python3.10/site-packages/custom_service_msg
[0.841s] copying /home/akshaj/Desktop/ros-lab/ros-lab/build/custom_service_msg/build/lib/custom_service_msg/ass5_client.py -> /home/akshaj/Desktop/ros-lab/ros-lab/install/custom_service_msg/lib/python3.10/site-packages/custom_service_msg
[0.841s] copying /home/akshaj/Desktop/ros-lab/ros-lab/build/custom_service_msg/build/lib/custom_service_msg/service.py -> /home/akshaj/Desktop/ros-lab/ros-lab/install/custom_service_msg/lib/python3.10/site-packages/custom_service_msg
[0.841s] copying /home/akshaj/Desktop/ros-lab/ros-lab/build/custom_service_msg/build/lib/custom_service_msg/client.py -> /home/akshaj/Desktop/ros-lab/ros-lab/install/custom_service_msg/lib/python3.10/site-packages/custom_service_msg
[0.842s] byte-compiling /home/akshaj/Desktop/ros-lab/ros-lab/install/custom_service_msg/lib/python3.10/site-packages/custom_service_msg/ass5_service.py to ass5_service.cpython-310.pyc
[0.842s] byte-compiling /home/akshaj/Desktop/ros-lab/ros-lab/install/custom_service_msg/lib/python3.10/site-packages/custom_service_msg/__init__.py to __init__.cpython-310.pyc
[0.842s] byte-compiling /home/akshaj/Desktop/ros-lab/ros-lab/install/custom_service_msg/lib/python3.10/site-packages/custom_service_msg/ass5_client.py to ass5_client.cpython-310.pyc
[0.843s] byte-compiling /home/akshaj/Desktop/ros-lab/ros-lab/install/custom_service_msg/lib/python3.10/site-packages/custom_service_msg/service.py to service.cpython-310.pyc
[0.843s] byte-compiling /home/akshaj/Desktop/ros-lab/ros-lab/install/custom_service_msg/lib/python3.10/site-packages/custom_service_msg/client.py to client.cpython-310.pyc
[0.843s] running install_data
[0.844s] creating /home/akshaj/Desktop/ros-lab/ros-lab/install/custom_service_msg/share/ament_index/resource_index/packages
[0.844s] copying resource/custom_service_msg -> /home/akshaj/Desktop/ros-lab/ros-lab/install/custom_service_msg/share/ament_index/resource_index/packages
[0.844s] copying package.xml -> /home/akshaj/Desktop/ros-lab/ros-lab/install/custom_service_msg/share/custom_service_msg
[0.844s] running install_egg_info
[0.857s] Copying ../../build/custom_service_msg/custom_service_msg.egg-info to /home/akshaj/Desktop/ros-lab/ros-lab/install/custom_service_msg/lib/python3.10/site-packages/custom_service_msg-0.0.0-py3.10.egg-info
[0.857s] running install_scripts
[0.960s] Installing ass5_c script to /home/akshaj/Desktop/ros-lab/ros-lab/install/custom_service_msg/lib/custom_service_msg
[0.960s] Installing ass5_s script to /home/akshaj/Desktop/ros-lab/ros-lab/install/custom_service_msg/lib/custom_service_msg
[0.961s] Installing client script to /home/akshaj/Desktop/ros-lab/ros-lab/install/custom_service_msg/lib/custom_service_msg
[0.961s] Installing service script to /home/akshaj/Desktop/ros-lab/ros-lab/install/custom_service_msg/lib/custom_service_msg
[0.961s] writing list of installed files to '/home/akshaj/Desktop/ros-lab/ros-lab/build/custom_service_msg/install.log'
[0.981s] Invoked command in '/home/akshaj/Desktop/ros-lab/ros-lab/src/custom_service_msg' returned '0': AMENT_PREFIX_PATH=/home/akshaj/Desktop/ros-lab/ros-lab/install/tutorial_interfaces:${AMENT_PREFIX_PATH} CMAKE_PREFIX_PATH=/home/akshaj/Desktop/ros-lab/ros-lab/install/tutorial_interfaces LD_LIBRARY_PATH=/home/akshaj/Desktop/ros-lab/ros-lab/install/tutorial_interfaces/lib:${LD_LIBRARY_PATH} PYTHONPATH=/home/akshaj/Desktop/ros-lab/ros-lab/build/custom_service_msg/prefix_override:/usr/lib/python3/dist-packages/colcon_core/task/python/colcon_distutils_commands:/home/akshaj/Desktop/ros-lab/ros-lab/install/custom_service_msg/lib/python3.10/site-packages:/home/akshaj/Desktop/ros-lab/ros-lab/install/tutorial_interfaces/local/lib/python3.10/dist-packages:${PYTHONPATH} /usr/bin/python3 -W ignore:setup.py install is deprecated -W ignore:easy_install command is deprecated setup.py egg_info --egg-base ../../build/custom_service_msg build --build-base /home/akshaj/Desktop/ros-lab/ros-lab/build/custom_service_msg/build install --record /home/akshaj/Desktop/ros-lab/ros-lab/build/custom_service_msg/install.log --single-version-externally-managed install_data
