[2.746s] Invoking command in '/home/akshaj/Desktop/ros-lab/ros-lab/src/publisher_pkg': PYTHONPATH=/home/akshaj/Desktop/ros-lab/ros-lab/build/publisher_pkg/prefix_override:/usr/lib/python3/dist-packages/colcon_core/task/python/colcon_distutils_commands:/home/akshaj/Desktop/ros-lab/ros-lab/install/publisher_pkg/lib/python3.10/site-packages:${PYTHONPATH} /usr/bin/python3 -W ignore:setup.py install is deprecated -W ignore:easy_install command is deprecated setup.py egg_info --egg-base ../../build/publisher_pkg build --build-base /home/akshaj/Desktop/ros-lab/ros-lab/build/publisher_pkg/build install --record /home/akshaj/Desktop/ros-lab/ros-lab/build/publisher_pkg/install.log --single-version-externally-managed install_data
[3.057s] /home/akshaj/.local/lib/python3.10/site-packages/setuptools/_distutils/dist.py:289: UserWarning: Unknown distribution option: 'tests_require'
[3.057s]   warnings.warn(msg)
[3.257s] running egg_info
[3.297s] creating ../../build/publisher_pkg/publisher_pkg.egg-info
[3.297s] writing ../../build/publisher_pkg/publisher_pkg.egg-info/PKG-INFO
[3.300s] writing dependency_links to ../../build/publisher_pkg/publisher_pkg.egg-info/dependency_links.txt
[3.300s] writing entry points to ../../build/publisher_pkg/publisher_pkg.egg-info/entry_points.txt
[3.301s] writing requirements to ../../build/publisher_pkg/publisher_pkg.egg-info/requires.txt
[3.301s] writing top-level names to ../../build/publisher_pkg/publisher_pkg.egg-info/top_level.txt
[3.301s] writing manifest file '../../build/publisher_pkg/publisher_pkg.egg-info/SOURCES.txt'
[3.367s] reading manifest file '../../build/publisher_pkg/publisher_pkg.egg-info/SOURCES.txt'
[3.370s] writing manifest file '../../build/publisher_pkg/publisher_pkg.egg-info/SOURCES.txt'
[3.370s] running build
[3.370s] running build_py
[3.372s] creating /home/akshaj/Desktop/ros-lab/ros-lab/build/publisher_pkg/build/lib/publisher_pkg
[3.372s] copying publisher_pkg/simple.py -> /home/akshaj/Desktop/ros-lab/ros-lab/build/publisher_pkg/build/lib/publisher_pkg
[3.372s] copying publisher_pkg/__init__.py -> /home/akshaj/Desktop/ros-lab/ros-lab/build/publisher_pkg/build/lib/publisher_pkg
[3.373s] copying publisher_pkg/publish.py -> /home/akshaj/Desktop/ros-lab/ros-lab/build/publisher_pkg/build/lib/publisher_pkg
[3.374s] running install
[3.386s] running install_lib
[3.421s] creating /home/akshaj/Desktop/ros-lab/ros-lab/install/publisher_pkg/lib/python3.10/site-packages/publisher_pkg
[3.421s] copying /home/akshaj/Desktop/ros-lab/ros-lab/build/publisher_pkg/build/lib/publisher_pkg/simple.py -> /home/akshaj/Desktop/ros-lab/ros-lab/install/publisher_pkg/lib/python3.10/site-packages/publisher_pkg
[3.422s] copying /home/akshaj/Desktop/ros-lab/ros-lab/build/publisher_pkg/build/lib/publisher_pkg/__init__.py -> /home/akshaj/Desktop/ros-lab/ros-lab/install/publisher_pkg/lib/python3.10/site-packages/publisher_pkg
[3.422s] copying /home/akshaj/Desktop/ros-lab/ros-lab/build/publisher_pkg/build/lib/publisher_pkg/publish.py -> /home/akshaj/Desktop/ros-lab/ros-lab/install/publisher_pkg/lib/python3.10/site-packages/publisher_pkg
[3.423s] byte-compiling /home/akshaj/Desktop/ros-lab/ros-lab/install/publisher_pkg/lib/python3.10/site-packages/publisher_pkg/simple.py to simple.cpython-310.pyc
[3.424s] byte-compiling /home/akshaj/Desktop/ros-lab/ros-lab/install/publisher_pkg/lib/python3.10/site-packages/publisher_pkg/__init__.py to __init__.cpython-310.pyc
[3.425s] byte-compiling /home/akshaj/Desktop/ros-lab/ros-lab/install/publisher_pkg/lib/python3.10/site-packages/publisher_pkg/publish.py to publish.cpython-310.pyc
[3.425s] running install_data
[3.426s] creating /home/akshaj/Desktop/ros-lab/ros-lab/install/publisher_pkg/share/ament_index/resource_index/packages
[3.426s] copying resource/publisher_pkg -> /home/akshaj/Desktop/ros-lab/ros-lab/install/publisher_pkg/share/ament_index/resource_index/packages
[3.426s] copying package.xml -> /home/akshaj/Desktop/ros-lab/ros-lab/install/publisher_pkg/share/publisher_pkg
[3.427s] running install_egg_info
[3.462s] Copying ../../build/publisher_pkg/publisher_pkg.egg-info to /home/akshaj/Desktop/ros-lab/ros-lab/install/publisher_pkg/lib/python3.10/site-packages/publisher_pkg-0.0.0-py3.10.egg-info
[3.464s] running install_scripts
[3.873s] Installing draw_circle script to /home/akshaj/Desktop/ros-lab/ros-lab/install/publisher_pkg/lib/publisher_pkg
[3.873s] Installing pose_subscriber script to /home/akshaj/Desktop/ros-lab/ros-lab/install/publisher_pkg/lib/publisher_pkg
[3.873s] writing list of installed files to '/home/akshaj/Desktop/ros-lab/ros-lab/build/publisher_pkg/install.log'
[4.330s] Invoked command in '/home/akshaj/Desktop/ros-lab/ros-lab/src/publisher_pkg' returned '0': PYTHONPATH=/home/akshaj/Desktop/ros-lab/ros-lab/build/publisher_pkg/prefix_override:/usr/lib/python3/dist-packages/colcon_core/task/python/colcon_distutils_commands:/home/akshaj/Desktop/ros-lab/ros-lab/install/publisher_pkg/lib/python3.10/site-packages:${PYTHONPATH} /usr/bin/python3 -W ignore:setup.py install is deprecated -W ignore:easy_install command is deprecated setup.py egg_info --egg-base ../../build/publisher_pkg build --build-base /home/akshaj/Desktop/ros-lab/ros-lab/build/publisher_pkg/build install --record /home/akshaj/Desktop/ros-lab/ros-lab/build/publisher_pkg/install.log --single-version-externally-managed install_data
