running egg_info
creating ../../build/dob_custom_pubsub/dob_custom_pubsub.egg-info
writing ../../build/dob_custom_pubsub/dob_custom_pubsub.egg-info/PKG-INFO
writing dependency_links to ../../build/dob_custom_pubsub/dob_custom_pubsub.egg-info/dependency_links.txt
writing entry points to ../../build/dob_custom_pubsub/dob_custom_pubsub.egg-info/entry_points.txt
writing requirements to ../../build/dob_custom_pubsub/dob_custom_pubsub.egg-info/requires.txt
writing top-level names to ../../build/dob_custom_pubsub/dob_custom_pubsub.egg-info/top_level.txt
writing manifest file '../../build/dob_custom_pubsub/dob_custom_pubsub.egg-info/SOURCES.txt'
reading manifest file '../../build/dob_custom_pubsub/dob_custom_pubsub.egg-info/SOURCES.txt'
writing manifest file '../../build/dob_custom_pubsub/dob_custom_pubsub.egg-info/SOURCES.txt'
running build
running build_py
creating /home/akshaj/Desktop/ros-lab/ros-lab/build/dob_custom_pubsub/build/lib/dob_custom_pubsub
copying dob_custom_pubsub/__init__.py -> /home/akshaj/Desktop/ros-lab/ros-lab/build/dob_custom_pubsub/build/lib/dob_custom_pubsub
copying dob_custom_pubsub/dob_pub.py -> /home/akshaj/Desktop/ros-lab/ros-lab/build/dob_custom_pubsub/build/lib/dob_custom_pubsub
copying dob_custom_pubsub/dob_sub.py -> /home/akshaj/Desktop/ros-lab/ros-lab/build/dob_custom_pubsub/build/lib/dob_custom_pubsub
running install
running install_lib
creating /home/akshaj/Desktop/ros-lab/ros-lab/install/dob_custom_pubsub/lib/python3.10/site-packages/dob_custom_pubsub
copying /home/akshaj/Desktop/ros-lab/ros-lab/build/dob_custom_pubsub/build/lib/dob_custom_pubsub/__init__.py -> /home/akshaj/Desktop/ros-lab/ros-lab/install/dob_custom_pubsub/lib/python3.10/site-packages/dob_custom_pubsub
copying /home/akshaj/Desktop/ros-lab/ros-lab/build/dob_custom_pubsub/build/lib/dob_custom_pubsub/dob_pub.py -> /home/akshaj/Desktop/ros-lab/ros-lab/install/dob_custom_pubsub/lib/python3.10/site-packages/dob_custom_pubsub
copying /home/akshaj/Desktop/ros-lab/ros-lab/build/dob_custom_pubsub/build/lib/dob_custom_pubsub/dob_sub.py -> /home/akshaj/Desktop/ros-lab/ros-lab/install/dob_custom_pubsub/lib/python3.10/site-packages/dob_custom_pubsub
byte-compiling /home/akshaj/Desktop/ros-lab/ros-lab/install/dob_custom_pubsub/lib/python3.10/site-packages/dob_custom_pubsub/__init__.py to __init__.cpython-310.pyc
byte-compiling /home/akshaj/Desktop/ros-lab/ros-lab/install/dob_custom_pubsub/lib/python3.10/site-packages/dob_custom_pubsub/dob_pub.py to dob_pub.cpython-310.pyc
byte-compiling /home/akshaj/Desktop/ros-lab/ros-lab/install/dob_custom_pubsub/lib/python3.10/site-packages/dob_custom_pubsub/dob_sub.py to dob_sub.cpython-310.pyc
running install_data
creating /home/akshaj/Desktop/ros-lab/ros-lab/install/dob_custom_pubsub/share/ament_index/resource_index/packages
copying resource/dob_custom_pubsub -> /home/akshaj/Desktop/ros-lab/ros-lab/install/dob_custom_pubsub/share/ament_index/resource_index/packages
copying package.xml -> /home/akshaj/Desktop/ros-lab/ros-lab/install/dob_custom_pubsub/share/dob_custom_pubsub
running install_egg_info
Copying ../../build/dob_custom_pubsub/dob_custom_pubsub.egg-info to /home/akshaj/Desktop/ros-lab/ros-lab/install/dob_custom_pubsub/lib/python3.10/site-packages/dob_custom_pubsub-0.0.0-py3.10.egg-info
running install_scripts
Installing pub script to /home/akshaj/Desktop/ros-lab/ros-lab/install/dob_custom_pubsub/lib/dob_custom_pubsub
Installing sub script to /home/akshaj/Desktop/ros-lab/ros-lab/install/dob_custom_pubsub/lib/dob_custom_pubsub
writing list of installed files to '/home/akshaj/Desktop/ros-lab/ros-lab/build/dob_custom_pubsub/install.log'
