[2.812s] Invoking command in '/home/akshaj/Desktop/ros-lab/ros-lab/src/dob_custom_pubsub': PYTHONPATH=/home/akshaj/Desktop/ros-lab/ros-lab/build/dob_custom_pubsub/prefix_override:/usr/lib/python3/dist-packages/colcon_core/task/python/colcon_distutils_commands:/home/akshaj/Desktop/ros-lab/ros-lab/install/dob_custom_pubsub/lib/python3.10/site-packages:${PYTHONPATH} /usr/bin/python3 -W ignore:setup.py install is deprecated -W ignore:easy_install command is deprecated setup.py egg_info --egg-base ../../build/dob_custom_pubsub build --build-base /home/akshaj/Desktop/ros-lab/ros-lab/build/dob_custom_pubsub/build install --record /home/akshaj/Desktop/ros-lab/ros-lab/build/dob_custom_pubsub/install.log --single-version-externally-managed install_data
[3.587s] running egg_info
[3.592s] creating ../../build/dob_custom_pubsub/dob_custom_pubsub.egg-info
[3.592s] writing ../../build/dob_custom_pubsub/dob_custom_pubsub.egg-info/PKG-INFO
[3.593s] writing dependency_links to ../../build/dob_custom_pubsub/dob_custom_pubsub.egg-info/dependency_links.txt
[3.593s] writing entry points to ../../build/dob_custom_pubsub/dob_custom_pubsub.egg-info/entry_points.txt
[3.593s] writing requirements to ../../build/dob_custom_pubsub/dob_custom_pubsub.egg-info/requires.txt
[3.593s] writing top-level names to ../../build/dob_custom_pubsub/dob_custom_pubsub.egg-info/top_level.txt
[3.593s] writing manifest file '../../build/dob_custom_pubsub/dob_custom_pubsub.egg-info/SOURCES.txt'
[3.593s] reading manifest file '../../build/dob_custom_pubsub/dob_custom_pubsub.egg-info/SOURCES.txt'
[3.593s] writing manifest file '../../build/dob_custom_pubsub/dob_custom_pubsub.egg-info/SOURCES.txt'
[3.593s] running build
[3.594s] running build_py
[3.594s] creating /home/akshaj/Desktop/ros-lab/ros-lab/build/dob_custom_pubsub/build/lib/dob_custom_pubsub
[3.594s] copying dob_custom_pubsub/__init__.py -> /home/akshaj/Desktop/ros-lab/ros-lab/build/dob_custom_pubsub/build/lib/dob_custom_pubsub
[3.594s] copying dob_custom_pubsub/dob_pub.py -> /home/akshaj/Desktop/ros-lab/ros-lab/build/dob_custom_pubsub/build/lib/dob_custom_pubsub
[3.594s] copying dob_custom_pubsub/dob_sub.py -> /home/akshaj/Desktop/ros-lab/ros-lab/build/dob_custom_pubsub/build/lib/dob_custom_pubsub
[3.594s] running install
[3.594s] running install_lib
[3.594s] creating /home/akshaj/Desktop/ros-lab/ros-lab/install/dob_custom_pubsub/lib/python3.10/site-packages/dob_custom_pubsub
[3.595s] copying /home/akshaj/Desktop/ros-lab/ros-lab/build/dob_custom_pubsub/build/lib/dob_custom_pubsub/__init__.py -> /home/akshaj/Desktop/ros-lab/ros-lab/install/dob_custom_pubsub/lib/python3.10/site-packages/dob_custom_pubsub
[3.595s] copying /home/akshaj/Desktop/ros-lab/ros-lab/build/dob_custom_pubsub/build/lib/dob_custom_pubsub/dob_pub.py -> /home/akshaj/Desktop/ros-lab/ros-lab/install/dob_custom_pubsub/lib/python3.10/site-packages/dob_custom_pubsub
[3.595s] copying /home/akshaj/Desktop/ros-lab/ros-lab/build/dob_custom_pubsub/build/lib/dob_custom_pubsub/dob_sub.py -> /home/akshaj/Desktop/ros-lab/ros-lab/install/dob_custom_pubsub/lib/python3.10/site-packages/dob_custom_pubsub
[3.595s] byte-compiling /home/akshaj/Desktop/ros-lab/ros-lab/install/dob_custom_pubsub/lib/python3.10/site-packages/dob_custom_pubsub/__init__.py to __init__.cpython-310.pyc
[3.595s] byte-compiling /home/akshaj/Desktop/ros-lab/ros-lab/install/dob_custom_pubsub/lib/python3.10/site-packages/dob_custom_pubsub/dob_pub.py to dob_pub.cpython-310.pyc
[3.595s] byte-compiling /home/akshaj/Desktop/ros-lab/ros-lab/install/dob_custom_pubsub/lib/python3.10/site-packages/dob_custom_pubsub/dob_sub.py to dob_sub.cpython-310.pyc
[3.595s] running install_data
[3.595s] creating /home/akshaj/Desktop/ros-lab/ros-lab/install/dob_custom_pubsub/share/ament_index/resource_index/packages
[3.595s] copying resource/dob_custom_pubsub -> /home/akshaj/Desktop/ros-lab/ros-lab/install/dob_custom_pubsub/share/ament_index/resource_index/packages
[3.596s] copying package.xml -> /home/akshaj/Desktop/ros-lab/ros-lab/install/dob_custom_pubsub/share/dob_custom_pubsub
[3.596s] running install_egg_info
[3.602s] Copying ../../build/dob_custom_pubsub/dob_custom_pubsub.egg-info to /home/akshaj/Desktop/ros-lab/ros-lab/install/dob_custom_pubsub/lib/python3.10/site-packages/dob_custom_pubsub-0.0.0-py3.10.egg-info
[3.602s] running install_scripts
[3.603s] /home/akshaj/.local/lib/python3.10/site-packages/setuptools/_distutils/dist.py:289: UserWarning: Unknown distribution option: 'tests_require'
[3.603s]   warnings.warn(msg)
[3.733s] Installing pub script to /home/akshaj/Desktop/ros-lab/ros-lab/install/dob_custom_pubsub/lib/dob_custom_pubsub
[3.734s] Installing sub script to /home/akshaj/Desktop/ros-lab/ros-lab/install/dob_custom_pubsub/lib/dob_custom_pubsub
[3.734s] writing list of installed files to '/home/akshaj/Desktop/ros-lab/ros-lab/build/dob_custom_pubsub/install.log'
[3.815s] Invoked command in '/home/akshaj/Desktop/ros-lab/ros-lab/src/dob_custom_pubsub' returned '0': PYTHONPATH=/home/akshaj/Desktop/ros-lab/ros-lab/build/dob_custom_pubsub/prefix_override:/usr/lib/python3/dist-packages/colcon_core/task/python/colcon_distutils_commands:/home/akshaj/Desktop/ros-lab/ros-lab/install/dob_custom_pubsub/lib/python3.10/site-packages:${PYTHONPATH} /usr/bin/python3 -W ignore:setup.py install is deprecated -W ignore:easy_install command is deprecated setup.py egg_info --egg-base ../../build/dob_custom_pubsub build --build-base /home/akshaj/Desktop/ros-lab/ros-lab/build/dob_custom_pubsub/build install --record /home/akshaj/Desktop/ros-lab/ros-lab/build/dob_custom_pubsub/install.log --single-version-externally-managed install_data
