running egg_info
creating ../../build/client_pkg/client_pkg.egg-info
writing ../../build/client_pkg/client_pkg.egg-info/PKG-INFO
writing dependency_links to ../../build/client_pkg/client_pkg.egg-info/dependency_links.txt
writing entry points to ../../build/client_pkg/client_pkg.egg-info/entry_points.txt
writing requirements to ../../build/client_pkg/client_pkg.egg-info/requires.txt
writing top-level names to ../../build/client_pkg/client_pkg.egg-info/top_level.txt
writing manifest file '../../build/client_pkg/client_pkg.egg-info/SOURCES.txt'
reading manifest file '../../build/client_pkg/client_pkg.egg-info/SOURCES.txt'
writing manifest file '../../build/client_pkg/client_pkg.egg-info/SOURCES.txt'
running build
running build_py
creating /home/akshaj/Desktop/ros-lab/ros-lab/build/client_pkg/build/lib/client_pkg
copying client_pkg/__init__.py -> /home/akshaj/Desktop/ros-lab/ros-lab/build/client_pkg/build/lib/client_pkg
copying client_pkg/service.py -> /home/akshaj/Desktop/ros-lab/ros-lab/build/client_pkg/build/lib/client_pkg
running install
running install_lib
creating /home/akshaj/Desktop/ros-lab/ros-lab/install/client_pkg/lib/python3.10/site-packages/client_pkg
copying /home/akshaj/Desktop/ros-lab/ros-lab/build/client_pkg/build/lib/client_pkg/__init__.py -> /home/akshaj/Desktop/ros-lab/ros-lab/install/client_pkg/lib/python3.10/site-packages/client_pkg
copying /home/akshaj/Desktop/ros-lab/ros-lab/build/client_pkg/build/lib/client_pkg/service.py -> /home/akshaj/Desktop/ros-lab/ros-lab/install/client_pkg/lib/python3.10/site-packages/client_pkg
byte-compiling /home/akshaj/Desktop/ros-lab/ros-lab/install/client_pkg/lib/python3.10/site-packages/client_pkg/__init__.py to __init__.cpython-310.pyc
byte-compiling /home/akshaj/Desktop/ros-lab/ros-lab/install/client_pkg/lib/python3.10/site-packages/client_pkg/service.py to service.cpython-310.pyc
running install_data
creating /home/akshaj/Desktop/ros-lab/ros-lab/install/client_pkg/share/ament_index/resource_index/packages
copying resource/client_pkg -> /home/akshaj/Desktop/ros-lab/ros-lab/install/client_pkg/share/ament_index/resource_index/packages
copying package.xml -> /home/akshaj/Desktop/ros-lab/ros-lab/install/client_pkg/share/client_pkg
running install_egg_info
Copying ../../build/client_pkg/client_pkg.egg-info to /home/akshaj/Desktop/ros-lab/ros-lab/install/client_pkg/lib/python3.10/site-packages/client_pkg-0.0.0-py3.10.egg-info
running install_scripts
Installing test script to /home/akshaj/Desktop/ros-lab/ros-lab/install/client_pkg/lib/client_pkg
writing list of installed files to '/home/akshaj/Desktop/ros-lab/ros-lab/build/client_pkg/install.log'
