[2.783s] Invoking command in '/home/akshaj/Desktop/ros-lab/ros-lab/src/client_pkg': PYTHONPATH=/home/akshaj/Desktop/ros-lab/ros-lab/build/client_pkg/prefix_override:/usr/lib/python3/dist-packages/colcon_core/task/python/colcon_distutils_commands:/home/akshaj/Desktop/ros-lab/ros-lab/install/client_pkg/lib/python3.10/site-packages:${PYTHONPATH} /usr/bin/python3 -W ignore:setup.py install is deprecated -W ignore:easy_install command is deprecated setup.py egg_info --egg-base ../../build/client_pkg build --build-base /home/akshaj/Desktop/ros-lab/ros-lab/build/client_pkg/build install --record /home/akshaj/Desktop/ros-lab/ros-lab/build/client_pkg/install.log --single-version-externally-managed install_data
[3.067s] /home/akshaj/.local/lib/python3.10/site-packages/setuptools/_distutils/dist.py:289: UserWarning: Unknown distribution option: 'tests_require'
[3.067s]   warnings.warn(msg)
[3.258s] running egg_info
[3.286s] creating ../../build/client_pkg/client_pkg.egg-info
[3.287s] writing ../../build/client_pkg/client_pkg.egg-info/PKG-INFO
[3.287s] writing dependency_links to ../../build/client_pkg/client_pkg.egg-info/dependency_links.txt
[3.288s] writing entry points to ../../build/client_pkg/client_pkg.egg-info/entry_points.txt
[3.288s] writing requirements to ../../build/client_pkg/client_pkg.egg-info/requires.txt
[3.288s] writing top-level names to ../../build/client_pkg/client_pkg.egg-info/top_level.txt
[3.288s] writing manifest file '../../build/client_pkg/client_pkg.egg-info/SOURCES.txt'
[3.355s] reading manifest file '../../build/client_pkg/client_pkg.egg-info/SOURCES.txt'
[3.357s] writing manifest file '../../build/client_pkg/client_pkg.egg-info/SOURCES.txt'
[3.357s] running build
[3.357s] running build_py
[3.357s] creating /home/akshaj/Desktop/ros-lab/ros-lab/build/client_pkg/build/lib/client_pkg
[3.358s] copying client_pkg/__init__.py -> /home/akshaj/Desktop/ros-lab/ros-lab/build/client_pkg/build/lib/client_pkg
[3.358s] copying client_pkg/service.py -> /home/akshaj/Desktop/ros-lab/ros-lab/build/client_pkg/build/lib/client_pkg
[3.358s] running install
[3.367s] running install_lib
[3.400s] creating /home/akshaj/Desktop/ros-lab/ros-lab/install/client_pkg/lib/python3.10/site-packages/client_pkg
[3.401s] copying /home/akshaj/Desktop/ros-lab/ros-lab/build/client_pkg/build/lib/client_pkg/__init__.py -> /home/akshaj/Desktop/ros-lab/ros-lab/install/client_pkg/lib/python3.10/site-packages/client_pkg
[3.401s] copying /home/akshaj/Desktop/ros-lab/ros-lab/build/client_pkg/build/lib/client_pkg/service.py -> /home/akshaj/Desktop/ros-lab/ros-lab/install/client_pkg/lib/python3.10/site-packages/client_pkg
[3.402s] byte-compiling /home/akshaj/Desktop/ros-lab/ros-lab/install/client_pkg/lib/python3.10/site-packages/client_pkg/__init__.py to __init__.cpython-310.pyc
[3.403s] byte-compiling /home/akshaj/Desktop/ros-lab/ros-lab/install/client_pkg/lib/python3.10/site-packages/client_pkg/service.py to service.cpython-310.pyc
[3.403s] running install_data
[3.404s] creating /home/akshaj/Desktop/ros-lab/ros-lab/install/client_pkg/share/ament_index/resource_index/packages
[3.405s] copying resource/client_pkg -> /home/akshaj/Desktop/ros-lab/ros-lab/install/client_pkg/share/ament_index/resource_index/packages
[3.405s] copying package.xml -> /home/akshaj/Desktop/ros-lab/ros-lab/install/client_pkg/share/client_pkg
[3.405s] running install_egg_info
[3.440s] Copying ../../build/client_pkg/client_pkg.egg-info to /home/akshaj/Desktop/ros-lab/ros-lab/install/client_pkg/lib/python3.10/site-packages/client_pkg-0.0.0-py3.10.egg-info
[3.442s] running install_scripts
[3.739s] Installing test script to /home/akshaj/Desktop/ros-lab/ros-lab/install/client_pkg/lib/client_pkg
[3.740s] writing list of installed files to '/home/akshaj/Desktop/ros-lab/ros-lab/build/client_pkg/install.log'
[4.327s] Invoked command in '/home/akshaj/Desktop/ros-lab/ros-lab/src/client_pkg' returned '0': PYTHONPATH=/home/akshaj/Desktop/ros-lab/ros-lab/build/client_pkg/prefix_override:/usr/lib/python3/dist-packages/colcon_core/task/python/colcon_distutils_commands:/home/akshaj/Desktop/ros-lab/ros-lab/install/client_pkg/lib/python3.10/site-packages:${PYTHONPATH} /usr/bin/python3 -W ignore:setup.py install is deprecated -W ignore:easy_install command is deprecated setup.py egg_info --egg-base ../../build/client_pkg build --build-base /home/akshaj/Desktop/ros-lab/ros-lab/build/client_pkg/build install --record /home/akshaj/Desktop/ros-lab/ros-lab/build/client_pkg/install.log --single-version-externally-managed install_data
