[0.328s] Invoking command in '/home/akshaj/Desktop/ros-lab/ros-lab/build/action_prime': CMAKE_PREFIX_PATH=/opt/ros/humble /usr/bin/cmake /home/akshaj/Desktop/ros-lab/ros-lab/src/action_prime -DCMAKE_INSTALL_PREFIX=/home/akshaj/Desktop/ros-lab/ros-lab/install/action_prime
[1.319s] -- The C compiler identification is GNU 11.4.0
[1.319s] -- The CXX compiler identification is GNU 11.4.0
[1.319s] -- Detecting C compiler ABI info
[1.319s] -- Detecting C compiler ABI info - done
[1.319s] -- Check for working C compiler: /usr/bin/cc - skipped
[1.319s] -- Detecting C compile features
[1.319s] -- Detecting C compile features - done
[1.319s] -- Detecting CXX compiler ABI info
[1.320s] -- Detecting CXX compiler ABI info - done
[1.320s] -- Check for working CXX compiler: /usr/bin/c++ - skipped
[1.320s] -- Detecting CXX compile features
[1.320s] -- Detecting CXX compile features - done
[1.320s] -- Found ament_cmake: 1.3.11 (/opt/ros/humble/share/ament_cmake/cmake)
[1.320s] -- Found Python3: /usr/bin/python3 (found version "3.10.12") found components: Interpreter 
[1.440s] -- Found rosidl_default_generators: 1.2.0 (/opt/ros/humble/share/rosidl_default_generators/cmake)
[1.445s] -- Using all available rosidl_typesupport_c: rosidl_typesupport_fastrtps_c;rosidl_typesupport_introspection_c
[1.459s] -- Found rosidl_adapter: 3.1.6 (/opt/ros/humble/share/rosidl_adapter/cmake)
[1.532s] -- Using all available rosidl_typesupport_cpp: rosidl_typesupport_fastrtps_cpp;rosidl_typesupport_introspection_cpp
[2.119s] -- Found ament_cmake_ros: 0.10.0 (/opt/ros/humble/share/ament_cmake_ros/cmake)
[2.488s] -- Using all available rosidl_typesupport_c: rosidl_typesupport_fastrtps_c;rosidl_typesupport_introspection_c
[3.004s] -- Using all available rosidl_typesupport_cpp: rosidl_typesupport_fastrtps_cpp;rosidl_typesupport_introspection_cpp
[3.055s] -- Found PythonInterp: /usr/bin/python3 (found suitable version "3.10.12", minimum required is "3.6") 
[3.059s] -- Found python_cmake_module: 0.10.0 (/opt/ros/humble/share/python_cmake_module/cmake)
[3.109s] -- Found PythonLibs: /usr/lib/x86_64-linux-gnu/libpython3.10.so (found suitable version "3.10.12", minimum required is "3.5") 
[3.109s] -- Using PYTHON_EXECUTABLE: /usr/bin/python3
[3.109s] -- Using PYTHON_INCLUDE_DIRS: /usr/include/python3.10
[3.109s] -- Using PYTHON_LIBRARIES: /usr/lib/x86_64-linux-gnu/libpython3.10.so
[3.148s] -- Found PythonExtra: .so  
[3.224s] -- Found ament_lint_auto: 0.12.12 (/opt/ros/humble/share/ament_lint_auto/cmake)
[3.273s] -- Added test 'copyright' to check source files copyright and LICENSE
[3.277s] -- Added test 'lint_cmake' to check CMake code style
[3.283s] -- Added test 'xmllint' to check XML markup files
[3.285s] -- Configuring done
[3.356s] -- Generating done
[3.380s] -- Build files have been written to: /home/akshaj/Desktop/ros-lab/ros-lab/build/action_prime
[3.403s] Invoked command in '/home/akshaj/Desktop/ros-lab/ros-lab/build/action_prime' returned '0': CMAKE_PREFIX_PATH=/opt/ros/humble /usr/bin/cmake /home/akshaj/Desktop/ros-lab/ros-lab/src/action_prime -DCMAKE_INSTALL_PREFIX=/home/akshaj/Desktop/ros-lab/ros-lab/install/action_prime
[3.403s] Invoking command in '/home/akshaj/Desktop/ros-lab/ros-lab/build/action_prime': CMAKE_PREFIX_PATH=/opt/ros/humble /usr/bin/cmake --build /home/akshaj/Desktop/ros-lab/ros-lab/build/action_prime -- -j12 -l12
[3.644s] [  3%] [34m[1mGenerating C code for ROS interfaces[0m
[3.644s] [  6%] [34m[1mGenerating C++ code for ROS interfaces[0m
[3.645s] [  6%] Built target ament_cmake_python_copy_action_prime
[4.161s] running egg_info
[4.203s] creating action_prime.egg-info
[4.204s] writing action_prime.egg-info/PKG-INFO
[4.204s] writing dependency_links to action_prime.egg-info/dependency_links.txt
[4.205s] writing top-level names to action_prime.egg-info/top_level.txt
[4.205s] writing manifest file 'action_prime.egg-info/SOURCES.txt'
[4.336s] reading manifest file 'action_prime.egg-info/SOURCES.txt'
[4.338s] writing manifest file 'action_prime.egg-info/SOURCES.txt'
[4.407s] [  6%] Built target ament_cmake_python_build_action_prime_egg
[4.567s] [  9%] [32mBuilding C object CMakeFiles/action_prime__rosidl_generator_c.dir/rosidl_generator_c/action_prime/action/detail/print_prime__functions.c.o[0m
[4.754s] [  9%] Built target action_prime__cpp
[4.791s] [ 12%] [34m[1mGenerating C++ type support dispatch for ROS interfaces[0m
[4.796s] [ 16%] [34m[1mGenerating C++ introspection for ROS interfaces[0m
[4.815s] [ 19%] [34m[1mGenerating C++ type support for eProsima Fast-RTPS[0m
[4.899s] [ 22%] [32m[1mLinking C shared library libaction_prime__rosidl_generator_c.so[0m
[5.063s] [ 22%] Built target action_prime__rosidl_generator_c
[5.105s] [ 25%] [34m[1mGenerating C type support for eProsima Fast-RTPS[0m
[5.105s] [ 29%] [34m[1mGenerating C introspection for ROS interfaces[0m
[5.107s] [ 32%] [34m[1mGenerating C type support dispatch for ROS interfaces[0m
[5.727s] [ 35%] [32mBuilding CXX object CMakeFiles/action_prime__rosidl_typesupport_cpp.dir/rosidl_typesupport_cpp/action_prime/action/print_prime__type_support.cpp.o[0m
[6.362s] [ 38%] [32mBuilding CXX object CMakeFiles/action_prime__rosidl_typesupport_c.dir/rosidl_typesupport_c/action_prime/action/print_prime__type_support.cpp.o[0m
[6.641s] [ 41%] [32m[1mLinking CXX shared library libaction_prime__rosidl_typesupport_c.so[0m
[6.729s] [ 45%] [32mBuilding CXX object CMakeFiles/action_prime__rosidl_typesupport_introspection_cpp.dir/rosidl_typesupport_introspection_cpp/action_prime/action/detail/print_prime__type_support.cpp.o[0m
[6.828s] [ 48%] [32mBuilding C object CMakeFiles/action_prime__rosidl_typesupport_introspection_c.dir/rosidl_typesupport_introspection_c/action_prime/action/detail/print_prime__type_support.c.o[0m
[6.899s] [ 48%] Built target action_prime__rosidl_typesupport_c
[7.065s] [ 51%] [32mBuilding CXX object CMakeFiles/action_prime__rosidl_typesupport_fastrtps_cpp.dir/rosidl_typesupport_fastrtps_cpp/action_prime/action/detail/dds_fastrtps/print_prime__type_support.cpp.o[0m
[7.124s] [ 54%] [32m[1mLinking C shared library libaction_prime__rosidl_typesupport_introspection_c.so[0m
[7.266s] [ 54%] Built target action_prime__rosidl_typesupport_introspection_c
[7.436s] [ 58%] [32mBuilding CXX object CMakeFiles/action_prime__rosidl_typesupport_fastrtps_c.dir/rosidl_typesupport_fastrtps_c/action_prime/action/detail/print_prime__type_support_c.cpp.o[0m
[8.591s] [ 61%] [32m[1mLinking CXX shared library libaction_prime__rosidl_typesupport_cpp.so[0m
[8.843s] [ 61%] Built target action_prime__rosidl_typesupport_cpp
[9.225s] [ 64%] [32m[1mLinking CXX shared library libaction_prime__rosidl_typesupport_fastrtps_c.so[0m
[9.701s] [ 64%] Built target action_prime__rosidl_typesupport_fastrtps_c
[9.957s] [ 67%] [32m[1mLinking CXX shared library libaction_prime__rosidl_typesupport_introspection_cpp.so[0m
[9.966s] [ 70%] [32m[1mLinking CXX shared library libaction_prime__rosidl_typesupport_fastrtps_cpp.so[0m
[10.193s] [ 70%] Built target action_prime__rosidl_typesupport_fastrtps_cpp
[10.209s] [ 70%] Built target action_prime__rosidl_typesupport_introspection_cpp
[10.243s] [ 70%] Built target action_prime
[10.271s] [ 74%] [34m[1mGenerating Python code for ROS interfaces[0m
[11.062s] [ 74%] Built target action_prime__py
[11.086s] [ 77%] [32mBuilding C object CMakeFiles/action_prime__rosidl_generator_py.dir/rosidl_generator_py/action_prime/action/_print_prime_s.c.o[0m
[11.249s] [ 80%] [32m[1mLinking C shared library rosidl_generator_py/action_prime/libaction_prime__rosidl_generator_py.so[0m
[11.292s] [ 80%] Built target action_prime__rosidl_generator_py
[11.317s] [ 83%] [32mBuilding C object CMakeFiles/action_prime__rosidl_typesupport_c__pyext.dir/rosidl_generator_py/action_prime/_action_prime_s.ep.rosidl_typesupport_c.c.o[0m
[11.317s] [ 87%] [32mBuilding C object CMakeFiles/action_prime__rosidl_typesupport_introspection_c__pyext.dir/rosidl_generator_py/action_prime/_action_prime_s.ep.rosidl_typesupport_introspection_c.c.o[0m
[11.318s] [ 90%] [32mBuilding C object CMakeFiles/action_prime__rosidl_typesupport_fastrtps_c__pyext.dir/rosidl_generator_py/action_prime/_action_prime_s.ep.rosidl_typesupport_fastrtps_c.c.o[0m
[11.450s] [ 93%] [32m[1mLinking C shared library rosidl_generator_py/action_prime/action_prime_s__rosidl_typesupport_introspection_c.cpython-310-x86_64-linux-gnu.so[0m
[11.460s] [ 96%] [32m[1mLinking C shared library rosidl_generator_py/action_prime/action_prime_s__rosidl_typesupport_c.cpython-310-x86_64-linux-gnu.so[0m
[11.467s] [100%] [32m[1mLinking C shared library rosidl_generator_py/action_prime/action_prime_s__rosidl_typesupport_fastrtps_c.cpython-310-x86_64-linux-gnu.so[0m
[11.500s] [100%] Built target action_prime__rosidl_typesupport_introspection_c__pyext
[11.503s] [100%] Built target action_prime__rosidl_typesupport_c__pyext
[11.513s] [100%] Built target action_prime__rosidl_typesupport_fastrtps_c__pyext
[11.685s] Invoked command in '/home/akshaj/Desktop/ros-lab/ros-lab/build/action_prime' returned '0': CMAKE_PREFIX_PATH=/opt/ros/humble /usr/bin/cmake --build /home/akshaj/Desktop/ros-lab/ros-lab/build/action_prime -- -j12 -l12
[11.687s] Invoking command in '/home/akshaj/Desktop/ros-lab/ros-lab/build/action_prime': CMAKE_PREFIX_PATH=/opt/ros/humble /usr/bin/cmake --install /home/akshaj/Desktop/ros-lab/ros-lab/build/action_prime
[11.693s] -- Install configuration: ""
[11.693s] -- Installing: /home/akshaj/Desktop/ros-lab/ros-lab/install/action_prime/share/ament_index/resource_index/rosidl_interfaces/action_prime
[11.693s] -- Installing: /home/akshaj/Desktop/ros-lab/ros-lab/install/action_prime/include/action_prime/action_prime
[11.693s] -- Installing: /home/akshaj/Desktop/ros-lab/ros-lab/install/action_prime/include/action_prime/action_prime/msg
[11.693s] -- Installing: /home/akshaj/Desktop/ros-lab/ros-lab/install/action_prime/include/action_prime/action_prime/msg/rosidl_generator_c__visibility_control.h
[11.693s] -- Installing: /home/akshaj/Desktop/ros-lab/ros-lab/install/action_prime/include/action_prime/action_prime/action
[11.694s] -- Installing: /home/akshaj/Desktop/ros-lab/ros-lab/install/action_prime/include/action_prime/action_prime/action/detail
[11.694s] -- Installing: /home/akshaj/Desktop/ros-lab/ros-lab/install/action_prime/include/action_prime/action_prime/action/detail/print_prime__struct.h
[11.694s] -- Installing: /home/akshaj/Desktop/ros-lab/ros-lab/install/action_prime/include/action_prime/action_prime/action/detail/print_prime__functions.c
[11.694s] -- Installing: /home/akshaj/Desktop/ros-lab/ros-lab/install/action_prime/include/action_prime/action_prime/action/detail/print_prime__functions.h
[11.694s] -- Installing: /home/akshaj/Desktop/ros-lab/ros-lab/install/action_prime/include/action_prime/action_prime/action/detail/print_prime__type_support.h
[11.694s] -- Installing: /home/akshaj/Desktop/ros-lab/ros-lab/install/action_prime/include/action_prime/action_prime/action/print_prime.h
[11.694s] -- Installing: /home/akshaj/Desktop/ros-lab/ros-lab/install/action_prime/share/action_prime/environment/library_path.sh
[11.694s] -- Installing: /home/akshaj/Desktop/ros-lab/ros-lab/install/action_prime/share/action_prime/environment/library_path.dsv
[11.695s] -- Installing: /home/akshaj/Desktop/ros-lab/ros-lab/install/action_prime/lib/libaction_prime__rosidl_generator_c.so
[11.695s] -- Set runtime path of "/home/akshaj/Desktop/ros-lab/ros-lab/install/action_prime/lib/libaction_prime__rosidl_generator_c.so" to ""
[11.695s] -- Up-to-date: /home/akshaj/Desktop/ros-lab/ros-lab/install/action_prime/include/action_prime/action_prime
[11.695s] -- Up-to-date: /home/akshaj/Desktop/ros-lab/ros-lab/install/action_prime/include/action_prime/action_prime/msg
[11.695s] -- Installing: /home/akshaj/Desktop/ros-lab/ros-lab/install/action_prime/include/action_prime/action_prime/msg/rosidl_typesupport_fastrtps_c__visibility_control.h
[11.695s] -- Up-to-date: /home/akshaj/Desktop/ros-lab/ros-lab/install/action_prime/include/action_prime/action_prime/action
[11.695s] -- Up-to-date: /home/akshaj/Desktop/ros-lab/ros-lab/install/action_prime/include/action_prime/action_prime/action/detail
[11.696s] -- Installing: /home/akshaj/Desktop/ros-lab/ros-lab/install/action_prime/include/action_prime/action_prime/action/detail/print_prime__rosidl_typesupport_fastrtps_c.h
[11.696s] -- Installing: /home/akshaj/Desktop/ros-lab/ros-lab/install/action_prime/lib/libaction_prime__rosidl_typesupport_fastrtps_c.so
[11.696s] -- Set runtime path of "/home/akshaj/Desktop/ros-lab/ros-lab/install/action_prime/lib/libaction_prime__rosidl_typesupport_fastrtps_c.so" to ""
[11.696s] -- Up-to-date: /home/akshaj/Desktop/ros-lab/ros-lab/install/action_prime/include/action_prime/action_prime
[11.696s] -- Up-to-date: /home/akshaj/Desktop/ros-lab/ros-lab/install/action_prime/include/action_prime/action_prime/msg
[11.696s] -- Installing: /home/akshaj/Desktop/ros-lab/ros-lab/install/action_prime/include/action_prime/action_prime/msg/rosidl_typesupport_introspection_c__visibility_control.h
[11.696s] -- Up-to-date: /home/akshaj/Desktop/ros-lab/ros-lab/install/action_prime/include/action_prime/action_prime/action
[11.696s] -- Up-to-date: /home/akshaj/Desktop/ros-lab/ros-lab/install/action_prime/include/action_prime/action_prime/action/detail
[11.697s] -- Installing: /home/akshaj/Desktop/ros-lab/ros-lab/install/action_prime/include/action_prime/action_prime/action/detail/print_prime__rosidl_typesupport_introspection_c.h
[11.697s] -- Installing: /home/akshaj/Desktop/ros-lab/ros-lab/install/action_prime/include/action_prime/action_prime/action/detail/print_prime__type_support.c
[11.697s] -- Installing: /home/akshaj/Desktop/ros-lab/ros-lab/install/action_prime/lib/libaction_prime__rosidl_typesupport_introspection_c.so
[11.697s] -- Set runtime path of "/home/akshaj/Desktop/ros-lab/ros-lab/install/action_prime/lib/libaction_prime__rosidl_typesupport_introspection_c.so" to ""
[11.697s] -- Installing: /home/akshaj/Desktop/ros-lab/ros-lab/install/action_prime/lib/libaction_prime__rosidl_typesupport_c.so
[11.697s] -- Set runtime path of "/home/akshaj/Desktop/ros-lab/ros-lab/install/action_prime/lib/libaction_prime__rosidl_typesupport_c.so" to ""
[11.697s] -- Up-to-date: /home/akshaj/Desktop/ros-lab/ros-lab/install/action_prime/include/action_prime/action_prime
[11.698s] -- Up-to-date: /home/akshaj/Desktop/ros-lab/ros-lab/install/action_prime/include/action_prime/action_prime/msg
[11.698s] -- Installing: /home/akshaj/Desktop/ros-lab/ros-lab/install/action_prime/include/action_prime/action_prime/msg/rosidl_generator_cpp__visibility_control.hpp
[11.698s] -- Up-to-date: /home/akshaj/Desktop/ros-lab/ros-lab/install/action_prime/include/action_prime/action_prime/action
[11.698s] -- Up-to-date: /home/akshaj/Desktop/ros-lab/ros-lab/install/action_prime/include/action_prime/action_prime/action/detail
[11.698s] -- Installing: /home/akshaj/Desktop/ros-lab/ros-lab/install/action_prime/include/action_prime/action_prime/action/detail/print_prime__type_support.hpp
[11.698s] -- Installing: /home/akshaj/Desktop/ros-lab/ros-lab/install/action_prime/include/action_prime/action_prime/action/detail/print_prime__struct.hpp
[11.698s] -- Installing: /home/akshaj/Desktop/ros-lab/ros-lab/install/action_prime/include/action_prime/action_prime/action/detail/print_prime__builder.hpp
[11.699s] -- Installing: /home/akshaj/Desktop/ros-lab/ros-lab/install/action_prime/include/action_prime/action_prime/action/detail/print_prime__traits.hpp
[11.699s] -- Installing: /home/akshaj/Desktop/ros-lab/ros-lab/install/action_prime/include/action_prime/action_prime/action/print_prime.hpp
[11.699s] -- Up-to-date: /home/akshaj/Desktop/ros-lab/ros-lab/install/action_prime/include/action_prime/action_prime
[11.699s] -- Up-to-date: /home/akshaj/Desktop/ros-lab/ros-lab/install/action_prime/include/action_prime/action_prime/msg
[11.699s] -- Installing: /home/akshaj/Desktop/ros-lab/ros-lab/install/action_prime/include/action_prime/action_prime/msg/rosidl_typesupport_fastrtps_cpp__visibility_control.h
[11.699s] -- Up-to-date: /home/akshaj/Desktop/ros-lab/ros-lab/install/action_prime/include/action_prime/action_prime/action
[11.699s] -- Up-to-date: /home/akshaj/Desktop/ros-lab/ros-lab/install/action_prime/include/action_prime/action_prime/action/detail
[11.699s] -- Installing: /home/akshaj/Desktop/ros-lab/ros-lab/install/action_prime/include/action_prime/action_prime/action/detail/dds_fastrtps
[11.699s] -- Installing: /home/akshaj/Desktop/ros-lab/ros-lab/install/action_prime/include/action_prime/action_prime/action/detail/print_prime__rosidl_typesupport_fastrtps_cpp.hpp
[11.700s] -- Installing: /home/akshaj/Desktop/ros-lab/ros-lab/install/action_prime/lib/libaction_prime__rosidl_typesupport_fastrtps_cpp.so
[11.700s] -- Set runtime path of "/home/akshaj/Desktop/ros-lab/ros-lab/install/action_prime/lib/libaction_prime__rosidl_typesupport_fastrtps_cpp.so" to ""
[11.700s] -- Up-to-date: /home/akshaj/Desktop/ros-lab/ros-lab/install/action_prime/include/action_prime/action_prime
[11.700s] -- Up-to-date: /home/akshaj/Desktop/ros-lab/ros-lab/install/action_prime/include/action_prime/action_prime/action
[11.700s] -- Up-to-date: /home/akshaj/Desktop/ros-lab/ros-lab/install/action_prime/include/action_prime/action_prime/action/detail
[11.700s] -- Installing: /home/akshaj/Desktop/ros-lab/ros-lab/install/action_prime/include/action_prime/action_prime/action/detail/print_prime__rosidl_typesupport_introspection_cpp.hpp
[11.700s] -- Installing: /home/akshaj/Desktop/ros-lab/ros-lab/install/action_prime/include/action_prime/action_prime/action/detail/print_prime__type_support.cpp
[11.700s] -- Installing: /home/akshaj/Desktop/ros-lab/ros-lab/install/action_prime/lib/libaction_prime__rosidl_typesupport_introspection_cpp.so
[11.700s] -- Set runtime path of "/home/akshaj/Desktop/ros-lab/ros-lab/install/action_prime/lib/libaction_prime__rosidl_typesupport_introspection_cpp.so" to ""
[11.701s] -- Installing: /home/akshaj/Desktop/ros-lab/ros-lab/install/action_prime/lib/libaction_prime__rosidl_typesupport_cpp.so
[11.701s] -- Set runtime path of "/home/akshaj/Desktop/ros-lab/ros-lab/install/action_prime/lib/libaction_prime__rosidl_typesupport_cpp.so" to ""
[11.701s] -- Installing: /home/akshaj/Desktop/ros-lab/ros-lab/install/action_prime/share/action_prime/environment/pythonpath.sh
[11.701s] -- Installing: /home/akshaj/Desktop/ros-lab/ros-lab/install/action_prime/share/action_prime/environment/pythonpath.dsv
[11.701s] -- Installing: /home/akshaj/Desktop/ros-lab/ros-lab/install/action_prime/local/lib/python3.10/dist-packages/action_prime-0.0.0-py3.10.egg-info
[11.701s] -- Installing: /home/akshaj/Desktop/ros-lab/ros-lab/install/action_prime/local/lib/python3.10/dist-packages/action_prime-0.0.0-py3.10.egg-info/SOURCES.txt
[11.702s] -- Installing: /home/akshaj/Desktop/ros-lab/ros-lab/install/action_prime/local/lib/python3.10/dist-packages/action_prime-0.0.0-py3.10.egg-info/top_level.txt
[11.702s] -- Installing: /home/akshaj/Desktop/ros-lab/ros-lab/install/action_prime/local/lib/python3.10/dist-packages/action_prime-0.0.0-py3.10.egg-info/dependency_links.txt
[11.702s] -- Installing: /home/akshaj/Desktop/ros-lab/ros-lab/install/action_prime/local/lib/python3.10/dist-packages/action_prime-0.0.0-py3.10.egg-info/PKG-INFO
[11.702s] -- Installing: /home/akshaj/Desktop/ros-lab/ros-lab/install/action_prime/local/lib/python3.10/dist-packages/action_prime
[11.702s] -- Installing: /home/akshaj/Desktop/ros-lab/ros-lab/install/action_prime/local/lib/python3.10/dist-packages/action_prime/_action_prime_s.ep.rosidl_typesupport_fastrtps_c.c
[11.702s] -- Installing: /home/akshaj/Desktop/ros-lab/ros-lab/install/action_prime/local/lib/python3.10/dist-packages/action_prime/action_prime_s__rosidl_typesupport_fastrtps_c.cpython-310-x86_64-linux-gnu.so
[11.702s] -- Installing: /home/akshaj/Desktop/ros-lab/ros-lab/install/action_prime/local/lib/python3.10/dist-packages/action_prime/_action_prime_s.ep.rosidl_typesupport_introspection_c.c
[11.703s] -- Installing: /home/akshaj/Desktop/ros-lab/ros-lab/install/action_prime/local/lib/python3.10/dist-packages/action_prime/action_prime_s__rosidl_typesupport_introspection_c.cpython-310-x86_64-linux-gnu.so
[11.703s] -- Installing: /home/akshaj/Desktop/ros-lab/ros-lab/install/action_prime/local/lib/python3.10/dist-packages/action_prime/_action_prime_s.ep.rosidl_typesupport_c.c
[11.703s] -- Installing: /home/akshaj/Desktop/ros-lab/ros-lab/install/action_prime/local/lib/python3.10/dist-packages/action_prime/__init__.py
[11.703s] -- Installing: /home/akshaj/Desktop/ros-lab/ros-lab/install/action_prime/local/lib/python3.10/dist-packages/action_prime/action_prime_s__rosidl_typesupport_c.cpython-310-x86_64-linux-gnu.so
[11.703s] -- Installing: /home/akshaj/Desktop/ros-lab/ros-lab/install/action_prime/local/lib/python3.10/dist-packages/action_prime/action
[11.703s] -- Installing: /home/akshaj/Desktop/ros-lab/ros-lab/install/action_prime/local/lib/python3.10/dist-packages/action_prime/action/_print_prime_s.c
[11.703s] -- Installing: /home/akshaj/Desktop/ros-lab/ros-lab/install/action_prime/local/lib/python3.10/dist-packages/action_prime/action/__init__.py
[11.703s] -- Installing: /home/akshaj/Desktop/ros-lab/ros-lab/install/action_prime/local/lib/python3.10/dist-packages/action_prime/action/_print_prime.py
[11.704s] -- Installing: /home/akshaj/Desktop/ros-lab/ros-lab/install/action_prime/local/lib/python3.10/dist-packages/action_prime/libaction_prime__rosidl_generator_py.so
[11.735s] Listing '/home/akshaj/Desktop/ros-lab/ros-lab/install/action_prime/local/lib/python3.10/dist-packages/action_prime'...
[11.735s] Compiling '/home/akshaj/Desktop/ros-lab/ros-lab/install/action_prime/local/lib/python3.10/dist-packages/action_prime/__init__.py'...
[11.735s] Listing '/home/akshaj/Desktop/ros-lab/ros-lab/install/action_prime/local/lib/python3.10/dist-packages/action_prime/action'...
[11.736s] Compiling '/home/akshaj/Desktop/ros-lab/ros-lab/install/action_prime/local/lib/python3.10/dist-packages/action_prime/action/__init__.py'...
[11.736s] Compiling '/home/akshaj/Desktop/ros-lab/ros-lab/install/action_prime/local/lib/python3.10/dist-packages/action_prime/action/_print_prime.py'...
[11.740s] -- Installing: /home/akshaj/Desktop/ros-lab/ros-lab/install/action_prime/local/lib/python3.10/dist-packages/action_prime/action_prime_s__rosidl_typesupport_fastrtps_c.cpython-310-x86_64-linux-gnu.so
[11.740s] -- Set runtime path of "/home/akshaj/Desktop/ros-lab/ros-lab/install/action_prime/local/lib/python3.10/dist-packages/action_prime/action_prime_s__rosidl_typesupport_fastrtps_c.cpython-310-x86_64-linux-gnu.so" to ""
[11.740s] -- Installing: /home/akshaj/Desktop/ros-lab/ros-lab/install/action_prime/local/lib/python3.10/dist-packages/action_prime/action_prime_s__rosidl_typesupport_introspection_c.cpython-310-x86_64-linux-gnu.so
[11.740s] -- Set runtime path of "/home/akshaj/Desktop/ros-lab/ros-lab/install/action_prime/local/lib/python3.10/dist-packages/action_prime/action_prime_s__rosidl_typesupport_introspection_c.cpython-310-x86_64-linux-gnu.so" to ""
[11.741s] -- Installing: /home/akshaj/Desktop/ros-lab/ros-lab/install/action_prime/local/lib/python3.10/dist-packages/action_prime/action_prime_s__rosidl_typesupport_c.cpython-310-x86_64-linux-gnu.so
[11.741s] -- Set runtime path of "/home/akshaj/Desktop/ros-lab/ros-lab/install/action_prime/local/lib/python3.10/dist-packages/action_prime/action_prime_s__rosidl_typesupport_c.cpython-310-x86_64-linux-gnu.so" to ""
[11.741s] -- Installing: /home/akshaj/Desktop/ros-lab/ros-lab/install/action_prime/lib/libaction_prime__rosidl_generator_py.so
[11.741s] -- Set runtime path of "/home/akshaj/Desktop/ros-lab/ros-lab/install/action_prime/lib/libaction_prime__rosidl_generator_py.so" to ""
[11.742s] -- Installing: /home/akshaj/Desktop/ros-lab/ros-lab/install/action_prime/share/action_prime/action/PrintPrime.idl
[11.742s] -- Installing: /home/akshaj/Desktop/ros-lab/ros-lab/install/action_prime/share/action_prime/action/PrintPrime.action
[11.742s] -- Installing: /home/akshaj/Desktop/ros-lab/ros-lab/install/action_prime/share/ament_index/resource_index/package_run_dependencies/action_prime
[11.742s] -- Installing: /home/akshaj/Desktop/ros-lab/ros-lab/install/action_prime/share/ament_index/resource_index/parent_prefix_path/action_prime
[11.742s] -- Installing: /home/akshaj/Desktop/ros-lab/ros-lab/install/action_prime/share/action_prime/environment/ament_prefix_path.sh
[11.743s] -- Installing: /home/akshaj/Desktop/ros-lab/ros-lab/install/action_prime/share/action_prime/environment/ament_prefix_path.dsv
[11.743s] -- Installing: /home/akshaj/Desktop/ros-lab/ros-lab/install/action_prime/share/action_prime/environment/path.sh
[11.743s] -- Installing: /home/akshaj/Desktop/ros-lab/ros-lab/install/action_prime/share/action_prime/environment/path.dsv
[11.743s] -- Installing: /home/akshaj/Desktop/ros-lab/ros-lab/install/action_prime/share/action_prime/local_setup.bash
[11.743s] -- Installing: /home/akshaj/Desktop/ros-lab/ros-lab/install/action_prime/share/action_prime/local_setup.sh
[11.743s] -- Installing: /home/akshaj/Desktop/ros-lab/ros-lab/install/action_prime/share/action_prime/local_setup.zsh
[11.743s] -- Installing: /home/akshaj/Desktop/ros-lab/ros-lab/install/action_prime/share/action_prime/local_setup.dsv
[11.744s] -- Installing: /home/akshaj/Desktop/ros-lab/ros-lab/install/action_prime/share/action_prime/package.dsv
[11.744s] -- Installing: /home/akshaj/Desktop/ros-lab/ros-lab/install/action_prime/share/ament_index/resource_index/packages/action_prime
[11.744s] -- Installing: /home/akshaj/Desktop/ros-lab/ros-lab/install/action_prime/share/action_prime/cmake/export_action_prime__rosidl_generator_cExport.cmake
[11.744s] -- Installing: /home/akshaj/Desktop/ros-lab/ros-lab/install/action_prime/share/action_prime/cmake/export_action_prime__rosidl_generator_cExport-noconfig.cmake
[11.744s] -- Installing: /home/akshaj/Desktop/ros-lab/ros-lab/install/action_prime/share/action_prime/cmake/export_action_prime__rosidl_typesupport_fastrtps_cExport.cmake
[11.745s] -- Installing: /home/akshaj/Desktop/ros-lab/ros-lab/install/action_prime/share/action_prime/cmake/export_action_prime__rosidl_typesupport_fastrtps_cExport-noconfig.cmake
[11.745s] -- Installing: /home/akshaj/Desktop/ros-lab/ros-lab/install/action_prime/share/action_prime/cmake/action_prime__rosidl_typesupport_introspection_cExport.cmake
[11.745s] -- Installing: /home/akshaj/Desktop/ros-lab/ros-lab/install/action_prime/share/action_prime/cmake/action_prime__rosidl_typesupport_introspection_cExport-noconfig.cmake
[11.745s] -- Installing: /home/akshaj/Desktop/ros-lab/ros-lab/install/action_prime/share/action_prime/cmake/action_prime__rosidl_typesupport_cExport.cmake
[11.745s] -- Installing: /home/akshaj/Desktop/ros-lab/ros-lab/install/action_prime/share/action_prime/cmake/action_prime__rosidl_typesupport_cExport-noconfig.cmake
[11.746s] -- Installing: /home/akshaj/Desktop/ros-lab/ros-lab/install/action_prime/share/action_prime/cmake/export_action_prime__rosidl_generator_cppExport.cmake
[11.746s] -- Installing: /home/akshaj/Desktop/ros-lab/ros-lab/install/action_prime/share/action_prime/cmake/export_action_prime__rosidl_typesupport_fastrtps_cppExport.cmake
[11.746s] -- Installing: /home/akshaj/Desktop/ros-lab/ros-lab/install/action_prime/share/action_prime/cmake/export_action_prime__rosidl_typesupport_fastrtps_cppExport-noconfig.cmake
[11.746s] -- Installing: /home/akshaj/Desktop/ros-lab/ros-lab/install/action_prime/share/action_prime/cmake/action_prime__rosidl_typesupport_introspection_cppExport.cmake
[11.746s] -- Installing: /home/akshaj/Desktop/ros-lab/ros-lab/install/action_prime/share/action_prime/cmake/action_prime__rosidl_typesupport_introspection_cppExport-noconfig.cmake
[11.746s] -- Installing: /home/akshaj/Desktop/ros-lab/ros-lab/install/action_prime/share/action_prime/cmake/action_prime__rosidl_typesupport_cppExport.cmake
[11.747s] -- Installing: /home/akshaj/Desktop/ros-lab/ros-lab/install/action_prime/share/action_prime/cmake/action_prime__rosidl_typesupport_cppExport-noconfig.cmake
[11.747s] -- Installing: /home/akshaj/Desktop/ros-lab/ros-lab/install/action_prime/share/action_prime/cmake/export_action_prime__rosidl_generator_pyExport.cmake
[11.747s] -- Installing: /home/akshaj/Desktop/ros-lab/ros-lab/install/action_prime/share/action_prime/cmake/export_action_prime__rosidl_generator_pyExport-noconfig.cmake
[11.747s] -- Installing: /home/akshaj/Desktop/ros-lab/ros-lab/install/action_prime/share/action_prime/cmake/rosidl_cmake-extras.cmake
[11.747s] -- Installing: /home/akshaj/Desktop/ros-lab/ros-lab/install/action_prime/share/action_prime/cmake/ament_cmake_export_dependencies-extras.cmake
[11.747s] -- Installing: /home/akshaj/Desktop/ros-lab/ros-lab/install/action_prime/share/action_prime/cmake/ament_cmake_export_include_directories-extras.cmake
[11.748s] -- Installing: /home/akshaj/Desktop/ros-lab/ros-lab/install/action_prime/share/action_prime/cmake/ament_cmake_export_libraries-extras.cmake
[11.748s] -- Installing: /home/akshaj/Desktop/ros-lab/ros-lab/install/action_prime/share/action_prime/cmake/ament_cmake_export_targets-extras.cmake
[11.748s] -- Installing: /home/akshaj/Desktop/ros-lab/ros-lab/install/action_prime/share/action_prime/cmake/rosidl_cmake_export_typesupport_targets-extras.cmake
[11.748s] -- Installing: /home/akshaj/Desktop/ros-lab/ros-lab/install/action_prime/share/action_prime/cmake/rosidl_cmake_export_typesupport_libraries-extras.cmake
[11.748s] -- Installing: /home/akshaj/Desktop/ros-lab/ros-lab/install/action_prime/share/action_prime/cmake/action_primeConfig.cmake
[11.748s] -- Installing: /home/akshaj/Desktop/ros-lab/ros-lab/install/action_prime/share/action_prime/cmake/action_primeConfig-version.cmake
[11.748s] -- Installing: /home/akshaj/Desktop/ros-lab/ros-lab/install/action_prime/share/action_prime/package.xml
[11.751s] Invoked command in '/home/akshaj/Desktop/ros-lab/ros-lab/build/action_prime' returned '0': CMAKE_PREFIX_PATH=/opt/ros/humble /usr/bin/cmake --install /home/akshaj/Desktop/ros-lab/ros-lab/build/action_prime
