[0.894s] Invoking command in '/home/akshaj/Desktop/ros-lab/ros-lab/build/experiment_interfaces': CMAKE_PREFIX_PATH=/opt/ros/humble /usr/bin/cmake /home/akshaj/Desktop/ros-lab/ros-lab/src/experiment_interfaces -DCMAKE_INSTALL_PREFIX=/home/akshaj/Desktop/ros-lab/ros-lab/install/experiment_interfaces
[1.299s] -- The C compiler identification is GNU 11.4.0
[1.299s] -- The CXX compiler identification is GNU 11.4.0
[1.300s] -- Detecting C compiler ABI info
[1.300s] -- Detecting C compiler ABI info - done
[1.300s] -- Check for working C compiler: /usr/bin/cc - skipped
[1.300s] -- Detecting C compile features
[1.300s] -- Detecting C compile features - done
[1.300s] -- Detecting CXX compiler ABI info
[1.349s] -- Detecting CXX compiler ABI info - done
[1.358s] -- Check for working CXX compiler: /usr/bin/c++ - skipped
[1.358s] -- Detecting CXX compile features
[1.358s] -- Detecting CXX compile features - done
[1.362s] -- Found ament_cmake: 1.3.11 (/opt/ros/humble/share/ament_cmake/cmake)
[1.992s] -- Found Python3: /usr/bin/python3 (found version "3.10.12") found components: Interpreter 
[2.202s] -- Found geometry_msgs: 4.8.0 (/opt/ros/humble/share/geometry_msgs/cmake)
[2.278s] -- Found rosidl_generator_c: 3.1.6 (/opt/ros/humble/share/rosidl_generator_c/cmake)
[2.289s] -- Found rosidl_adapter: 3.1.6 (/opt/ros/humble/share/rosidl_adapter/cmake)
[2.310s] -- Found rosidl_generator_cpp: 3.1.6 (/opt/ros/humble/share/rosidl_generator_cpp/cmake)
[2.338s] -- Using all available rosidl_typesupport_c: rosidl_typesupport_fastrtps_c;rosidl_typesupport_introspection_c
[2.371s] -- Using all available rosidl_typesupport_cpp: rosidl_typesupport_fastrtps_cpp;rosidl_typesupport_introspection_cpp
[2.450s] -- Found rosidl_default_generators: 1.2.0 (/opt/ros/humble/share/rosidl_default_generators/cmake)
[3.058s] -- Found ament_cmake_ros: 0.10.0 (/opt/ros/humble/share/ament_cmake_ros/cmake)
[4.053s] -- Using all available rosidl_typesupport_c: rosidl_typesupport_fastrtps_c;rosidl_typesupport_introspection_c
[4.454s] -- Using all available rosidl_typesupport_cpp: rosidl_typesupport_fastrtps_cpp;rosidl_typesupport_introspection_cpp
[4.519s] -- Found PythonInterp: /usr/bin/python3 (found suitable version "3.10.12", minimum required is "3.6") 
[4.527s] -- Found python_cmake_module: 0.10.0 (/opt/ros/humble/share/python_cmake_module/cmake)
[4.603s] -- Found PythonLibs: /usr/lib/x86_64-linux-gnu/libpython3.10.so (found suitable version "3.10.12", minimum required is "3.5") 
[4.604s] -- Using PYTHON_EXECUTABLE: /usr/bin/python3
[4.605s] -- Using PYTHON_INCLUDE_DIRS: /usr/include/python3.10
[4.605s] -- Using PYTHON_LIBRARIES: /usr/lib/x86_64-linux-gnu/libpython3.10.so
[4.686s] -- Found PythonExtra: .so  
[4.862s] -- Found ament_lint_auto: 0.12.12 (/opt/ros/humble/share/ament_lint_auto/cmake)
[4.935s] -- Added test 'copyright' to check source files copyright and LICENSE
[4.939s] -- Added test 'lint_cmake' to check CMake code style
[4.940s] -- Added test 'xmllint' to check XML markup files
[4.946s] -- Configuring done
[5.028s] -- Generating done
[5.057s] -- Build files have been written to: /home/akshaj/Desktop/ros-lab/ros-lab/build/experiment_interfaces
[5.105s] Invoked command in '/home/akshaj/Desktop/ros-lab/ros-lab/build/experiment_interfaces' returned '0': CMAKE_PREFIX_PATH=/opt/ros/humble /usr/bin/cmake /home/akshaj/Desktop/ros-lab/ros-lab/src/experiment_interfaces -DCMAKE_INSTALL_PREFIX=/home/akshaj/Desktop/ros-lab/ros-lab/install/experiment_interfaces
[5.111s] Invoking command in '/home/akshaj/Desktop/ros-lab/ros-lab/build/experiment_interfaces': CMAKE_PREFIX_PATH=/opt/ros/humble /usr/bin/cmake --build /home/akshaj/Desktop/ros-lab/ros-lab/build/experiment_interfaces -- -j12 -l12
[5.299s] [  2%] [34m[1mGenerating C code for ROS interfaces[0m
[5.346s] [  5%] [34m[1mGenerating C++ code for ROS interfaces[0m
[5.360s] [  5%] Built target ament_cmake_python_copy_experiment_interfaces
[6.662s] running egg_info
[6.729s] creating experiment_interfaces.egg-info
[6.730s] writing experiment_interfaces.egg-info/PKG-INFO
[6.732s] writing dependency_links to experiment_interfaces.egg-info/dependency_links.txt
[6.734s] writing top-level names to experiment_interfaces.egg-info/top_level.txt
[6.738s] writing manifest file 'experiment_interfaces.egg-info/SOURCES.txt'
[6.942s] reading manifest file 'experiment_interfaces.egg-info/SOURCES.txt'
[6.943s] writing manifest file 'experiment_interfaces.egg-info/SOURCES.txt'
[7.105s] [  7%] [32mBuilding C object CMakeFiles/experiment_interfaces__rosidl_generator_c.dir/rosidl_generator_c/experiment_interfaces/msg/detail/num__functions.c.o[0m
[7.137s] [ 10%] [32mBuilding C object CMakeFiles/experiment_interfaces__rosidl_generator_c.dir/rosidl_generator_c/experiment_interfaces/msg/detail/sphere__functions.c.o[0m
[7.143s] [ 10%] Built target ament_cmake_python_build_experiment_interfaces_egg
[7.189s] [ 10%] Built target experiment_interfaces__cpp
[7.227s] [ 12%] [34m[1mGenerating C++ type support dispatch for ROS interfaces[0m
[7.242s] [ 15%] [34m[1mGenerating C++ type support for eProsima Fast-RTPS[0m
[7.244s] [ 17%] [34m[1mGenerating C++ introspection for ROS interfaces[0m
[7.356s] [ 20%] [32m[1mLinking C shared library libexperiment_interfaces__rosidl_generator_c.so[0m
[7.559s] [ 20%] Built target experiment_interfaces__rosidl_generator_c
[7.626s] [ 23%] [34m[1mGenerating C introspection for ROS interfaces[0m
[7.628s] [ 25%] [34m[1mGenerating C type support for eProsima Fast-RTPS[0m
[7.640s] [ 28%] [34m[1mGenerating C type support dispatch for ROS interfaces[0m
[8.651s] [ 30%] [32mBuilding CXX object CMakeFiles/experiment_interfaces__rosidl_typesupport_fastrtps_cpp.dir/rosidl_typesupport_fastrtps_cpp/experiment_interfaces/msg/detail/dds_fastrtps/num__type_support.cpp.o[0m
[8.669s] [ 33%] [32mBuilding CXX object CMakeFiles/experiment_interfaces__rosidl_typesupport_fastrtps_cpp.dir/rosidl_typesupport_fastrtps_cpp/experiment_interfaces/msg/detail/dds_fastrtps/sphere__type_support.cpp.o[0m
[8.756s] [ 35%] [32mBuilding CXX object CMakeFiles/experiment_interfaces__rosidl_typesupport_cpp.dir/rosidl_typesupport_cpp/experiment_interfaces/msg/num__type_support.cpp.o[0m
[8.779s] [ 38%] [32mBuilding CXX object CMakeFiles/experiment_interfaces__rosidl_typesupport_cpp.dir/rosidl_typesupport_cpp/experiment_interfaces/msg/sphere__type_support.cpp.o[0m
[9.011s] [ 41%] [32mBuilding CXX object CMakeFiles/experiment_interfaces__rosidl_typesupport_introspection_cpp.dir/rosidl_typesupport_introspection_cpp/experiment_interfaces/msg/detail/num__type_support.cpp.o[0m
[9.025s] [ 43%] [32mBuilding CXX object CMakeFiles/experiment_interfaces__rosidl_typesupport_introspection_cpp.dir/rosidl_typesupport_introspection_cpp/experiment_interfaces/msg/detail/sphere__type_support.cpp.o[0m
[9.181s] [ 46%] [32mBuilding CXX object CMakeFiles/experiment_interfaces__rosidl_typesupport_fastrtps_c.dir/rosidl_typesupport_fastrtps_c/experiment_interfaces/msg/detail/num__type_support_c.cpp.o[0m
[9.184s] [ 48%] [32mBuilding CXX object CMakeFiles/experiment_interfaces__rosidl_typesupport_fastrtps_c.dir/rosidl_typesupport_fastrtps_c/experiment_interfaces/msg/detail/sphere__type_support_c.cpp.o[0m
[9.397s] [ 51%] [32mBuilding CXX object CMakeFiles/experiment_interfaces__rosidl_typesupport_c.dir/rosidl_typesupport_c/experiment_interfaces/msg/sphere__type_support.cpp.o[0m
[9.404s] [ 53%] [32mBuilding CXX object CMakeFiles/experiment_interfaces__rosidl_typesupport_c.dir/rosidl_typesupport_c/experiment_interfaces/msg/num__type_support.cpp.o[0m
[9.563s] [ 56%] [32mBuilding C object CMakeFiles/experiment_interfaces__rosidl_typesupport_introspection_c.dir/rosidl_typesupport_introspection_c/experiment_interfaces/msg/detail/sphere__type_support.c.o[0m
[9.573s] [ 58%] [32mBuilding C object CMakeFiles/experiment_interfaces__rosidl_typesupport_introspection_c.dir/rosidl_typesupport_introspection_c/experiment_interfaces/msg/detail/num__type_support.c.o[0m
[9.583s] [ 61%] [32m[1mLinking CXX shared library libexperiment_interfaces__rosidl_typesupport_c.so[0m
[9.734s] [ 64%] [32m[1mLinking C shared library libexperiment_interfaces__rosidl_typesupport_introspection_c.so[0m
[9.768s] [ 64%] Built target experiment_interfaces__rosidl_typesupport_c
[9.858s] [ 64%] Built target experiment_interfaces__rosidl_typesupport_introspection_c
[9.946s] [ 66%] [32m[1mLinking CXX shared library libexperiment_interfaces__rosidl_typesupport_cpp.so[0m
[10.081s] [ 66%] Built target experiment_interfaces__rosidl_typesupport_cpp
[10.205s] [ 69%] [32m[1mLinking CXX shared library libexperiment_interfaces__rosidl_typesupport_fastrtps_cpp.so[0m
[10.246s] [ 71%] [32m[1mLinking CXX shared library libexperiment_interfaces__rosidl_typesupport_introspection_cpp.so[0m
[10.250s] [ 74%] [32m[1mLinking CXX shared library libexperiment_interfaces__rosidl_typesupport_fastrtps_c.so[0m
[10.372s] [ 74%] Built target experiment_interfaces__rosidl_typesupport_introspection_cpp
[10.391s] [ 74%] Built target experiment_interfaces__rosidl_typesupport_fastrtps_c
[10.391s] [ 74%] Built target experiment_interfaces__rosidl_typesupport_fastrtps_cpp
[10.412s] [ 74%] Built target experiment_interfaces
[10.434s] [ 76%] [34m[1mGenerating Python code for ROS interfaces[0m
[10.774s] [ 76%] Built target experiment_interfaces__py
[10.794s] [ 82%] [32mBuilding C object CMakeFiles/experiment_interfaces__rosidl_generator_py.dir/rosidl_generator_py/experiment_interfaces/msg/_sphere_s.c.o[0m
[10.794s] [ 82%] [32mBuilding C object CMakeFiles/experiment_interfaces__rosidl_generator_py.dir/rosidl_generator_py/experiment_interfaces/msg/_num_s.c.o[0m
[10.910s] [ 84%] [32m[1mLinking C shared library rosidl_generator_py/experiment_interfaces/libexperiment_interfaces__rosidl_generator_py.so[0m
[10.969s] [ 84%] Built target experiment_interfaces__rosidl_generator_py
[11.002s] [ 92%] [32mBuilding C object CMakeFiles/experiment_interfaces__rosidl_typesupport_c__pyext.dir/rosidl_generator_py/experiment_interfaces/_experiment_interfaces_s.ep.rosidl_typesupport_c.c.o[0m
[11.002s] [ 92%] [32mBuilding C object CMakeFiles/experiment_interfaces__rosidl_typesupport_fastrtps_c__pyext.dir/rosidl_generator_py/experiment_interfaces/_experiment_interfaces_s.ep.rosidl_typesupport_fastrtps_c.c.o[0m
[11.003s] [ 92%] [32mBuilding C object CMakeFiles/experiment_interfaces__rosidl_typesupport_introspection_c__pyext.dir/rosidl_generator_py/experiment_interfaces/_experiment_interfaces_s.ep.rosidl_typesupport_introspection_c.c.o[0m
[11.129s] [ 94%] [32m[1mLinking C shared library rosidl_generator_py/experiment_interfaces/experiment_interfaces_s__rosidl_typesupport_fastrtps_c.cpython-310-x86_64-linux-gnu.so[0m
[11.135s] [ 97%] [32m[1mLinking C shared library rosidl_generator_py/experiment_interfaces/experiment_interfaces_s__rosidl_typesupport_c.cpython-310-x86_64-linux-gnu.so[0m
[11.153s] [100%] [32m[1mLinking C shared library rosidl_generator_py/experiment_interfaces/experiment_interfaces_s__rosidl_typesupport_introspection_c.cpython-310-x86_64-linux-gnu.so[0m
[11.181s] [100%] Built target experiment_interfaces__rosidl_typesupport_c__pyext
[11.186s] [100%] Built target experiment_interfaces__rosidl_typesupport_fastrtps_c__pyext
[11.200s] [100%] Built target experiment_interfaces__rosidl_typesupport_introspection_c__pyext
[11.216s] Invoked command in '/home/akshaj/Desktop/ros-lab/ros-lab/build/experiment_interfaces' returned '0': CMAKE_PREFIX_PATH=/opt/ros/humble /usr/bin/cmake --build /home/akshaj/Desktop/ros-lab/ros-lab/build/experiment_interfaces -- -j12 -l12
[11.218s] Invoking command in '/home/akshaj/Desktop/ros-lab/ros-lab/build/experiment_interfaces': CMAKE_PREFIX_PATH=/opt/ros/humble /usr/bin/cmake --install /home/akshaj/Desktop/ros-lab/ros-lab/build/experiment_interfaces
[11.226s] -- Install configuration: ""
[11.227s] -- Installing: /home/akshaj/Desktop/ros-lab/ros-lab/install/experiment_interfaces/share/ament_index/resource_index/rosidl_interfaces/experiment_interfaces
[11.227s] -- Installing: /home/akshaj/Desktop/ros-lab/ros-lab/install/experiment_interfaces/include/experiment_interfaces/experiment_interfaces
[11.227s] -- Installing: /home/akshaj/Desktop/ros-lab/ros-lab/install/experiment_interfaces/include/experiment_interfaces/experiment_interfaces/msg
[11.227s] -- Installing: /home/akshaj/Desktop/ros-lab/ros-lab/install/experiment_interfaces/include/experiment_interfaces/experiment_interfaces/msg/detail
[11.227s] -- Installing: /home/akshaj/Desktop/ros-lab/ros-lab/install/experiment_interfaces/include/experiment_interfaces/experiment_interfaces/msg/detail/sphere__functions.c
[11.227s] -- Installing: /home/akshaj/Desktop/ros-lab/ros-lab/install/experiment_interfaces/include/experiment_interfaces/experiment_interfaces/msg/detail/num__struct.h
[11.228s] -- Installing: /home/akshaj/Desktop/ros-lab/ros-lab/install/experiment_interfaces/include/experiment_interfaces/experiment_interfaces/msg/detail/num__functions.c
[11.228s] -- Installing: /home/akshaj/Desktop/ros-lab/ros-lab/install/experiment_interfaces/include/experiment_interfaces/experiment_interfaces/msg/detail/sphere__struct.h
[11.228s] -- Installing: /home/akshaj/Desktop/ros-lab/ros-lab/install/experiment_interfaces/include/experiment_interfaces/experiment_interfaces/msg/detail/sphere__functions.h
[11.228s] -- Installing: /home/akshaj/Desktop/ros-lab/ros-lab/install/experiment_interfaces/include/experiment_interfaces/experiment_interfaces/msg/detail/sphere__type_support.h
[11.228s] -- Installing: /home/akshaj/Desktop/ros-lab/ros-lab/install/experiment_interfaces/include/experiment_interfaces/experiment_interfaces/msg/detail/num__type_support.h
[11.228s] -- Installing: /home/akshaj/Desktop/ros-lab/ros-lab/install/experiment_interfaces/include/experiment_interfaces/experiment_interfaces/msg/detail/num__functions.h
[11.228s] -- Installing: /home/akshaj/Desktop/ros-lab/ros-lab/install/experiment_interfaces/include/experiment_interfaces/experiment_interfaces/msg/num.h
[11.229s] -- Installing: /home/akshaj/Desktop/ros-lab/ros-lab/install/experiment_interfaces/include/experiment_interfaces/experiment_interfaces/msg/sphere.h
[11.229s] -- Installing: /home/akshaj/Desktop/ros-lab/ros-lab/install/experiment_interfaces/include/experiment_interfaces/experiment_interfaces/msg/rosidl_generator_c__visibility_control.h
[11.229s] -- Installing: /home/akshaj/Desktop/ros-lab/ros-lab/install/experiment_interfaces/share/experiment_interfaces/environment/library_path.sh
[11.229s] -- Installing: /home/akshaj/Desktop/ros-lab/ros-lab/install/experiment_interfaces/share/experiment_interfaces/environment/library_path.dsv
[11.229s] -- Installing: /home/akshaj/Desktop/ros-lab/ros-lab/install/experiment_interfaces/lib/libexperiment_interfaces__rosidl_generator_c.so
[11.230s] -- Set runtime path of "/home/akshaj/Desktop/ros-lab/ros-lab/install/experiment_interfaces/lib/libexperiment_interfaces__rosidl_generator_c.so" to ""
[11.230s] -- Up-to-date: /home/akshaj/Desktop/ros-lab/ros-lab/install/experiment_interfaces/include/experiment_interfaces/experiment_interfaces
[11.230s] -- Up-to-date: /home/akshaj/Desktop/ros-lab/ros-lab/install/experiment_interfaces/include/experiment_interfaces/experiment_interfaces/msg
[11.230s] -- Up-to-date: /home/akshaj/Desktop/ros-lab/ros-lab/install/experiment_interfaces/include/experiment_interfaces/experiment_interfaces/msg/detail
[11.230s] -- Installing: /home/akshaj/Desktop/ros-lab/ros-lab/install/experiment_interfaces/include/experiment_interfaces/experiment_interfaces/msg/detail/num__rosidl_typesupport_fastrtps_c.h
[11.230s] -- Installing: /home/akshaj/Desktop/ros-lab/ros-lab/install/experiment_interfaces/include/experiment_interfaces/experiment_interfaces/msg/detail/sphere__rosidl_typesupport_fastrtps_c.h
[11.230s] -- Installing: /home/akshaj/Desktop/ros-lab/ros-lab/install/experiment_interfaces/include/experiment_interfaces/experiment_interfaces/msg/rosidl_typesupport_fastrtps_c__visibility_control.h
[11.231s] -- Installing: /home/akshaj/Desktop/ros-lab/ros-lab/install/experiment_interfaces/lib/libexperiment_interfaces__rosidl_typesupport_fastrtps_c.so
[11.231s] -- Set runtime path of "/home/akshaj/Desktop/ros-lab/ros-lab/install/experiment_interfaces/lib/libexperiment_interfaces__rosidl_typesupport_fastrtps_c.so" to ""
[11.231s] -- Up-to-date: /home/akshaj/Desktop/ros-lab/ros-lab/install/experiment_interfaces/include/experiment_interfaces/experiment_interfaces
[11.231s] -- Up-to-date: /home/akshaj/Desktop/ros-lab/ros-lab/install/experiment_interfaces/include/experiment_interfaces/experiment_interfaces/msg
[11.231s] -- Up-to-date: /home/akshaj/Desktop/ros-lab/ros-lab/install/experiment_interfaces/include/experiment_interfaces/experiment_interfaces/msg/detail
[11.231s] -- Installing: /home/akshaj/Desktop/ros-lab/ros-lab/install/experiment_interfaces/include/experiment_interfaces/experiment_interfaces/msg/detail/sphere__traits.hpp
[11.231s] -- Installing: /home/akshaj/Desktop/ros-lab/ros-lab/install/experiment_interfaces/include/experiment_interfaces/experiment_interfaces/msg/detail/num__builder.hpp
[11.232s] -- Installing: /home/akshaj/Desktop/ros-lab/ros-lab/install/experiment_interfaces/include/experiment_interfaces/experiment_interfaces/msg/detail/num__type_support.hpp
[11.232s] -- Installing: /home/akshaj/Desktop/ros-lab/ros-lab/install/experiment_interfaces/include/experiment_interfaces/experiment_interfaces/msg/detail/sphere__builder.hpp
[11.232s] -- Installing: /home/akshaj/Desktop/ros-lab/ros-lab/install/experiment_interfaces/include/experiment_interfaces/experiment_interfaces/msg/detail/num__traits.hpp
[11.232s] -- Installing: /home/akshaj/Desktop/ros-lab/ros-lab/install/experiment_interfaces/include/experiment_interfaces/experiment_interfaces/msg/detail/sphere__type_support.hpp
[11.233s] -- Installing: /home/akshaj/Desktop/ros-lab/ros-lab/install/experiment_interfaces/include/experiment_interfaces/experiment_interfaces/msg/detail/sphere__struct.hpp
[11.233s] -- Installing: /home/akshaj/Desktop/ros-lab/ros-lab/install/experiment_interfaces/include/experiment_interfaces/experiment_interfaces/msg/detail/num__struct.hpp
[11.233s] -- Installing: /home/akshaj/Desktop/ros-lab/ros-lab/install/experiment_interfaces/include/experiment_interfaces/experiment_interfaces/msg/num.hpp
[11.233s] -- Installing: /home/akshaj/Desktop/ros-lab/ros-lab/install/experiment_interfaces/include/experiment_interfaces/experiment_interfaces/msg/sphere.hpp
[11.233s] -- Installing: /home/akshaj/Desktop/ros-lab/ros-lab/install/experiment_interfaces/include/experiment_interfaces/experiment_interfaces/msg/rosidl_generator_cpp__visibility_control.hpp
[11.233s] -- Up-to-date: /home/akshaj/Desktop/ros-lab/ros-lab/install/experiment_interfaces/include/experiment_interfaces/experiment_interfaces
[11.234s] -- Up-to-date: /home/akshaj/Desktop/ros-lab/ros-lab/install/experiment_interfaces/include/experiment_interfaces/experiment_interfaces/msg
[11.234s] -- Installing: /home/akshaj/Desktop/ros-lab/ros-lab/install/experiment_interfaces/include/experiment_interfaces/experiment_interfaces/msg/rosidl_typesupport_fastrtps_cpp__visibility_control.h
[11.234s] -- Up-to-date: /home/akshaj/Desktop/ros-lab/ros-lab/install/experiment_interfaces/include/experiment_interfaces/experiment_interfaces/msg/detail
[11.234s] -- Installing: /home/akshaj/Desktop/ros-lab/ros-lab/install/experiment_interfaces/include/experiment_interfaces/experiment_interfaces/msg/detail/dds_fastrtps
[11.234s] -- Installing: /home/akshaj/Desktop/ros-lab/ros-lab/install/experiment_interfaces/include/experiment_interfaces/experiment_interfaces/msg/detail/num__rosidl_typesupport_fastrtps_cpp.hpp
[11.234s] -- Installing: /home/akshaj/Desktop/ros-lab/ros-lab/install/experiment_interfaces/include/experiment_interfaces/experiment_interfaces/msg/detail/sphere__rosidl_typesupport_fastrtps_cpp.hpp
[11.234s] -- Installing: /home/akshaj/Desktop/ros-lab/ros-lab/install/experiment_interfaces/lib/libexperiment_interfaces__rosidl_typesupport_fastrtps_cpp.so
[11.235s] -- Set runtime path of "/home/akshaj/Desktop/ros-lab/ros-lab/install/experiment_interfaces/lib/libexperiment_interfaces__rosidl_typesupport_fastrtps_cpp.so" to ""
[11.235s] -- Up-to-date: /home/akshaj/Desktop/ros-lab/ros-lab/install/experiment_interfaces/include/experiment_interfaces/experiment_interfaces
[11.235s] -- Up-to-date: /home/akshaj/Desktop/ros-lab/ros-lab/install/experiment_interfaces/include/experiment_interfaces/experiment_interfaces/msg
[11.235s] -- Installing: /home/akshaj/Desktop/ros-lab/ros-lab/install/experiment_interfaces/include/experiment_interfaces/experiment_interfaces/msg/rosidl_typesupport_introspection_c__visibility_control.h
[11.235s] -- Up-to-date: /home/akshaj/Desktop/ros-lab/ros-lab/install/experiment_interfaces/include/experiment_interfaces/experiment_interfaces/msg/detail
[11.235s] -- Installing: /home/akshaj/Desktop/ros-lab/ros-lab/install/experiment_interfaces/include/experiment_interfaces/experiment_interfaces/msg/detail/num__type_support.c
[11.235s] -- Installing: /home/akshaj/Desktop/ros-lab/ros-lab/install/experiment_interfaces/include/experiment_interfaces/experiment_interfaces/msg/detail/sphere__type_support.c
[11.235s] -- Installing: /home/akshaj/Desktop/ros-lab/ros-lab/install/experiment_interfaces/include/experiment_interfaces/experiment_interfaces/msg/detail/sphere__rosidl_typesupport_introspection_c.h
[11.235s] -- Installing: /home/akshaj/Desktop/ros-lab/ros-lab/install/experiment_interfaces/include/experiment_interfaces/experiment_interfaces/msg/detail/num__rosidl_typesupport_introspection_c.h
[11.236s] -- Installing: /home/akshaj/Desktop/ros-lab/ros-lab/install/experiment_interfaces/lib/libexperiment_interfaces__rosidl_typesupport_introspection_c.so
[11.236s] -- Set runtime path of "/home/akshaj/Desktop/ros-lab/ros-lab/install/experiment_interfaces/lib/libexperiment_interfaces__rosidl_typesupport_introspection_c.so" to ""
[11.236s] -- Installing: /home/akshaj/Desktop/ros-lab/ros-lab/install/experiment_interfaces/lib/libexperiment_interfaces__rosidl_typesupport_c.so
[11.236s] -- Set runtime path of "/home/akshaj/Desktop/ros-lab/ros-lab/install/experiment_interfaces/lib/libexperiment_interfaces__rosidl_typesupport_c.so" to ""
[11.236s] -- Up-to-date: /home/akshaj/Desktop/ros-lab/ros-lab/install/experiment_interfaces/include/experiment_interfaces/experiment_interfaces
[11.236s] -- Up-to-date: /home/akshaj/Desktop/ros-lab/ros-lab/install/experiment_interfaces/include/experiment_interfaces/experiment_interfaces/msg
[11.236s] -- Up-to-date: /home/akshaj/Desktop/ros-lab/ros-lab/install/experiment_interfaces/include/experiment_interfaces/experiment_interfaces/msg/detail
[11.236s] -- Installing: /home/akshaj/Desktop/ros-lab/ros-lab/install/experiment_interfaces/include/experiment_interfaces/experiment_interfaces/msg/detail/sphere__rosidl_typesupport_introspection_cpp.hpp
[11.236s] -- Installing: /home/akshaj/Desktop/ros-lab/ros-lab/install/experiment_interfaces/include/experiment_interfaces/experiment_interfaces/msg/detail/num__rosidl_typesupport_introspection_cpp.hpp
[11.236s] -- Installing: /home/akshaj/Desktop/ros-lab/ros-lab/install/experiment_interfaces/include/experiment_interfaces/experiment_interfaces/msg/detail/sphere__type_support.cpp
[11.236s] -- Installing: /home/akshaj/Desktop/ros-lab/ros-lab/install/experiment_interfaces/include/experiment_interfaces/experiment_interfaces/msg/detail/num__type_support.cpp
[11.237s] -- Installing: /home/akshaj/Desktop/ros-lab/ros-lab/install/experiment_interfaces/lib/libexperiment_interfaces__rosidl_typesupport_introspection_cpp.so
[11.237s] -- Set runtime path of "/home/akshaj/Desktop/ros-lab/ros-lab/install/experiment_interfaces/lib/libexperiment_interfaces__rosidl_typesupport_introspection_cpp.so" to ""
[11.237s] -- Installing: /home/akshaj/Desktop/ros-lab/ros-lab/install/experiment_interfaces/lib/libexperiment_interfaces__rosidl_typesupport_cpp.so
[11.237s] -- Set runtime path of "/home/akshaj/Desktop/ros-lab/ros-lab/install/experiment_interfaces/lib/libexperiment_interfaces__rosidl_typesupport_cpp.so" to ""
[11.237s] -- Installing: /home/akshaj/Desktop/ros-lab/ros-lab/install/experiment_interfaces/share/experiment_interfaces/environment/pythonpath.sh
[11.237s] -- Installing: /home/akshaj/Desktop/ros-lab/ros-lab/install/experiment_interfaces/share/experiment_interfaces/environment/pythonpath.dsv
[11.238s] -- Installing: /home/akshaj/Desktop/ros-lab/ros-lab/install/experiment_interfaces/local/lib/python3.10/dist-packages/experiment_interfaces-0.0.0-py3.10.egg-info
[11.238s] -- Installing: /home/akshaj/Desktop/ros-lab/ros-lab/install/experiment_interfaces/local/lib/python3.10/dist-packages/experiment_interfaces-0.0.0-py3.10.egg-info/SOURCES.txt
[11.238s] -- Installing: /home/akshaj/Desktop/ros-lab/ros-lab/install/experiment_interfaces/local/lib/python3.10/dist-packages/experiment_interfaces-0.0.0-py3.10.egg-info/top_level.txt
[11.238s] -- Installing: /home/akshaj/Desktop/ros-lab/ros-lab/install/experiment_interfaces/local/lib/python3.10/dist-packages/experiment_interfaces-0.0.0-py3.10.egg-info/dependency_links.txt
[11.238s] -- Installing: /home/akshaj/Desktop/ros-lab/ros-lab/install/experiment_interfaces/local/lib/python3.10/dist-packages/experiment_interfaces-0.0.0-py3.10.egg-info/PKG-INFO
[11.238s] -- Installing: /home/akshaj/Desktop/ros-lab/ros-lab/install/experiment_interfaces/local/lib/python3.10/dist-packages/experiment_interfaces
[11.238s] -- Installing: /home/akshaj/Desktop/ros-lab/ros-lab/install/experiment_interfaces/local/lib/python3.10/dist-packages/experiment_interfaces/msg
[11.239s] -- Installing: /home/akshaj/Desktop/ros-lab/ros-lab/install/experiment_interfaces/local/lib/python3.10/dist-packages/experiment_interfaces/msg/_sphere_s.c
[11.239s] -- Installing: /home/akshaj/Desktop/ros-lab/ros-lab/install/experiment_interfaces/local/lib/python3.10/dist-packages/experiment_interfaces/msg/_sphere.py
[11.239s] -- Installing: /home/akshaj/Desktop/ros-lab/ros-lab/install/experiment_interfaces/local/lib/python3.10/dist-packages/experiment_interfaces/msg/__init__.py
[11.239s] -- Installing: /home/akshaj/Desktop/ros-lab/ros-lab/install/experiment_interfaces/local/lib/python3.10/dist-packages/experiment_interfaces/msg/_num.py
[11.239s] -- Installing: /home/akshaj/Desktop/ros-lab/ros-lab/install/experiment_interfaces/local/lib/python3.10/dist-packages/experiment_interfaces/msg/_num_s.c
[11.239s] -- Installing: /home/akshaj/Desktop/ros-lab/ros-lab/install/experiment_interfaces/local/lib/python3.10/dist-packages/experiment_interfaces/libexperiment_interfaces__rosidl_generator_py.so
[11.240s] -- Installing: /home/akshaj/Desktop/ros-lab/ros-lab/install/experiment_interfaces/local/lib/python3.10/dist-packages/experiment_interfaces/__init__.py
[11.240s] -- Installing: /home/akshaj/Desktop/ros-lab/ros-lab/install/experiment_interfaces/local/lib/python3.10/dist-packages/experiment_interfaces/_experiment_interfaces_s.ep.rosidl_typesupport_c.c
[11.240s] -- Installing: /home/akshaj/Desktop/ros-lab/ros-lab/install/experiment_interfaces/local/lib/python3.10/dist-packages/experiment_interfaces/experiment_interfaces_s__rosidl_typesupport_fastrtps_c.cpython-310-x86_64-linux-gnu.so
[11.240s] -- Installing: /home/akshaj/Desktop/ros-lab/ros-lab/install/experiment_interfaces/local/lib/python3.10/dist-packages/experiment_interfaces/_experiment_interfaces_s.ep.rosidl_typesupport_introspection_c.c
[11.240s] -- Installing: /home/akshaj/Desktop/ros-lab/ros-lab/install/experiment_interfaces/local/lib/python3.10/dist-packages/experiment_interfaces/experiment_interfaces_s__rosidl_typesupport_c.cpython-310-x86_64-linux-gnu.so
[11.240s] -- Installing: /home/akshaj/Desktop/ros-lab/ros-lab/install/experiment_interfaces/local/lib/python3.10/dist-packages/experiment_interfaces/experiment_interfaces_s__rosidl_typesupport_introspection_c.cpython-310-x86_64-linux-gnu.so
[11.240s] -- Installing: /home/akshaj/Desktop/ros-lab/ros-lab/install/experiment_interfaces/local/lib/python3.10/dist-packages/experiment_interfaces/_experiment_interfaces_s.ep.rosidl_typesupport_fastrtps_c.c
[11.275s] Listing '/home/akshaj/Desktop/ros-lab/ros-lab/install/experiment_interfaces/local/lib/python3.10/dist-packages/experiment_interfaces'...
[11.275s] Compiling '/home/akshaj/Desktop/ros-lab/ros-lab/install/experiment_interfaces/local/lib/python3.10/dist-packages/experiment_interfaces/__init__.py'...
[11.275s] Listing '/home/akshaj/Desktop/ros-lab/ros-lab/install/experiment_interfaces/local/lib/python3.10/dist-packages/experiment_interfaces/msg'...
[11.275s] Compiling '/home/akshaj/Desktop/ros-lab/ros-lab/install/experiment_interfaces/local/lib/python3.10/dist-packages/experiment_interfaces/msg/__init__.py'...
[11.275s] Compiling '/home/akshaj/Desktop/ros-lab/ros-lab/install/experiment_interfaces/local/lib/python3.10/dist-packages/experiment_interfaces/msg/_num.py'...
[11.275s] Compiling '/home/akshaj/Desktop/ros-lab/ros-lab/install/experiment_interfaces/local/lib/python3.10/dist-packages/experiment_interfaces/msg/_sphere.py'...
[11.283s] -- Installing: /home/akshaj/Desktop/ros-lab/ros-lab/install/experiment_interfaces/local/lib/python3.10/dist-packages/experiment_interfaces/experiment_interfaces_s__rosidl_typesupport_fastrtps_c.cpython-310-x86_64-linux-gnu.so
[11.283s] -- Set runtime path of "/home/akshaj/Desktop/ros-lab/ros-lab/install/experiment_interfaces/local/lib/python3.10/dist-packages/experiment_interfaces/experiment_interfaces_s__rosidl_typesupport_fastrtps_c.cpython-310-x86_64-linux-gnu.so" to ""
[11.283s] -- Installing: /home/akshaj/Desktop/ros-lab/ros-lab/install/experiment_interfaces/local/lib/python3.10/dist-packages/experiment_interfaces/experiment_interfaces_s__rosidl_typesupport_introspection_c.cpython-310-x86_64-linux-gnu.so
[11.284s] -- Set runtime path of "/home/akshaj/Desktop/ros-lab/ros-lab/install/experiment_interfaces/local/lib/python3.10/dist-packages/experiment_interfaces/experiment_interfaces_s__rosidl_typesupport_introspection_c.cpython-310-x86_64-linux-gnu.so" to ""
[11.284s] -- Installing: /home/akshaj/Desktop/ros-lab/ros-lab/install/experiment_interfaces/local/lib/python3.10/dist-packages/experiment_interfaces/experiment_interfaces_s__rosidl_typesupport_c.cpython-310-x86_64-linux-gnu.so
[11.285s] -- Set runtime path of "/home/akshaj/Desktop/ros-lab/ros-lab/install/experiment_interfaces/local/lib/python3.10/dist-packages/experiment_interfaces/experiment_interfaces_s__rosidl_typesupport_c.cpython-310-x86_64-linux-gnu.so" to ""
[11.285s] -- Installing: /home/akshaj/Desktop/ros-lab/ros-lab/install/experiment_interfaces/lib/libexperiment_interfaces__rosidl_generator_py.so
[11.285s] -- Set runtime path of "/home/akshaj/Desktop/ros-lab/ros-lab/install/experiment_interfaces/lib/libexperiment_interfaces__rosidl_generator_py.so" to ""
[11.285s] -- Installing: /home/akshaj/Desktop/ros-lab/ros-lab/install/experiment_interfaces/share/experiment_interfaces/msg/Num.idl
[11.286s] -- Installing: /home/akshaj/Desktop/ros-lab/ros-lab/install/experiment_interfaces/share/experiment_interfaces/msg/Sphere.idl
[11.286s] -- Installing: /home/akshaj/Desktop/ros-lab/ros-lab/install/experiment_interfaces/share/experiment_interfaces/msg/Num.msg
[11.286s] -- Installing: /home/akshaj/Desktop/ros-lab/ros-lab/install/experiment_interfaces/share/experiment_interfaces/msg/Sphere.msg
[11.287s] -- Installing: /home/akshaj/Desktop/ros-lab/ros-lab/install/experiment_interfaces/share/ament_index/resource_index/package_run_dependencies/experiment_interfaces
[11.287s] -- Installing: /home/akshaj/Desktop/ros-lab/ros-lab/install/experiment_interfaces/share/ament_index/resource_index/parent_prefix_path/experiment_interfaces
[11.287s] -- Installing: /home/akshaj/Desktop/ros-lab/ros-lab/install/experiment_interfaces/share/experiment_interfaces/environment/ament_prefix_path.sh
[11.287s] -- Installing: /home/akshaj/Desktop/ros-lab/ros-lab/install/experiment_interfaces/share/experiment_interfaces/environment/ament_prefix_path.dsv
[11.288s] -- Installing: /home/akshaj/Desktop/ros-lab/ros-lab/install/experiment_interfaces/share/experiment_interfaces/environment/path.sh
[11.288s] -- Installing: /home/akshaj/Desktop/ros-lab/ros-lab/install/experiment_interfaces/share/experiment_interfaces/environment/path.dsv
[11.288s] -- Installing: /home/akshaj/Desktop/ros-lab/ros-lab/install/experiment_interfaces/share/experiment_interfaces/local_setup.bash
[11.288s] -- Installing: /home/akshaj/Desktop/ros-lab/ros-lab/install/experiment_interfaces/share/experiment_interfaces/local_setup.sh
[11.289s] -- Installing: /home/akshaj/Desktop/ros-lab/ros-lab/install/experiment_interfaces/share/experiment_interfaces/local_setup.zsh
[11.289s] -- Installing: /home/akshaj/Desktop/ros-lab/ros-lab/install/experiment_interfaces/share/experiment_interfaces/local_setup.dsv
[11.289s] -- Installing: /home/akshaj/Desktop/ros-lab/ros-lab/install/experiment_interfaces/share/experiment_interfaces/package.dsv
[11.289s] -- Installing: /home/akshaj/Desktop/ros-lab/ros-lab/install/experiment_interfaces/share/ament_index/resource_index/packages/experiment_interfaces
[11.290s] -- Installing: /home/akshaj/Desktop/ros-lab/ros-lab/install/experiment_interfaces/share/experiment_interfaces/cmake/export_experiment_interfaces__rosidl_generator_cExport.cmake
[11.290s] -- Installing: /home/akshaj/Desktop/ros-lab/ros-lab/install/experiment_interfaces/share/experiment_interfaces/cmake/export_experiment_interfaces__rosidl_generator_cExport-noconfig.cmake
[11.290s] -- Installing: /home/akshaj/Desktop/ros-lab/ros-lab/install/experiment_interfaces/share/experiment_interfaces/cmake/export_experiment_interfaces__rosidl_typesupport_fastrtps_cExport.cmake
[11.290s] -- Installing: /home/akshaj/Desktop/ros-lab/ros-lab/install/experiment_interfaces/share/experiment_interfaces/cmake/export_experiment_interfaces__rosidl_typesupport_fastrtps_cExport-noconfig.cmake
[11.291s] -- Installing: /home/akshaj/Desktop/ros-lab/ros-lab/install/experiment_interfaces/share/experiment_interfaces/cmake/export_experiment_interfaces__rosidl_generator_cppExport.cmake
[11.291s] -- Installing: /home/akshaj/Desktop/ros-lab/ros-lab/install/experiment_interfaces/share/experiment_interfaces/cmake/export_experiment_interfaces__rosidl_typesupport_fastrtps_cppExport.cmake
[11.291s] -- Installing: /home/akshaj/Desktop/ros-lab/ros-lab/install/experiment_interfaces/share/experiment_interfaces/cmake/export_experiment_interfaces__rosidl_typesupport_fastrtps_cppExport-noconfig.cmake
[11.291s] -- Installing: /home/akshaj/Desktop/ros-lab/ros-lab/install/experiment_interfaces/share/experiment_interfaces/cmake/experiment_interfaces__rosidl_typesupport_introspection_cExport.cmake
[11.292s] -- Installing: /home/akshaj/Desktop/ros-lab/ros-lab/install/experiment_interfaces/share/experiment_interfaces/cmake/experiment_interfaces__rosidl_typesupport_introspection_cExport-noconfig.cmake
[11.292s] -- Installing: /home/akshaj/Desktop/ros-lab/ros-lab/install/experiment_interfaces/share/experiment_interfaces/cmake/experiment_interfaces__rosidl_typesupport_cExport.cmake
[11.292s] -- Installing: /home/akshaj/Desktop/ros-lab/ros-lab/install/experiment_interfaces/share/experiment_interfaces/cmake/experiment_interfaces__rosidl_typesupport_cExport-noconfig.cmake
[11.292s] -- Installing: /home/akshaj/Desktop/ros-lab/ros-lab/install/experiment_interfaces/share/experiment_interfaces/cmake/experiment_interfaces__rosidl_typesupport_introspection_cppExport.cmake
[11.293s] -- Installing: /home/akshaj/Desktop/ros-lab/ros-lab/install/experiment_interfaces/share/experiment_interfaces/cmake/experiment_interfaces__rosidl_typesupport_introspection_cppExport-noconfig.cmake
[11.293s] -- Installing: /home/akshaj/Desktop/ros-lab/ros-lab/install/experiment_interfaces/share/experiment_interfaces/cmake/experiment_interfaces__rosidl_typesupport_cppExport.cmake
[11.293s] -- Installing: /home/akshaj/Desktop/ros-lab/ros-lab/install/experiment_interfaces/share/experiment_interfaces/cmake/experiment_interfaces__rosidl_typesupport_cppExport-noconfig.cmake
[11.294s] -- Installing: /home/akshaj/Desktop/ros-lab/ros-lab/install/experiment_interfaces/share/experiment_interfaces/cmake/export_experiment_interfaces__rosidl_generator_pyExport.cmake
[11.294s] -- Installing: /home/akshaj/Desktop/ros-lab/ros-lab/install/experiment_interfaces/share/experiment_interfaces/cmake/export_experiment_interfaces__rosidl_generator_pyExport-noconfig.cmake
[11.294s] -- Installing: /home/akshaj/Desktop/ros-lab/ros-lab/install/experiment_interfaces/share/experiment_interfaces/cmake/rosidl_cmake-extras.cmake
[11.294s] -- Installing: /home/akshaj/Desktop/ros-lab/ros-lab/install/experiment_interfaces/share/experiment_interfaces/cmake/ament_cmake_export_dependencies-extras.cmake
[11.295s] -- Installing: /home/akshaj/Desktop/ros-lab/ros-lab/install/experiment_interfaces/share/experiment_interfaces/cmake/ament_cmake_export_include_directories-extras.cmake
[11.295s] -- Installing: /home/akshaj/Desktop/ros-lab/ros-lab/install/experiment_interfaces/share/experiment_interfaces/cmake/ament_cmake_export_libraries-extras.cmake
[11.295s] -- Installing: /home/akshaj/Desktop/ros-lab/ros-lab/install/experiment_interfaces/share/experiment_interfaces/cmake/ament_cmake_export_targets-extras.cmake
[11.295s] -- Installing: /home/akshaj/Desktop/ros-lab/ros-lab/install/experiment_interfaces/share/experiment_interfaces/cmake/rosidl_cmake_export_typesupport_targets-extras.cmake
[11.295s] -- Installing: /home/akshaj/Desktop/ros-lab/ros-lab/install/experiment_interfaces/share/experiment_interfaces/cmake/rosidl_cmake_export_typesupport_libraries-extras.cmake
[11.295s] -- Installing: /home/akshaj/Desktop/ros-lab/ros-lab/install/experiment_interfaces/share/experiment_interfaces/cmake/experiment_interfacesConfig.cmake
[11.296s] -- Installing: /home/akshaj/Desktop/ros-lab/ros-lab/install/experiment_interfaces/share/experiment_interfaces/cmake/experiment_interfacesConfig-version.cmake
[11.296s] -- Installing: /home/akshaj/Desktop/ros-lab/ros-lab/install/experiment_interfaces/share/experiment_interfaces/package.xml
[11.300s] Invoked command in '/home/akshaj/Desktop/ros-lab/ros-lab/build/experiment_interfaces' returned '0': CMAKE_PREFIX_PATH=/opt/ros/humble /usr/bin/cmake --install /home/akshaj/Desktop/ros-lab/ros-lab/build/experiment_interfaces
