running egg_info
creating ../../build/turtle_border/turtle_border.egg-info
writing ../../build/turtle_border/turtle_border.egg-info/PKG-INFO
writing dependency_links to ../../build/turtle_border/turtle_border.egg-info/dependency_links.txt
writing entry points to ../../build/turtle_border/turtle_border.egg-info/entry_points.txt
writing requirements to ../../build/turtle_border/turtle_border.egg-info/requires.txt
writing top-level names to ../../build/turtle_border/turtle_border.egg-info/top_level.txt
writing manifest file '../../build/turtle_border/turtle_border.egg-info/SOURCES.txt'
reading manifest file '../../build/turtle_border/turtle_border.egg-info/SOURCES.txt'
writing manifest file '../../build/turtle_border/turtle_border.egg-info/SOURCES.txt'
running build
running build_py
creating /home/akshaj/Desktop/ros-lab/ros-lab/build/turtle_border/build/lib/turtle_border
copying turtle_border/turtle_controller.py -> /home/akshaj/Desktop/ros-lab/ros-lab/build/turtle_border/build/lib/turtle_border
copying turtle_border/__init__.py -> /home/akshaj/Desktop/ros-lab/ros-lab/build/turtle_border/build/lib/turtle_border
running install
running install_lib
creating /home/akshaj/Desktop/ros-lab/ros-lab/install/turtle_border/lib/python3.10/site-packages/turtle_border
copying /home/akshaj/Desktop/ros-lab/ros-lab/build/turtle_border/build/lib/turtle_border/turtle_controller.py -> /home/akshaj/Desktop/ros-lab/ros-lab/install/turtle_border/lib/python3.10/site-packages/turtle_border
copying /home/akshaj/Desktop/ros-lab/ros-lab/build/turtle_border/build/lib/turtle_border/__init__.py -> /home/akshaj/Desktop/ros-lab/ros-lab/install/turtle_border/lib/python3.10/site-packages/turtle_border
byte-compiling /home/akshaj/Desktop/ros-lab/ros-lab/install/turtle_border/lib/python3.10/site-packages/turtle_border/turtle_controller.py to turtle_controller.cpython-310.pyc
byte-compiling /home/akshaj/Desktop/ros-lab/ros-lab/install/turtle_border/lib/python3.10/site-packages/turtle_border/__init__.py to __init__.cpython-310.pyc
running install_data
creating /home/akshaj/Desktop/ros-lab/ros-lab/install/turtle_border/share/ament_index/resource_index/packages
copying resource/turtle_border -> /home/akshaj/Desktop/ros-lab/ros-lab/install/turtle_border/share/ament_index/resource_index/packages
copying package.xml -> /home/akshaj/Desktop/ros-lab/ros-lab/install/turtle_border/share/turtle_border
running install_egg_info
Copying ../../build/turtle_border/turtle_border.egg-info to /home/akshaj/Desktop/ros-lab/ros-lab/install/turtle_border/lib/python3.10/site-packages/turtle_border-0.0.0-py3.10.egg-info
running install_scripts
Installing task_node script to /home/akshaj/Desktop/ros-lab/ros-lab/install/turtle_border/lib/turtle_border
Installing turtle_controller script to /home/akshaj/Desktop/ros-lab/ros-lab/install/turtle_border/lib/turtle_border
writing list of installed files to '/home/akshaj/Desktop/ros-lab/ros-lab/build/turtle_border/install.log'
