[3.083s] Invoking command in '/home/akshaj/Desktop/ros-lab/ros-lab/src/turtle_border': PYTHONPATH=/home/akshaj/Desktop/ros-lab/ros-lab/build/turtle_border/prefix_override:/usr/lib/python3/dist-packages/colcon_core/task/python/colcon_distutils_commands:/home/akshaj/Desktop/ros-lab/ros-lab/install/turtle_border/lib/python3.10/site-packages:${PYTHONPATH} /usr/bin/python3 -W ignore:setup.py install is deprecated -W ignore:easy_install command is deprecated setup.py egg_info --egg-base ../../build/turtle_border build --build-base /home/akshaj/Desktop/ros-lab/ros-lab/build/turtle_border/build install --record /home/akshaj/Desktop/ros-lab/ros-lab/build/turtle_border/install.log --single-version-externally-managed install_data
[3.820s] /home/akshaj/.local/lib/python3.10/site-packages/setuptools/_distutils/dist.py:289: UserWarning: Unknown distribution option: 'tests_require'
[3.820s]   warnings.warn(msg)
[4.583s] running egg_info
[4.702s] creating ../../build/turtle_border/turtle_border.egg-info
[4.703s] writing ../../build/turtle_border/turtle_border.egg-info/PKG-INFO
[4.703s] writing dependency_links to ../../build/turtle_border/turtle_border.egg-info/dependency_links.txt
[4.704s] writing entry points to ../../build/turtle_border/turtle_border.egg-info/entry_points.txt
[4.712s] writing requirements to ../../build/turtle_border/turtle_border.egg-info/requires.txt
[4.712s] writing top-level names to ../../build/turtle_border/turtle_border.egg-info/top_level.txt
[4.713s] writing manifest file '../../build/turtle_border/turtle_border.egg-info/SOURCES.txt'
[4.975s] reading manifest file '../../build/turtle_border/turtle_border.egg-info/SOURCES.txt'
[4.984s] writing manifest file '../../build/turtle_border/turtle_border.egg-info/SOURCES.txt'
[4.986s] running build
[4.986s] running build_py
[4.986s] creating /home/akshaj/Desktop/ros-lab/ros-lab/build/turtle_border/build/lib/turtle_border
[4.987s] copying turtle_border/turtle_controller.py -> /home/akshaj/Desktop/ros-lab/ros-lab/build/turtle_border/build/lib/turtle_border
[4.995s] copying turtle_border/__init__.py -> /home/akshaj/Desktop/ros-lab/ros-lab/build/turtle_border/build/lib/turtle_border
[4.995s] running install
[5.018s] running install_lib
[5.172s] creating /home/akshaj/Desktop/ros-lab/ros-lab/install/turtle_border/lib/python3.10/site-packages/turtle_border
[5.172s] copying /home/akshaj/Desktop/ros-lab/ros-lab/build/turtle_border/build/lib/turtle_border/turtle_controller.py -> /home/akshaj/Desktop/ros-lab/ros-lab/install/turtle_border/lib/python3.10/site-packages/turtle_border
[5.173s] copying /home/akshaj/Desktop/ros-lab/ros-lab/build/turtle_border/build/lib/turtle_border/__init__.py -> /home/akshaj/Desktop/ros-lab/ros-lab/install/turtle_border/lib/python3.10/site-packages/turtle_border
[5.184s] byte-compiling /home/akshaj/Desktop/ros-lab/ros-lab/install/turtle_border/lib/python3.10/site-packages/turtle_border/turtle_controller.py to turtle_controller.cpython-310.pyc
[5.186s] byte-compiling /home/akshaj/Desktop/ros-lab/ros-lab/install/turtle_border/lib/python3.10/site-packages/turtle_border/__init__.py to __init__.cpython-310.pyc
[5.186s] running install_data
[5.187s] creating /home/akshaj/Desktop/ros-lab/ros-lab/install/turtle_border/share/ament_index/resource_index/packages
[5.187s] copying resource/turtle_border -> /home/akshaj/Desktop/ros-lab/ros-lab/install/turtle_border/share/ament_index/resource_index/packages
[5.187s] copying package.xml -> /home/akshaj/Desktop/ros-lab/ros-lab/install/turtle_border/share/turtle_border
[5.201s] running install_egg_info
[5.330s] Copying ../../build/turtle_border/turtle_border.egg-info to /home/akshaj/Desktop/ros-lab/ros-lab/install/turtle_border/lib/python3.10/site-packages/turtle_border-0.0.0-py3.10.egg-info
[5.334s] running install_scripts
[5.938s] Installing task_node script to /home/akshaj/Desktop/ros-lab/ros-lab/install/turtle_border/lib/turtle_border
[5.939s] Installing turtle_controller script to /home/akshaj/Desktop/ros-lab/ros-lab/install/turtle_border/lib/turtle_border
[5.939s] writing list of installed files to '/home/akshaj/Desktop/ros-lab/ros-lab/build/turtle_border/install.log'
[6.084s] Invoked command in '/home/akshaj/Desktop/ros-lab/ros-lab/src/turtle_border' returned '0': PYTHONPATH=/home/akshaj/Desktop/ros-lab/ros-lab/build/turtle_border/prefix_override:/usr/lib/python3/dist-packages/colcon_core/task/python/colcon_distutils_commands:/home/akshaj/Desktop/ros-lab/ros-lab/install/turtle_border/lib/python3.10/site-packages:${PYTHONPATH} /usr/bin/python3 -W ignore:setup.py install is deprecated -W ignore:easy_install command is deprecated setup.py egg_info --egg-base ../../build/turtle_border build --build-base /home/akshaj/Desktop/ros-lab/ros-lab/build/turtle_border/build install --record /home/akshaj/Desktop/ros-lab/ros-lab/build/turtle_border/install.log --single-version-externally-managed install_data
