/home/akshaj/.local/lib/python3.10/site-packages/setuptools/_distutils/dist.py:289: UserWarning: Unknown distribution option: 'tests_require'
  warnings.warn(msg)
running egg_info
creating ../../build/roslab/roslab.egg-info
writing ../../build/roslab/roslab.egg-info/PKG-INFO
writing dependency_links to ../../build/roslab/roslab.egg-info/dependency_links.txt
writing entry points to ../../build/roslab/roslab.egg-info/entry_points.txt
writing requirements to ../../build/roslab/roslab.egg-info/requires.txt
writing top-level names to ../../build/roslab/roslab.egg-info/top_level.txt
writing manifest file '../../build/roslab/roslab.egg-info/SOURCES.txt'
reading manifest file '../../build/roslab/roslab.egg-info/SOURCES.txt'
writing manifest file '../../build/roslab/roslab.egg-info/SOURCES.txt'
running build
running build_py
creating /home/akshaj/Desktop/ros-lab/ros-lab/build/roslab/build/lib/roslab
copying roslab/simple.py -> /home/akshaj/Desktop/ros-lab/ros-lab/build/roslab/build/lib/roslab
copying roslab/my_first_node.py -> /home/akshaj/Desktop/ros-lab/ros-lab/build/roslab/build/lib/roslab
copying roslab/__init__.py -> /home/akshaj/Desktop/ros-lab/ros-lab/build/roslab/build/lib/roslab
copying roslab/publish.py -> /home/akshaj/Desktop/ros-lab/ros-lab/build/roslab/build/lib/roslab
running install
running install_lib
creating /home/akshaj/Desktop/ros-lab/ros-lab/install/roslab/lib/python3.10/site-packages/roslab
copying /home/akshaj/Desktop/ros-lab/ros-lab/build/roslab/build/lib/roslab/simple.py -> /home/akshaj/Desktop/ros-lab/ros-lab/install/roslab/lib/python3.10/site-packages/roslab
copying /home/akshaj/Desktop/ros-lab/ros-lab/build/roslab/build/lib/roslab/my_first_node.py -> /home/akshaj/Desktop/ros-lab/ros-lab/install/roslab/lib/python3.10/site-packages/roslab
copying /home/akshaj/Desktop/ros-lab/ros-lab/build/roslab/build/lib/roslab/__init__.py -> /home/akshaj/Desktop/ros-lab/ros-lab/install/roslab/lib/python3.10/site-packages/roslab
copying /home/akshaj/Desktop/ros-lab/ros-lab/build/roslab/build/lib/roslab/publish.py -> /home/akshaj/Desktop/ros-lab/ros-lab/install/roslab/lib/python3.10/site-packages/roslab
byte-compiling /home/akshaj/Desktop/ros-lab/ros-lab/install/roslab/lib/python3.10/site-packages/roslab/simple.py to simple.cpython-310.pyc
byte-compiling /home/akshaj/Desktop/ros-lab/ros-lab/install/roslab/lib/python3.10/site-packages/roslab/my_first_node.py to my_first_node.cpython-310.pyc
byte-compiling /home/akshaj/Desktop/ros-lab/ros-lab/install/roslab/lib/python3.10/site-packages/roslab/__init__.py to __init__.cpython-310.pyc
byte-compiling /home/akshaj/Desktop/ros-lab/ros-lab/install/roslab/lib/python3.10/site-packages/roslab/publish.py to publish.cpython-310.pyc
running install_data
creating /home/akshaj/Desktop/ros-lab/ros-lab/install/roslab/share/ament_index/resource_index/packages
copying resource/roslab -> /home/akshaj/Desktop/ros-lab/ros-lab/install/roslab/share/ament_index/resource_index/packages
copying package.xml -> /home/akshaj/Desktop/ros-lab/ros-lab/install/roslab/share/roslab
running install_egg_info
Copying ../../build/roslab/roslab.egg-info to /home/akshaj/Desktop/ros-lab/ros-lab/install/roslab/lib/python3.10/site-packages/roslab-0.0.0-py3.10.egg-info
running install_scripts
Installing test_node script to /home/akshaj/Desktop/ros-lab/ros-lab/install/roslab/lib/roslab
writing list of installed files to '/home/akshaj/Desktop/ros-lab/ros-lab/build/roslab/install.log'
