[0.879s] Invoking command in '/home/akshaj/Desktop/ros-lab/ros-lab/build/myrobot_bringup': CMAKE_PREFIX_PATH=/opt/ros/humble /usr/bin/cmake /home/akshaj/Desktop/ros-lab/ros-lab/src/myrobot_bringup -DCMAKE_INSTALL_PREFIX=/home/akshaj/Desktop/ros-lab/ros-lab/install/myrobot_bringup
[1.281s] -- The C compiler identification is GNU 11.4.0
[1.282s] -- The CXX compiler identification is GNU 11.4.0
[1.282s] -- Detecting C compiler ABI info
[1.282s] -- Detecting C compiler ABI info - done
[1.282s] -- Check for working C compiler: /usr/bin/cc - skipped
[1.282s] -- Detecting C compile features
[1.282s] -- Detecting C compile features - done
[1.282s] -- Detecting CXX compiler ABI info
[1.314s] -- Detecting CXX compiler ABI info - done
[1.330s] -- Check for working CXX compiler: /usr/bin/c++ - skipped
[1.330s] -- Detecting CXX compile features
[1.331s] -- Detecting CXX compile features - done
[1.336s] -- Found ament_cmake: 1.3.11 (/opt/ros/humble/share/ament_cmake/cmake)
[1.988s] -- Found Python3: /usr/bin/python3 (found version "3.10.12") found components: Interpreter 
[2.189s] -- Found ament_lint_auto: 0.12.12 (/opt/ros/humble/share/ament_lint_auto/cmake)
[2.472s] -- Added test 'copyright' to check source files copyright and LICENSE
[2.476s] -- Added test 'lint_cmake' to check CMake code style
[2.485s] -- Added test 'xmllint' to check XML markup files
[2.485s] -- Configuring done
[2.488s] -- Generating done
[2.493s] -- Build files have been written to: /home/akshaj/Desktop/ros-lab/ros-lab/build/myrobot_bringup
[2.552s] Invoked command in '/home/akshaj/Desktop/ros-lab/ros-lab/build/myrobot_bringup' returned '0': CMAKE_PREFIX_PATH=/opt/ros/humble /usr/bin/cmake /home/akshaj/Desktop/ros-lab/ros-lab/src/myrobot_bringup -DCMAKE_INSTALL_PREFIX=/home/akshaj/Desktop/ros-lab/ros-lab/install/myrobot_bringup
[2.558s] Invoking command in '/home/akshaj/Desktop/ros-lab/ros-lab/build/myrobot_bringup': CMAKE_PREFIX_PATH=/opt/ros/humble /usr/bin/cmake --build /home/akshaj/Desktop/ros-lab/ros-lab/build/myrobot_bringup -- -j12 -l12
[2.640s] Invoked command in '/home/akshaj/Desktop/ros-lab/ros-lab/build/myrobot_bringup' returned '0': CMAKE_PREFIX_PATH=/opt/ros/humble /usr/bin/cmake --build /home/akshaj/Desktop/ros-lab/ros-lab/build/myrobot_bringup -- -j12 -l12
[2.641s] Invoking command in '/home/akshaj/Desktop/ros-lab/ros-lab/build/myrobot_bringup': CMAKE_PREFIX_PATH=/opt/ros/humble /usr/bin/cmake --install /home/akshaj/Desktop/ros-lab/ros-lab/build/myrobot_bringup
[2.673s] -- Install configuration: ""
[2.673s] -- Installing: /home/akshaj/Desktop/ros-lab/ros-lab/install/myrobot_bringup/share/myrobot_bringup//worlds
[2.673s] -- Installing: /home/akshaj/Desktop/ros-lab/ros-lab/install/myrobot_bringup/share/myrobot_bringup//worlds/roslab_world.world
[2.675s] -- Installing: /home/akshaj/Desktop/ros-lab/ros-lab/install/myrobot_bringup/share/myrobot_bringup//rviz
[2.675s] -- Installing: /home/akshaj/Desktop/ros-lab/ros-lab/install/myrobot_bringup/share/myrobot_bringup//rviz/setup.rviz
[2.675s] -- Installing: /home/akshaj/Desktop/ros-lab/ros-lab/install/myrobot_bringup/share/myrobot_bringup//launch
[2.675s] -- Installing: /home/akshaj/Desktop/ros-lab/ros-lab/install/myrobot_bringup/share/myrobot_bringup//launch/gazebo.launch.xml
[2.675s] -- Installing: /home/akshaj/Desktop/ros-lab/ros-lab/install/myrobot_bringup/share/ament_index/resource_index/package_run_dependencies/myrobot_bringup
[2.675s] -- Installing: /home/akshaj/Desktop/ros-lab/ros-lab/install/myrobot_bringup/share/ament_index/resource_index/parent_prefix_path/myrobot_bringup
[2.675s] -- Installing: /home/akshaj/Desktop/ros-lab/ros-lab/install/myrobot_bringup/share/myrobot_bringup/environment/ament_prefix_path.sh
[2.676s] -- Installing: /home/akshaj/Desktop/ros-lab/ros-lab/install/myrobot_bringup/share/myrobot_bringup/environment/ament_prefix_path.dsv
[2.681s] -- Installing: /home/akshaj/Desktop/ros-lab/ros-lab/install/myrobot_bringup/share/myrobot_bringup/environment/path.sh
[2.681s] -- Installing: /home/akshaj/Desktop/ros-lab/ros-lab/install/myrobot_bringup/share/myrobot_bringup/environment/path.dsv
[2.681s] -- Installing: /home/akshaj/Desktop/ros-lab/ros-lab/install/myrobot_bringup/share/myrobot_bringup/local_setup.bash
[2.681s] -- Installing: /home/akshaj/Desktop/ros-lab/ros-lab/install/myrobot_bringup/share/myrobot_bringup/local_setup.sh
[2.681s] -- Installing: /home/akshaj/Desktop/ros-lab/ros-lab/install/myrobot_bringup/share/myrobot_bringup/local_setup.zsh
[2.682s] -- Installing: /home/akshaj/Desktop/ros-lab/ros-lab/install/myrobot_bringup/share/myrobot_bringup/local_setup.dsv
[2.682s] -- Installing: /home/akshaj/Desktop/ros-lab/ros-lab/install/myrobot_bringup/share/myrobot_bringup/package.dsv
[2.682s] -- Installing: /home/akshaj/Desktop/ros-lab/ros-lab/install/myrobot_bringup/share/ament_index/resource_index/packages/myrobot_bringup
[2.687s] -- Installing: /home/akshaj/Desktop/ros-lab/ros-lab/install/myrobot_bringup/share/myrobot_bringup/cmake/myrobot_bringupConfig.cmake
[2.687s] -- Installing: /home/akshaj/Desktop/ros-lab/ros-lab/install/myrobot_bringup/share/myrobot_bringup/cmake/myrobot_bringupConfig-version.cmake
[2.688s] -- Installing: /home/akshaj/Desktop/ros-lab/ros-lab/install/myrobot_bringup/share/myrobot_bringup/package.xml
[2.701s] Invoked command in '/home/akshaj/Desktop/ros-lab/ros-lab/build/myrobot_bringup' returned '0': CMAKE_PREFIX_PATH=/opt/ros/humble /usr/bin/cmake --install /home/akshaj/Desktop/ros-lab/ros-lab/build/myrobot_bringup
