running egg_info
creating ../../build/ti_custom_msg/ti_custom_msg.egg-info
writing ../../build/ti_custom_msg/ti_custom_msg.egg-info/PKG-INFO
writing dependency_links to ../../build/ti_custom_msg/ti_custom_msg.egg-info/dependency_links.txt
writing entry points to ../../build/ti_custom_msg/ti_custom_msg.egg-info/entry_points.txt
writing requirements to ../../build/ti_custom_msg/ti_custom_msg.egg-info/requires.txt
writing top-level names to ../../build/ti_custom_msg/ti_custom_msg.egg-info/top_level.txt
writing manifest file '../../build/ti_custom_msg/ti_custom_msg.egg-info/SOURCES.txt'
reading manifest file '../../build/ti_custom_msg/ti_custom_msg.egg-info/SOURCES.txt'
writing manifest file '../../build/ti_custom_msg/ti_custom_msg.egg-info/SOURCES.txt'
running build
running build_py
creating /home/akshaj/Desktop/ros-lab/ros-lab/build/ti_custom_msg/build/lib/ti_custom_msg
copying ti_custom_msg/Publisher.py -> /home/akshaj/Desktop/ros-lab/ros-lab/build/ti_custom_msg/build/lib/ti_custom_msg
copying ti_custom_msg/Subscriber.py -> /home/akshaj/Desktop/ros-lab/ros-lab/build/ti_custom_msg/build/lib/ti_custom_msg
copying ti_custom_msg/__init__.py -> /home/akshaj/Desktop/ros-lab/ros-lab/build/ti_custom_msg/build/lib/ti_custom_msg
running install
running install_lib
creating /home/akshaj/Desktop/ros-lab/ros-lab/install/ti_custom_msg/lib/python3.10/site-packages/ti_custom_msg
copying /home/akshaj/Desktop/ros-lab/ros-lab/build/ti_custom_msg/build/lib/ti_custom_msg/Publisher.py -> /home/akshaj/Desktop/ros-lab/ros-lab/install/ti_custom_msg/lib/python3.10/site-packages/ti_custom_msg
copying /home/akshaj/Desktop/ros-lab/ros-lab/build/ti_custom_msg/build/lib/ti_custom_msg/Subscriber.py -> /home/akshaj/Desktop/ros-lab/ros-lab/install/ti_custom_msg/lib/python3.10/site-packages/ti_custom_msg
copying /home/akshaj/Desktop/ros-lab/ros-lab/build/ti_custom_msg/build/lib/ti_custom_msg/__init__.py -> /home/akshaj/Desktop/ros-lab/ros-lab/install/ti_custom_msg/lib/python3.10/site-packages/ti_custom_msg
byte-compiling /home/akshaj/Desktop/ros-lab/ros-lab/install/ti_custom_msg/lib/python3.10/site-packages/ti_custom_msg/Publisher.py to Publisher.cpython-310.pyc
byte-compiling /home/akshaj/Desktop/ros-lab/ros-lab/install/ti_custom_msg/lib/python3.10/site-packages/ti_custom_msg/Subscriber.py to Subscriber.cpython-310.pyc
byte-compiling /home/akshaj/Desktop/ros-lab/ros-lab/install/ti_custom_msg/lib/python3.10/site-packages/ti_custom_msg/__init__.py to __init__.cpython-310.pyc
running install_data
creating /home/akshaj/Desktop/ros-lab/ros-lab/install/ti_custom_msg/share/ament_index/resource_index/packages
copying resource/ti_custom_msg -> /home/akshaj/Desktop/ros-lab/ros-lab/install/ti_custom_msg/share/ament_index/resource_index/packages
copying package.xml -> /home/akshaj/Desktop/ros-lab/ros-lab/install/ti_custom_msg/share/ti_custom_msg
running install_egg_info
Copying ../../build/ti_custom_msg/ti_custom_msg.egg-info to /home/akshaj/Desktop/ros-lab/ros-lab/install/ti_custom_msg/lib/python3.10/site-packages/ti_custom_msg-0.0.0-py3.10.egg-info
running install_scripts
Installing listner script to /home/akshaj/Desktop/ros-lab/ros-lab/install/ti_custom_msg/lib/ti_custom_msg
Installing talker script to /home/akshaj/Desktop/ros-lab/ros-lab/install/ti_custom_msg/lib/ti_custom_msg
writing list of installed files to '/home/akshaj/Desktop/ros-lab/ros-lab/build/ti_custom_msg/install.log'
