[0.895s] Invoking command in '/home/akshaj/Desktop/ros-lab/ros-lab/build/dob_interfaces': CMAKE_PREFIX_PATH=/opt/ros/humble /usr/bin/cmake /home/akshaj/Desktop/ros-lab/ros-lab/src/dob_interfaces -DCMAKE_INSTALL_PREFIX=/home/akshaj/Desktop/ros-lab/ros-lab/install/dob_interfaces
[1.302s] -- The C compiler identification is GNU 11.4.0
[1.303s] -- The CXX compiler identification is GNU 11.4.0
[1.303s] -- Detecting C compiler ABI info
[1.303s] -- Detecting C compiler ABI info - done
[1.303s] -- Check for working C compiler: /usr/bin/cc - skipped
[1.303s] -- Detecting C compile features
[1.303s] -- Detecting C compile features - done
[1.303s] -- Detecting CXX compiler ABI info
[1.372s] -- Detecting CXX compiler ABI info - done
[1.381s] -- Check for working CXX compiler: /usr/bin/c++ - skipped
[1.382s] -- Detecting CXX compile features
[1.382s] -- Detecting CXX compile features - done
[1.386s] -- Found ament_cmake: 1.3.11 (/opt/ros/humble/share/ament_cmake/cmake)
[2.026s] -- Found Python3: /usr/bin/python3 (found version "3.10.12") found components: Interpreter 
[2.208s] -- Found rosidl_default_generators: 1.2.0 (/opt/ros/humble/share/rosidl_default_generators/cmake)
[2.212s] -- Using all available rosidl_typesupport_c: rosidl_typesupport_fastrtps_c;rosidl_typesupport_introspection_c
[2.226s] -- Found rosidl_adapter: 3.1.6 (/opt/ros/humble/share/rosidl_adapter/cmake)
[2.314s] -- Using all available rosidl_typesupport_cpp: rosidl_typesupport_fastrtps_cpp;rosidl_typesupport_introspection_cpp
[2.883s] -- Found ament_cmake_ros: 0.10.0 (/opt/ros/humble/share/ament_cmake_ros/cmake)
[3.263s] -- Using all available rosidl_typesupport_c: rosidl_typesupport_fastrtps_c;rosidl_typesupport_introspection_c
[3.874s] -- Using all available rosidl_typesupport_cpp: rosidl_typesupport_fastrtps_cpp;rosidl_typesupport_introspection_cpp
[3.962s] -- Found PythonInterp: /usr/bin/python3 (found suitable version "3.10.12", minimum required is "3.6") 
[3.970s] -- Found python_cmake_module: 0.10.0 (/opt/ros/humble/share/python_cmake_module/cmake)
[4.063s] -- Found PythonLibs: /usr/lib/x86_64-linux-gnu/libpython3.10.so (found suitable version "3.10.12", minimum required is "3.5") 
[4.063s] -- Using PYTHON_EXECUTABLE: /usr/bin/python3
[4.064s] -- Using PYTHON_INCLUDE_DIRS: /usr/include/python3.10
[4.067s] -- Using PYTHON_LIBRARIES: /usr/lib/x86_64-linux-gnu/libpython3.10.so
[4.146s] -- Found PythonExtra: .so  
[4.263s] -- Found ament_lint_auto: 0.12.12 (/opt/ros/humble/share/ament_lint_auto/cmake)
[4.343s] -- Added test 'copyright' to check source files copyright and LICENSE
[4.355s] -- Added test 'lint_cmake' to check CMake code style
[4.356s] -- Added test 'xmllint' to check XML markup files
[4.358s] -- Configuring done
[4.419s] -- Generating done
[4.436s] -- Build files have been written to: /home/akshaj/Desktop/ros-lab/ros-lab/build/dob_interfaces
[4.453s] Invoked command in '/home/akshaj/Desktop/ros-lab/ros-lab/build/dob_interfaces' returned '0': CMAKE_PREFIX_PATH=/opt/ros/humble /usr/bin/cmake /home/akshaj/Desktop/ros-lab/ros-lab/src/dob_interfaces -DCMAKE_INSTALL_PREFIX=/home/akshaj/Desktop/ros-lab/ros-lab/install/dob_interfaces
[4.458s] Invoking command in '/home/akshaj/Desktop/ros-lab/ros-lab/build/dob_interfaces': CMAKE_PREFIX_PATH=/opt/ros/humble /usr/bin/cmake --build /home/akshaj/Desktop/ros-lab/ros-lab/build/dob_interfaces -- -j12 -l12
[4.613s] [  3%] [34m[1mGenerating C code for ROS interfaces[0m
[4.643s] [  6%] [34m[1mGenerating C++ code for ROS interfaces[0m
[4.689s] [  6%] Built target ament_cmake_python_copy_dob_interfaces
[5.385s] [  6%] Built target dob_interfaces__cpp
[5.429s] [  9%] [34m[1mGenerating C++ type support dispatch for ROS interfaces[0m
[5.434s] [ 12%] [32mBuilding C object CMakeFiles/dob_interfaces__rosidl_generator_c.dir/rosidl_generator_c/dob_interfaces/msg/detail/dob__functions.c.o[0m
[5.435s] [ 16%] [34m[1mGenerating C++ type support for eProsima Fast-RTPS[0m
[5.449s] [ 19%] [34m[1mGenerating C++ introspection for ROS interfaces[0m
[5.505s] running egg_info
[5.607s] creating dob_interfaces.egg-info
[5.607s] writing dob_interfaces.egg-info/PKG-INFO
[5.608s] writing dependency_links to dob_interfaces.egg-info/dependency_links.txt
[5.608s] writing top-level names to dob_interfaces.egg-info/top_level.txt
[5.610s] writing manifest file 'dob_interfaces.egg-info/SOURCES.txt'
[5.628s] [ 22%] [32m[1mLinking C shared library libdob_interfaces__rosidl_generator_c.so[0m
[5.833s] [ 22%] Built target dob_interfaces__rosidl_generator_c
[5.906s] [ 29%] [34m[1mGenerating C type support for eProsima Fast-RTPS[0m
[5.909s] [ 29%] [34m[1mGenerating C type support dispatch for ROS interfaces[0m
[5.912s] [ 32%] [34m[1mGenerating C introspection for ROS interfaces[0m
[5.971s] reading manifest file 'dob_interfaces.egg-info/SOURCES.txt'
[5.978s] writing manifest file 'dob_interfaces.egg-info/SOURCES.txt'
[6.194s] [ 32%] Built target ament_cmake_python_build_dob_interfaces_egg
[6.571s] [ 35%] [32mBuilding CXX object CMakeFiles/dob_interfaces__rosidl_typesupport_introspection_cpp.dir/rosidl_typesupport_introspection_cpp/dob_interfaces/msg/detail/dob__type_support.cpp.o[0m
[6.775s] [ 38%] [32mBuilding CXX object CMakeFiles/dob_interfaces__rosidl_typesupport_fastrtps_cpp.dir/rosidl_typesupport_fastrtps_cpp/dob_interfaces/msg/detail/dds_fastrtps/dob__type_support.cpp.o[0m
[6.912s] [ 41%] [32mBuilding CXX object CMakeFiles/dob_interfaces__rosidl_typesupport_cpp.dir/rosidl_typesupport_cpp/dob_interfaces/msg/dob__type_support.cpp.o[0m
[6.995s] [ 45%] [32mBuilding C object CMakeFiles/dob_interfaces__rosidl_typesupport_introspection_c.dir/rosidl_typesupport_introspection_c/dob_interfaces/msg/detail/dob__type_support.c.o[0m
[7.227s] [ 48%] [32m[1mLinking C shared library libdob_interfaces__rosidl_typesupport_introspection_c.so[0m
[7.231s] [ 51%] [32mBuilding CXX object CMakeFiles/dob_interfaces__rosidl_typesupport_c.dir/rosidl_typesupport_c/dob_interfaces/msg/dob__type_support.cpp.o[0m
[7.292s] [ 54%] [32m[1mLinking CXX shared library libdob_interfaces__rosidl_typesupport_c.so[0m
[7.426s] [ 54%] Built target dob_interfaces__rosidl_typesupport_introspection_c
[7.439s] [ 58%] [32mBuilding CXX object CMakeFiles/dob_interfaces__rosidl_typesupport_fastrtps_c.dir/rosidl_typesupport_fastrtps_c/dob_interfaces/msg/detail/dob__type_support_c.cpp.o[0m
[7.542s] [ 58%] Built target dob_interfaces__rosidl_typesupport_c
[8.353s] [ 61%] [32m[1mLinking CXX shared library libdob_interfaces__rosidl_typesupport_cpp.so[0m
[8.533s] [ 61%] Built target dob_interfaces__rosidl_typesupport_cpp
[8.749s] [ 64%] [32m[1mLinking CXX shared library libdob_interfaces__rosidl_typesupport_introspection_cpp.so[0m
[8.998s] [ 64%] Built target dob_interfaces__rosidl_typesupport_introspection_cpp
[9.118s] [ 67%] [32m[1mLinking CXX shared library libdob_interfaces__rosidl_typesupport_fastrtps_c.so[0m
[9.188s] [ 70%] [32m[1mLinking CXX shared library libdob_interfaces__rosidl_typesupport_fastrtps_cpp.so[0m
[9.684s] [ 70%] Built target dob_interfaces__rosidl_typesupport_fastrtps_c
[9.776s] [ 70%] Built target dob_interfaces__rosidl_typesupport_fastrtps_cpp
[9.852s] [ 70%] Built target dob_interfaces
[9.938s] [ 74%] [34m[1mGenerating Python code for ROS interfaces[0m
[10.468s] [ 74%] Built target dob_interfaces__py
[10.490s] [ 77%] [32mBuilding C object CMakeFiles/dob_interfaces__rosidl_generator_py.dir/rosidl_generator_py/dob_interfaces/msg/_dob_s.c.o[0m
[10.585s] [ 80%] [32m[1mLinking C shared library rosidl_generator_py/dob_interfaces/libdob_interfaces__rosidl_generator_py.so[0m
[10.629s] [ 80%] Built target dob_interfaces__rosidl_generator_py
[10.651s] [ 83%] [32mBuilding C object CMakeFiles/dob_interfaces__rosidl_typesupport_introspection_c__pyext.dir/rosidl_generator_py/dob_interfaces/_dob_interfaces_s.ep.rosidl_typesupport_introspection_c.c.o[0m
[10.652s] [ 87%] [32mBuilding C object CMakeFiles/dob_interfaces__rosidl_typesupport_fastrtps_c__pyext.dir/rosidl_generator_py/dob_interfaces/_dob_interfaces_s.ep.rosidl_typesupport_fastrtps_c.c.o[0m
[10.654s] [ 90%] [32mBuilding C object CMakeFiles/dob_interfaces__rosidl_typesupport_c__pyext.dir/rosidl_generator_py/dob_interfaces/_dob_interfaces_s.ep.rosidl_typesupport_c.c.o[0m
[10.739s] [ 93%] [32m[1mLinking C shared library rosidl_generator_py/dob_interfaces/dob_interfaces_s__rosidl_typesupport_introspection_c.cpython-310-x86_64-linux-gnu.so[0m
[10.745s] [ 96%] [32m[1mLinking C shared library rosidl_generator_py/dob_interfaces/dob_interfaces_s__rosidl_typesupport_fastrtps_c.cpython-310-x86_64-linux-gnu.so[0m
[10.779s] [ 96%] Built target dob_interfaces__rosidl_typesupport_introspection_c__pyext
[10.788s] [100%] [32m[1mLinking C shared library rosidl_generator_py/dob_interfaces/dob_interfaces_s__rosidl_typesupport_c.cpython-310-x86_64-linux-gnu.so[0m
[10.788s] [100%] Built target dob_interfaces__rosidl_typesupport_fastrtps_c__pyext
[10.823s] [100%] Built target dob_interfaces__rosidl_typesupport_c__pyext
[10.836s] Invoked command in '/home/akshaj/Desktop/ros-lab/ros-lab/build/dob_interfaces' returned '0': CMAKE_PREFIX_PATH=/opt/ros/humble /usr/bin/cmake --build /home/akshaj/Desktop/ros-lab/ros-lab/build/dob_interfaces -- -j12 -l12
[10.838s] Invoking command in '/home/akshaj/Desktop/ros-lab/ros-lab/build/dob_interfaces': CMAKE_PREFIX_PATH=/opt/ros/humble /usr/bin/cmake --install /home/akshaj/Desktop/ros-lab/ros-lab/build/dob_interfaces
[10.847s] -- Install configuration: ""
[10.847s] -- Installing: /home/akshaj/Desktop/ros-lab/ros-lab/install/dob_interfaces/share/ament_index/resource_index/rosidl_interfaces/dob_interfaces
[10.847s] -- Installing: /home/akshaj/Desktop/ros-lab/ros-lab/install/dob_interfaces/include/dob_interfaces/dob_interfaces
[10.847s] -- Installing: /home/akshaj/Desktop/ros-lab/ros-lab/install/dob_interfaces/include/dob_interfaces/dob_interfaces/msg
[10.848s] -- Installing: /home/akshaj/Desktop/ros-lab/ros-lab/install/dob_interfaces/include/dob_interfaces/dob_interfaces/msg/detail
[10.848s] -- Installing: /home/akshaj/Desktop/ros-lab/ros-lab/install/dob_interfaces/include/dob_interfaces/dob_interfaces/msg/detail/dob__functions.h
[10.848s] -- Installing: /home/akshaj/Desktop/ros-lab/ros-lab/install/dob_interfaces/include/dob_interfaces/dob_interfaces/msg/detail/dob__type_support.h
[10.848s] -- Installing: /home/akshaj/Desktop/ros-lab/ros-lab/install/dob_interfaces/include/dob_interfaces/dob_interfaces/msg/detail/dob__struct.h
[10.848s] -- Installing: /home/akshaj/Desktop/ros-lab/ros-lab/install/dob_interfaces/include/dob_interfaces/dob_interfaces/msg/detail/dob__functions.c
[10.848s] -- Installing: /home/akshaj/Desktop/ros-lab/ros-lab/install/dob_interfaces/include/dob_interfaces/dob_interfaces/msg/dob.h
[10.848s] -- Installing: /home/akshaj/Desktop/ros-lab/ros-lab/install/dob_interfaces/include/dob_interfaces/dob_interfaces/msg/rosidl_generator_c__visibility_control.h
[10.848s] -- Installing: /home/akshaj/Desktop/ros-lab/ros-lab/install/dob_interfaces/share/dob_interfaces/environment/library_path.sh
[10.849s] -- Installing: /home/akshaj/Desktop/ros-lab/ros-lab/install/dob_interfaces/share/dob_interfaces/environment/library_path.dsv
[10.849s] -- Installing: /home/akshaj/Desktop/ros-lab/ros-lab/install/dob_interfaces/lib/libdob_interfaces__rosidl_generator_c.so
[10.849s] -- Set runtime path of "/home/akshaj/Desktop/ros-lab/ros-lab/install/dob_interfaces/lib/libdob_interfaces__rosidl_generator_c.so" to ""
[10.849s] -- Up-to-date: /home/akshaj/Desktop/ros-lab/ros-lab/install/dob_interfaces/include/dob_interfaces/dob_interfaces
[10.850s] -- Up-to-date: /home/akshaj/Desktop/ros-lab/ros-lab/install/dob_interfaces/include/dob_interfaces/dob_interfaces/msg
[10.850s] -- Up-to-date: /home/akshaj/Desktop/ros-lab/ros-lab/install/dob_interfaces/include/dob_interfaces/dob_interfaces/msg/detail
[10.850s] -- Installing: /home/akshaj/Desktop/ros-lab/ros-lab/install/dob_interfaces/include/dob_interfaces/dob_interfaces/msg/detail/dob__rosidl_typesupport_fastrtps_c.h
[10.850s] -- Installing: /home/akshaj/Desktop/ros-lab/ros-lab/install/dob_interfaces/include/dob_interfaces/dob_interfaces/msg/rosidl_typesupport_fastrtps_c__visibility_control.h
[10.850s] -- Installing: /home/akshaj/Desktop/ros-lab/ros-lab/install/dob_interfaces/lib/libdob_interfaces__rosidl_typesupport_fastrtps_c.so
[10.850s] -- Set runtime path of "/home/akshaj/Desktop/ros-lab/ros-lab/install/dob_interfaces/lib/libdob_interfaces__rosidl_typesupport_fastrtps_c.so" to ""
[10.850s] -- Up-to-date: /home/akshaj/Desktop/ros-lab/ros-lab/install/dob_interfaces/include/dob_interfaces/dob_interfaces
[10.851s] -- Up-to-date: /home/akshaj/Desktop/ros-lab/ros-lab/install/dob_interfaces/include/dob_interfaces/dob_interfaces/msg
[10.851s] -- Installing: /home/akshaj/Desktop/ros-lab/ros-lab/install/dob_interfaces/include/dob_interfaces/dob_interfaces/msg/rosidl_typesupport_introspection_c__visibility_control.h
[10.851s] -- Up-to-date: /home/akshaj/Desktop/ros-lab/ros-lab/install/dob_interfaces/include/dob_interfaces/dob_interfaces/msg/detail
[10.851s] -- Installing: /home/akshaj/Desktop/ros-lab/ros-lab/install/dob_interfaces/include/dob_interfaces/dob_interfaces/msg/detail/dob__type_support.c
[10.851s] -- Installing: /home/akshaj/Desktop/ros-lab/ros-lab/install/dob_interfaces/include/dob_interfaces/dob_interfaces/msg/detail/dob__rosidl_typesupport_introspection_c.h
[10.851s] -- Installing: /home/akshaj/Desktop/ros-lab/ros-lab/install/dob_interfaces/lib/libdob_interfaces__rosidl_typesupport_introspection_c.so
[10.851s] -- Set runtime path of "/home/akshaj/Desktop/ros-lab/ros-lab/install/dob_interfaces/lib/libdob_interfaces__rosidl_typesupport_introspection_c.so" to ""
[10.851s] -- Installing: /home/akshaj/Desktop/ros-lab/ros-lab/install/dob_interfaces/lib/libdob_interfaces__rosidl_typesupport_c.so
[10.852s] -- Set runtime path of "/home/akshaj/Desktop/ros-lab/ros-lab/install/dob_interfaces/lib/libdob_interfaces__rosidl_typesupport_c.so" to ""
[10.852s] -- Up-to-date: /home/akshaj/Desktop/ros-lab/ros-lab/install/dob_interfaces/include/dob_interfaces/dob_interfaces
[10.852s] -- Up-to-date: /home/akshaj/Desktop/ros-lab/ros-lab/install/dob_interfaces/include/dob_interfaces/dob_interfaces/msg
[10.852s] -- Up-to-date: /home/akshaj/Desktop/ros-lab/ros-lab/install/dob_interfaces/include/dob_interfaces/dob_interfaces/msg/detail
[10.852s] -- Installing: /home/akshaj/Desktop/ros-lab/ros-lab/install/dob_interfaces/include/dob_interfaces/dob_interfaces/msg/detail/dob__builder.hpp
[10.853s] -- Installing: /home/akshaj/Desktop/ros-lab/ros-lab/install/dob_interfaces/include/dob_interfaces/dob_interfaces/msg/detail/dob__traits.hpp
[10.853s] -- Installing: /home/akshaj/Desktop/ros-lab/ros-lab/install/dob_interfaces/include/dob_interfaces/dob_interfaces/msg/detail/dob__type_support.hpp
[10.853s] -- Installing: /home/akshaj/Desktop/ros-lab/ros-lab/install/dob_interfaces/include/dob_interfaces/dob_interfaces/msg/detail/dob__struct.hpp
[10.853s] -- Installing: /home/akshaj/Desktop/ros-lab/ros-lab/install/dob_interfaces/include/dob_interfaces/dob_interfaces/msg/dob.hpp
[10.853s] -- Installing: /home/akshaj/Desktop/ros-lab/ros-lab/install/dob_interfaces/include/dob_interfaces/dob_interfaces/msg/rosidl_generator_cpp__visibility_control.hpp
[10.853s] -- Up-to-date: /home/akshaj/Desktop/ros-lab/ros-lab/install/dob_interfaces/include/dob_interfaces/dob_interfaces
[10.854s] -- Up-to-date: /home/akshaj/Desktop/ros-lab/ros-lab/install/dob_interfaces/include/dob_interfaces/dob_interfaces/msg
[10.854s] -- Installing: /home/akshaj/Desktop/ros-lab/ros-lab/install/dob_interfaces/include/dob_interfaces/dob_interfaces/msg/rosidl_typesupport_fastrtps_cpp__visibility_control.h
[10.854s] -- Up-to-date: /home/akshaj/Desktop/ros-lab/ros-lab/install/dob_interfaces/include/dob_interfaces/dob_interfaces/msg/detail
[10.854s] -- Installing: /home/akshaj/Desktop/ros-lab/ros-lab/install/dob_interfaces/include/dob_interfaces/dob_interfaces/msg/detail/dds_fastrtps
[10.854s] -- Installing: /home/akshaj/Desktop/ros-lab/ros-lab/install/dob_interfaces/include/dob_interfaces/dob_interfaces/msg/detail/dob__rosidl_typesupport_fastrtps_cpp.hpp
[10.854s] -- Installing: /home/akshaj/Desktop/ros-lab/ros-lab/install/dob_interfaces/lib/libdob_interfaces__rosidl_typesupport_fastrtps_cpp.so
[10.854s] -- Set runtime path of "/home/akshaj/Desktop/ros-lab/ros-lab/install/dob_interfaces/lib/libdob_interfaces__rosidl_typesupport_fastrtps_cpp.so" to ""
[10.854s] -- Up-to-date: /home/akshaj/Desktop/ros-lab/ros-lab/install/dob_interfaces/include/dob_interfaces/dob_interfaces
[10.855s] -- Up-to-date: /home/akshaj/Desktop/ros-lab/ros-lab/install/dob_interfaces/include/dob_interfaces/dob_interfaces/msg
[10.855s] -- Up-to-date: /home/akshaj/Desktop/ros-lab/ros-lab/install/dob_interfaces/include/dob_interfaces/dob_interfaces/msg/detail
[10.855s] -- Installing: /home/akshaj/Desktop/ros-lab/ros-lab/install/dob_interfaces/include/dob_interfaces/dob_interfaces/msg/detail/dob__rosidl_typesupport_introspection_cpp.hpp
[10.855s] -- Installing: /home/akshaj/Desktop/ros-lab/ros-lab/install/dob_interfaces/include/dob_interfaces/dob_interfaces/msg/detail/dob__type_support.cpp
[10.855s] -- Installing: /home/akshaj/Desktop/ros-lab/ros-lab/install/dob_interfaces/lib/libdob_interfaces__rosidl_typesupport_introspection_cpp.so
[10.855s] -- Set runtime path of "/home/akshaj/Desktop/ros-lab/ros-lab/install/dob_interfaces/lib/libdob_interfaces__rosidl_typesupport_introspection_cpp.so" to ""
[10.855s] -- Installing: /home/akshaj/Desktop/ros-lab/ros-lab/install/dob_interfaces/lib/libdob_interfaces__rosidl_typesupport_cpp.so
[10.855s] -- Set runtime path of "/home/akshaj/Desktop/ros-lab/ros-lab/install/dob_interfaces/lib/libdob_interfaces__rosidl_typesupport_cpp.so" to ""
[10.855s] -- Installing: /home/akshaj/Desktop/ros-lab/ros-lab/install/dob_interfaces/share/dob_interfaces/environment/pythonpath.sh
[10.856s] -- Installing: /home/akshaj/Desktop/ros-lab/ros-lab/install/dob_interfaces/share/dob_interfaces/environment/pythonpath.dsv
[10.856s] -- Installing: /home/akshaj/Desktop/ros-lab/ros-lab/install/dob_interfaces/local/lib/python3.10/dist-packages/dob_interfaces-0.0.0-py3.10.egg-info
[10.856s] -- Installing: /home/akshaj/Desktop/ros-lab/ros-lab/install/dob_interfaces/local/lib/python3.10/dist-packages/dob_interfaces-0.0.0-py3.10.egg-info/SOURCES.txt
[10.856s] -- Installing: /home/akshaj/Desktop/ros-lab/ros-lab/install/dob_interfaces/local/lib/python3.10/dist-packages/dob_interfaces-0.0.0-py3.10.egg-info/top_level.txt
[10.856s] -- Installing: /home/akshaj/Desktop/ros-lab/ros-lab/install/dob_interfaces/local/lib/python3.10/dist-packages/dob_interfaces-0.0.0-py3.10.egg-info/dependency_links.txt
[10.856s] -- Installing: /home/akshaj/Desktop/ros-lab/ros-lab/install/dob_interfaces/local/lib/python3.10/dist-packages/dob_interfaces-0.0.0-py3.10.egg-info/PKG-INFO
[10.857s] -- Installing: /home/akshaj/Desktop/ros-lab/ros-lab/install/dob_interfaces/local/lib/python3.10/dist-packages/dob_interfaces
[10.857s] -- Installing: /home/akshaj/Desktop/ros-lab/ros-lab/install/dob_interfaces/local/lib/python3.10/dist-packages/dob_interfaces/_dob_interfaces_s.ep.rosidl_typesupport_c.c
[10.857s] -- Installing: /home/akshaj/Desktop/ros-lab/ros-lab/install/dob_interfaces/local/lib/python3.10/dist-packages/dob_interfaces/msg
[10.857s] -- Installing: /home/akshaj/Desktop/ros-lab/ros-lab/install/dob_interfaces/local/lib/python3.10/dist-packages/dob_interfaces/msg/_dob_s.c
[10.857s] -- Installing: /home/akshaj/Desktop/ros-lab/ros-lab/install/dob_interfaces/local/lib/python3.10/dist-packages/dob_interfaces/msg/_dob.py
[10.857s] -- Installing: /home/akshaj/Desktop/ros-lab/ros-lab/install/dob_interfaces/local/lib/python3.10/dist-packages/dob_interfaces/msg/__init__.py
[10.857s] -- Installing: /home/akshaj/Desktop/ros-lab/ros-lab/install/dob_interfaces/local/lib/python3.10/dist-packages/dob_interfaces/dob_interfaces_s__rosidl_typesupport_c.cpython-310-x86_64-linux-gnu.so
[10.858s] -- Installing: /home/akshaj/Desktop/ros-lab/ros-lab/install/dob_interfaces/local/lib/python3.10/dist-packages/dob_interfaces/dob_interfaces_s__rosidl_typesupport_fastrtps_c.cpython-310-x86_64-linux-gnu.so
[10.858s] -- Installing: /home/akshaj/Desktop/ros-lab/ros-lab/install/dob_interfaces/local/lib/python3.10/dist-packages/dob_interfaces/_dob_interfaces_s.ep.rosidl_typesupport_introspection_c.c
[10.858s] -- Installing: /home/akshaj/Desktop/ros-lab/ros-lab/install/dob_interfaces/local/lib/python3.10/dist-packages/dob_interfaces/__init__.py
[10.858s] -- Installing: /home/akshaj/Desktop/ros-lab/ros-lab/install/dob_interfaces/local/lib/python3.10/dist-packages/dob_interfaces/dob_interfaces_s__rosidl_typesupport_introspection_c.cpython-310-x86_64-linux-gnu.so
[10.858s] -- Installing: /home/akshaj/Desktop/ros-lab/ros-lab/install/dob_interfaces/local/lib/python3.10/dist-packages/dob_interfaces/libdob_interfaces__rosidl_generator_py.so
[10.859s] -- Installing: /home/akshaj/Desktop/ros-lab/ros-lab/install/dob_interfaces/local/lib/python3.10/dist-packages/dob_interfaces/_dob_interfaces_s.ep.rosidl_typesupport_fastrtps_c.c
[10.907s] Listing '/home/akshaj/Desktop/ros-lab/ros-lab/install/dob_interfaces/local/lib/python3.10/dist-packages/dob_interfaces'...
[10.907s] Compiling '/home/akshaj/Desktop/ros-lab/ros-lab/install/dob_interfaces/local/lib/python3.10/dist-packages/dob_interfaces/__init__.py'...
[10.907s] Listing '/home/akshaj/Desktop/ros-lab/ros-lab/install/dob_interfaces/local/lib/python3.10/dist-packages/dob_interfaces/msg'...
[10.907s] Compiling '/home/akshaj/Desktop/ros-lab/ros-lab/install/dob_interfaces/local/lib/python3.10/dist-packages/dob_interfaces/msg/__init__.py'...
[10.907s] Compiling '/home/akshaj/Desktop/ros-lab/ros-lab/install/dob_interfaces/local/lib/python3.10/dist-packages/dob_interfaces/msg/_dob.py'...
[10.915s] -- Installing: /home/akshaj/Desktop/ros-lab/ros-lab/install/dob_interfaces/local/lib/python3.10/dist-packages/dob_interfaces/dob_interfaces_s__rosidl_typesupport_fastrtps_c.cpython-310-x86_64-linux-gnu.so
[10.916s] -- Set runtime path of "/home/akshaj/Desktop/ros-lab/ros-lab/install/dob_interfaces/local/lib/python3.10/dist-packages/dob_interfaces/dob_interfaces_s__rosidl_typesupport_fastrtps_c.cpython-310-x86_64-linux-gnu.so" to ""
[10.916s] -- Installing: /home/akshaj/Desktop/ros-lab/ros-lab/install/dob_interfaces/local/lib/python3.10/dist-packages/dob_interfaces/dob_interfaces_s__rosidl_typesupport_introspection_c.cpython-310-x86_64-linux-gnu.so
[10.917s] -- Set runtime path of "/home/akshaj/Desktop/ros-lab/ros-lab/install/dob_interfaces/local/lib/python3.10/dist-packages/dob_interfaces/dob_interfaces_s__rosidl_typesupport_introspection_c.cpython-310-x86_64-linux-gnu.so" to ""
[10.917s] -- Installing: /home/akshaj/Desktop/ros-lab/ros-lab/install/dob_interfaces/local/lib/python3.10/dist-packages/dob_interfaces/dob_interfaces_s__rosidl_typesupport_c.cpython-310-x86_64-linux-gnu.so
[10.917s] -- Set runtime path of "/home/akshaj/Desktop/ros-lab/ros-lab/install/dob_interfaces/local/lib/python3.10/dist-packages/dob_interfaces/dob_interfaces_s__rosidl_typesupport_c.cpython-310-x86_64-linux-gnu.so" to ""
[10.918s] -- Installing: /home/akshaj/Desktop/ros-lab/ros-lab/install/dob_interfaces/lib/libdob_interfaces__rosidl_generator_py.so
[10.918s] -- Set runtime path of "/home/akshaj/Desktop/ros-lab/ros-lab/install/dob_interfaces/lib/libdob_interfaces__rosidl_generator_py.so" to ""
[10.918s] -- Installing: /home/akshaj/Desktop/ros-lab/ros-lab/install/dob_interfaces/share/dob_interfaces/msg/Dob.idl
[10.918s] -- Installing: /home/akshaj/Desktop/ros-lab/ros-lab/install/dob_interfaces/share/dob_interfaces/msg/Dob.msg
[10.919s] -- Installing: /home/akshaj/Desktop/ros-lab/ros-lab/install/dob_interfaces/share/ament_index/resource_index/package_run_dependencies/dob_interfaces
[10.919s] -- Installing: /home/akshaj/Desktop/ros-lab/ros-lab/install/dob_interfaces/share/ament_index/resource_index/parent_prefix_path/dob_interfaces
[10.919s] -- Installing: /home/akshaj/Desktop/ros-lab/ros-lab/install/dob_interfaces/share/dob_interfaces/environment/ament_prefix_path.sh
[10.919s] -- Installing: /home/akshaj/Desktop/ros-lab/ros-lab/install/dob_interfaces/share/dob_interfaces/environment/ament_prefix_path.dsv
[10.919s] -- Installing: /home/akshaj/Desktop/ros-lab/ros-lab/install/dob_interfaces/share/dob_interfaces/environment/path.sh
[10.920s] -- Installing: /home/akshaj/Desktop/ros-lab/ros-lab/install/dob_interfaces/share/dob_interfaces/environment/path.dsv
[10.920s] -- Installing: /home/akshaj/Desktop/ros-lab/ros-lab/install/dob_interfaces/share/dob_interfaces/local_setup.bash
[10.920s] -- Installing: /home/akshaj/Desktop/ros-lab/ros-lab/install/dob_interfaces/share/dob_interfaces/local_setup.sh
[10.920s] -- Installing: /home/akshaj/Desktop/ros-lab/ros-lab/install/dob_interfaces/share/dob_interfaces/local_setup.zsh
[10.921s] -- Installing: /home/akshaj/Desktop/ros-lab/ros-lab/install/dob_interfaces/share/dob_interfaces/local_setup.dsv
[10.921s] -- Installing: /home/akshaj/Desktop/ros-lab/ros-lab/install/dob_interfaces/share/dob_interfaces/package.dsv
[10.921s] -- Installing: /home/akshaj/Desktop/ros-lab/ros-lab/install/dob_interfaces/share/ament_index/resource_index/packages/dob_interfaces
[10.921s] -- Installing: /home/akshaj/Desktop/ros-lab/ros-lab/install/dob_interfaces/share/dob_interfaces/cmake/export_dob_interfaces__rosidl_generator_cExport.cmake
[10.921s] -- Installing: /home/akshaj/Desktop/ros-lab/ros-lab/install/dob_interfaces/share/dob_interfaces/cmake/export_dob_interfaces__rosidl_generator_cExport-noconfig.cmake
[10.922s] -- Installing: /home/akshaj/Desktop/ros-lab/ros-lab/install/dob_interfaces/share/dob_interfaces/cmake/export_dob_interfaces__rosidl_typesupport_fastrtps_cExport.cmake
[10.922s] -- Installing: /home/akshaj/Desktop/ros-lab/ros-lab/install/dob_interfaces/share/dob_interfaces/cmake/export_dob_interfaces__rosidl_typesupport_fastrtps_cExport-noconfig.cmake
[10.922s] -- Installing: /home/akshaj/Desktop/ros-lab/ros-lab/install/dob_interfaces/share/dob_interfaces/cmake/dob_interfaces__rosidl_typesupport_introspection_cExport.cmake
[10.922s] -- Installing: /home/akshaj/Desktop/ros-lab/ros-lab/install/dob_interfaces/share/dob_interfaces/cmake/dob_interfaces__rosidl_typesupport_introspection_cExport-noconfig.cmake
[10.923s] -- Installing: /home/akshaj/Desktop/ros-lab/ros-lab/install/dob_interfaces/share/dob_interfaces/cmake/dob_interfaces__rosidl_typesupport_cExport.cmake
[10.923s] -- Installing: /home/akshaj/Desktop/ros-lab/ros-lab/install/dob_interfaces/share/dob_interfaces/cmake/dob_interfaces__rosidl_typesupport_cExport-noconfig.cmake
[10.923s] -- Installing: /home/akshaj/Desktop/ros-lab/ros-lab/install/dob_interfaces/share/dob_interfaces/cmake/export_dob_interfaces__rosidl_generator_cppExport.cmake
[10.924s] -- Installing: /home/akshaj/Desktop/ros-lab/ros-lab/install/dob_interfaces/share/dob_interfaces/cmake/export_dob_interfaces__rosidl_typesupport_fastrtps_cppExport.cmake
[10.924s] -- Installing: /home/akshaj/Desktop/ros-lab/ros-lab/install/dob_interfaces/share/dob_interfaces/cmake/export_dob_interfaces__rosidl_typesupport_fastrtps_cppExport-noconfig.cmake
[10.924s] -- Installing: /home/akshaj/Desktop/ros-lab/ros-lab/install/dob_interfaces/share/dob_interfaces/cmake/dob_interfaces__rosidl_typesupport_introspection_cppExport.cmake
[10.926s] -- Installing: /home/akshaj/Desktop/ros-lab/ros-lab/install/dob_interfaces/share/dob_interfaces/cmake/dob_interfaces__rosidl_typesupport_introspection_cppExport-noconfig.cmake
[10.926s] -- Installing: /home/akshaj/Desktop/ros-lab/ros-lab/install/dob_interfaces/share/dob_interfaces/cmake/dob_interfaces__rosidl_typesupport_cppExport.cmake
[10.926s] -- Installing: /home/akshaj/Desktop/ros-lab/ros-lab/install/dob_interfaces/share/dob_interfaces/cmake/dob_interfaces__rosidl_typesupport_cppExport-noconfig.cmake
[10.926s] -- Installing: /home/akshaj/Desktop/ros-lab/ros-lab/install/dob_interfaces/share/dob_interfaces/cmake/export_dob_interfaces__rosidl_generator_pyExport.cmake
[10.926s] -- Installing: /home/akshaj/Desktop/ros-lab/ros-lab/install/dob_interfaces/share/dob_interfaces/cmake/export_dob_interfaces__rosidl_generator_pyExport-noconfig.cmake
[10.926s] -- Installing: /home/akshaj/Desktop/ros-lab/ros-lab/install/dob_interfaces/share/dob_interfaces/cmake/rosidl_cmake-extras.cmake
[10.926s] -- Installing: /home/akshaj/Desktop/ros-lab/ros-lab/install/dob_interfaces/share/dob_interfaces/cmake/ament_cmake_export_include_directories-extras.cmake
[10.927s] -- Installing: /home/akshaj/Desktop/ros-lab/ros-lab/install/dob_interfaces/share/dob_interfaces/cmake/ament_cmake_export_libraries-extras.cmake
[10.927s] -- Installing: /home/akshaj/Desktop/ros-lab/ros-lab/install/dob_interfaces/share/dob_interfaces/cmake/ament_cmake_export_targets-extras.cmake
[10.927s] -- Installing: /home/akshaj/Desktop/ros-lab/ros-lab/install/dob_interfaces/share/dob_interfaces/cmake/rosidl_cmake_export_typesupport_targets-extras.cmake
[10.927s] -- Installing: /home/akshaj/Desktop/ros-lab/ros-lab/install/dob_interfaces/share/dob_interfaces/cmake/ament_cmake_export_dependencies-extras.cmake
[10.927s] -- Installing: /home/akshaj/Desktop/ros-lab/ros-lab/install/dob_interfaces/share/dob_interfaces/cmake/rosidl_cmake_export_typesupport_libraries-extras.cmake
[10.927s] -- Installing: /home/akshaj/Desktop/ros-lab/ros-lab/install/dob_interfaces/share/dob_interfaces/cmake/dob_interfacesConfig.cmake
[10.927s] -- Installing: /home/akshaj/Desktop/ros-lab/ros-lab/install/dob_interfaces/share/dob_interfaces/cmake/dob_interfacesConfig-version.cmake
[10.927s] -- Installing: /home/akshaj/Desktop/ros-lab/ros-lab/install/dob_interfaces/share/dob_interfaces/package.xml
[10.931s] Invoked command in '/home/akshaj/Desktop/ros-lab/ros-lab/build/dob_interfaces' returned '0': CMAKE_PREFIX_PATH=/opt/ros/humble /usr/bin/cmake --install /home/akshaj/Desktop/ros-lab/ros-lab/build/dob_interfaces
